# zsim stats
===
root: # Stats
 contention: # Contention simulation stats
  domain-0: # Domain stats
   time: 606650432 # Weave simulation time
 time: # Simulator time breakdown
  init: 208562839281
  bound: 36645008078
  weave: 9103664336
  ff: 0
 trigger: 20000 # Reason for this stats dump
 phase: 10708 # Simulated phases
 westmere: # Core stats
  westmere-0: # Core stats
   cycles: 107080129 # Simulated unhalted cycles
   cCycles: 7738379 # Cycles due to contention stalls
   instrs: 100010695 # Simulated instructions
   uops: 113810993 # Retired micro-ops
   bbls: 14846757 # Basic blocks
   approxInstrs: 596117 # Instrs with approx uop decoding
   mispredBranches: 789667 # Mispredicted branches
   condBranches: 12875776 # conditional branches
 l1i: # Cache stats
  l1i-0: # Filter cache stats
   fhGETS: 19608713 # Filtered GETS hits
   fhGETX: 0 # Filtered GETX hits
   hGETS: 198 # GETS hits
   hGETX: 0 # GETX hits
   mGETS: 162 # GETS misses
   mGETXIM: 0 # GETX I->M misses
   mGETXSM: 0 # GETX S->M misses (upgrade misses)
   PUTS: 0 # Clean evictions (from lower level)
   PUTX: 0 # Dirty evictions (from lower level)
   INV: 0 # Invalidates (from upper level)
   INVX: 0 # Downgrades (from upper level)
   FWD: 0 # Forwards (from upper level)
   latGETnl: 20088 # GET request latency on next level
   latGETnet: 0 # GET request latency on network to next level
 l1d: # Cache stats
  l1d-0: # Filter cache stats
   fhGETS: 25384227 # Filtered GETS hits
   fhGETX: 11423037 # Filtered GETX hits
   hGETS: 977355 # GETS hits
   hGETX: 1642432 # GETX hits
   mGETS: 1935366 # GETS misses
   mGETXIM: 1092926 # GETX I->M misses
   mGETXSM: 0 # GETX S->M misses (upgrade misses)
   PUTS: 0 # Clean evictions (from lower level)
   PUTX: 0 # Dirty evictions (from lower level)
   INV: 0 # Invalidates (from upper level)
   INVX: 0 # Downgrades (from upper level)
   FWD: 0 # Forwards (from upper level)
   latGETnl: 102158246 # GET request latency on next level
   latGETnet: 0 # GET request latency on network to next level
 l2: # Cache stats
  l2-0: # Cache stats
   hGETS: 940326 # GETS hits
   hGETX: 118812 # GETX hits
   mGETS: 995202 # GETS misses
   mGETXIM: 974114 # GETX I->M misses
   mGETXSM: 0 # GETX S->M misses (upgrade misses)
   PUTS: 943007 # Clean evictions (from lower level)
   PUTX: 2084773 # Dirty evictions (from lower level)
   INV: 0 # Invalidates (from upper level)
   INVX: 0 # Downgrades (from upper level)
   FWD: 0 # Forwards (from upper level)
   latGETnl: 71893794 # GET request latency on next level
   latGETnet: 0 # GET request latency on network to next level
 l3: # Cache stats
  l3-0: # Cache stats
   hGETS: 915693 # GETS hits
   hGETX: 779954 # GETX hits
   mGETS: 79509 # GETS misses
   mGETXIM: 194160 # GETX I->M misses
   mGETXSM: 0 # GETX S->M misses (upgrade misses)
   PUTS: 580346 # Clean evictions (from lower level)
   PUTX: 1384874 # Dirty evictions (from lower level)
   INV: 0 # Invalidates (from upper level)
   INVX: 0 # Downgrades (from upper level)
   FWD: 0 # Forwards (from upper level)
   latGETnl: 24630210 # GET request latency on next level
   latGETnet: 0 # GET request latency on network to next level
 mem: # Memory controller stats
  mem-0: # Memory controller stats
   rd: 68306 # Read requests
   wr: 50879 # Write requests
   rdlat: 9226778 # Total latency experienced by read requests
   wrlat: 7264800 # Total latency experienced by write requests
   rdhits: 455 # Read row hits
   wrhits: 349 # Write row hits
   mlh: # latency histogram for memory requests
    0: 0
    1: 0
    2: 0
    3: 0
    4: 0
    5: 0
    6: 0
    7: 0
    8: 0
    9: 0
    10: 0
    11: 111
    12: 101
    13: 63769
    14: 1279
    15: 917
    16: 490
    17: 155
    18: 149
    19: 164
    20: 168
    21: 141
    22: 54
    23: 86
    24: 61
    25: 46
    26: 25
    27: 34
    28: 28
    29: 36
    30: 30
    31: 30
    32: 24
    33: 40
    34: 32
    35: 36
    36: 35
    37: 37
    38: 32
    39: 38
    40: 40
    41: 42
    42: 41
    43: 15
    44: 9
    45: 2
    46: 4
    47: 2
    48: 1
    49: 2
    50: 0
    51: 0
    52: 0
    53: 0
    54: 0
    55: 0
    56: 0
    57: 0
    58: 0
    59: 0
    60: 0
    61: 0
    62: 0
    63: 0
    64: 0
    65: 0
    66: 0
    67: 0
    68: 0
    69: 0
    70: 0
    71: 0
    72: 0
    73: 0
    74: 0
    75: 0
    76: 0
    77: 0
    78: 0
    79: 0
    80: 0
    81: 0
    82: 0
    83: 0
    84: 0
    85: 0
    86: 0
    87: 0
    88: 0
    89: 0
    90: 0
    91: 0
    92: 0
    93: 0
    94: 0
    95: 0
    96: 0
    97: 0
    98: 0
    99: 0
  mem-1: # Memory controller stats
   rd: 68321 # Read requests
   wr: 50903 # Write requests
   rdlat: 9244768 # Total latency experienced by read requests
   wrlat: 7279419 # Total latency experienced by write requests
   rdhits: 475 # Read row hits
   wrhits: 394 # Write row hits
   mlh: # latency histogram for memory requests
    0: 0
    1: 0
    2: 0
    3: 0
    4: 0
    5: 0
    6: 0
    7: 0
    8: 0
    9: 0
    10: 0
    11: 99
    12: 113
    13: 63626
    14: 1298
    15: 958
    16: 554
    17: 166
    18: 137
    19: 143
    20: 206
    21: 121
    22: 53
    23: 81
    24: 73
    25: 38
    26: 27
    27: 32
    28: 26
    29: 35
    30: 38
    31: 31
    32: 32
    33: 51
    34: 43
    35: 35
    36: 34
    37: 43
    38: 45
    39: 34
    40: 38
    41: 40
    42: 40
    43: 16
    44: 1
    45: 6
    46: 4
    47: 1
    48: 2
    49: 1
    50: 0
    51: 0
    52: 0
    53: 0
    54: 0
    55: 0
    56: 0
    57: 0
    58: 0
    59: 0
    60: 0
    61: 0
    62: 0
    63: 0
    64: 0
    65: 0
    66: 0
    67: 0
    68: 0
    69: 0
    70: 0
    71: 0
    72: 0
    73: 0
    74: 0
    75: 0
    76: 0
    77: 0
    78: 0
    79: 0
    80: 0
    81: 0
    82: 0
    83: 0
    84: 0
    85: 0
    86: 0
    87: 0
    88: 0
    89: 0
    90: 0
    91: 0
    92: 0
    93: 0
    94: 0
    95: 0
    96: 0
    97: 0
    98: 0
    99: 0
  mem-2: # Memory controller stats
   rd: 68466 # Read requests
   wr: 50892 # Write requests
   rdlat: 9258486 # Total latency experienced by read requests
   wrlat: 7289202 # Total latency experienced by write requests
   rdhits: 519 # Read row hits
   wrhits: 390 # Write row hits
   mlh: # latency histogram for memory requests
    0: 0
    1: 0
    2: 0
    3: 0
    4: 0
    5: 0
    6: 0
    7: 0
    8: 0
    9: 0
    10: 0
    11: 125
    12: 119
    13: 63759
    14: 1306
    15: 908
    16: 518
    17: 175
    18: 169
    19: 144
    20: 170
    21: 160
    22: 74
    23: 73
    24: 67
    25: 55
    26: 34
    27: 27
    28: 38
    29: 29
    30: 34
    31: 41
    32: 27
    33: 43
    34: 46
    35: 29
    36: 45
    37: 42
    38: 32
    39: 26
    40: 46
    41: 34
    42: 37
    43: 10
    44: 6
    45: 5
    46: 2
    47: 2
    48: 3
    49: 1
    50: 2
    51: 1
    52: 0
    53: 1
    54: 0
    55: 1
    56: 0
    57: 0
    58: 0
    59: 0
    60: 0
    61: 0
    62: 0
    63: 0
    64: 0
    65: 0
    66: 0
    67: 0
    68: 0
    69: 0
    70: 0
    71: 0
    72: 0
    73: 0
    74: 0
    75: 0
    76: 0
    77: 0
    78: 0
    79: 0
    80: 0
    81: 0
    82: 0
    83: 0
    84: 0
    85: 0
    86: 0
    87: 0
    88: 0
    89: 0
    90: 0
    91: 0
    92: 0
    93: 0
    94: 0
    95: 0
    96: 0
    97: 0
    98: 0
    99: 0
  mem-3: # Memory controller stats
   rd: 68576 # Read requests
   wr: 50913 # Write requests
   rdlat: 9286102 # Total latency experienced by read requests
   wrlat: 7292372 # Total latency experienced by write requests
   rdhits: 472 # Read row hits
   wrhits: 409 # Write row hits
   mlh: # latency histogram for memory requests
    0: 0
    1: 0
    2: 0
    3: 0
    4: 0
    5: 0
    6: 0
    7: 0
    8: 0
    9: 0
    10: 0
    11: 111
    12: 98
    13: 63828
    14: 1291
    15: 979
    16: 511
    17: 193
    18: 154
    19: 143
    20: 188
    21: 159
    22: 48
    23: 74
    24: 76
    25: 45
    26: 36
    27: 23
    28: 28
    29: 49
    30: 38
    31: 30
    32: 40
    33: 45
    34: 38
    35: 49
    36: 37
    37: 44
    38: 39
    39: 35
    40: 37
    41: 34
    42: 41
    43: 14
    44: 5
    45: 6
    46: 1
    47: 5
    48: 1
    49: 1
    50: 0
    51: 1
    52: 0
    53: 0
    54: 0
    55: 0
    56: 0
    57: 0
    58: 1
    59: 0
    60: 0
    61: 0
    62: 0
    63: 0
    64: 0
    65: 0
    66: 0
    67: 0
    68: 0
    69: 0
    70: 0
    71: 0
    72: 0
    73: 0
    74: 0
    75: 0
    76: 0
    77: 0
    78: 0
    79: 0
    80: 0
    81: 0
    82: 0
    83: 0
    84: 0
    85: 0
    86: 0
    87: 0
    88: 0
    89: 0
    90: 0
    91: 0
    92: 0
    93: 0
    94: 0
    95: 0
    96: 0
    97: 0
    98: 0
    99: 0
 sched: # Scheduler stats
  thCr: 1 # Threads created
  thFn: 1 # Threads finished
  schedEvs: 1 # Schedule events
  waitEvs: 0 # Wait events
  handoffEvs: 0 # Handoff events
  sleepEvs: 0 # Sleep events
  idlePhases: 0 # Phases with no thread active
  idlePeriods: 0 # Periods with no thread active
  occHist: # Occupancy histogram
   0: 0
   1: 10708
  rqSzHist: # Run queue size histogram
   0: 10708
   1: 0
   2: 0
   3: 0
   4: 0
   5: 0
   6: 0
   7: 0
   8: 0
   9: 0
   10: 0
   11: 0
   12: 0
   13: 0
   14: 0
   15: 0
   16: 0
 procCycles: # Per-process unhalted core cycles
  0: 107080129
  1: 0
  2: 0
  3: 0
  4: 0
  5: 0
  6: 0
  7: 0
  8: 0
  9: 0
  10: 0
  11: 0
  12: 0
  13: 0
  14: 0
  15: 0
  16: 0
  17: 0
  18: 0
  19: 0
  20: 0
  21: 0
  22: 0
  23: 0
  24: 0
  25: 0
  26: 0
  27: 0
  28: 0
  29: 0
  30: 0
  31: 0
  32: 0
  33: 0
  34: 0
  35: 0
  36: 0
  37: 0
  38: 0
  39: 0
  40: 0
  41: 0
  42: 0
  43: 0
  44: 0
  45: 0
  46: 0
  47: 0
  48: 0
  49: 0
  50: 0
  51: 0
  52: 0
  53: 0
  54: 0
  55: 0
  56: 0
  57: 0
  58: 0
  59: 0
  60: 0
  61: 0
  62: 0
  63: 0
 procInstrs: # Per-process instructions
  0: 100010695
  1: 0
  2: 0
  3: 0
  4: 0
  5: 0
  6: 0
  7: 0
  8: 0
  9: 0
  10: 0
  11: 0
  12: 0
  13: 0
  14: 0
  15: 0
  16: 0
  17: 0
  18: 0
  19: 0
  20: 0
  21: 0
  22: 0
  23: 0
  24: 0
  25: 0
  26: 0
  27: 0
  28: 0
  29: 0
  30: 0
  31: 0
  32: 0
  33: 0
  34: 0
  35: 0
  36: 0
  37: 0
  38: 0
  39: 0
  40: 0
  41: 0
  42: 0
  43: 0
  44: 0
  45: 0
  46: 0
  47: 0
  48: 0
  49: 0
  50: 0
  51: 0
  52: 0
  53: 0
  54: 0
  55: 0
  56: 0
  57: 0
  58: 0
  59: 0
  60: 0
  61: 0
  62: 0
  63: 0
 heartbeats: # Per-process heartbeats
  0: 0
  1: 0
  2: 0
  3: 0
  4: 0
  5: 0
  6: 0
  7: 0
  8: 0
  9: 0
  10: 0
  11: 0
  12: 0
  13: 0
  14: 0
  15: 0
  16: 0
  17: 0
  18: 0
  19: 0
  20: 0
  21: 0
  22: 0
  23: 0
  24: 0
  25: 0
  26: 0
  27: 0
  28: 0
  29: 0
  30: 0
  31: 0
  32: 0
  33: 0
  34: 0
  35: 0
  36: 0
  37: 0
  38: 0
  39: 0
  40: 0
  41: 0
  42: 0
  43: 0
  44: 0
  45: 0
  46: 0
  47: 0
  48: 0
  49: 0
  50: 0
  51: 0
  52: 0
  53: 0
  54: 0
  55: 0
  56: 0
  57: 0
  58: 0
  59: 0
  60: 0
  61: 0
  62: 0
  63: 0
===
root: # Stats
 contention: # Contention simulation stats
  domain-0: # Domain stats
   time: 607795045 # Weave simulation time
 time: # Simulator time breakdown
  init: 230613385312
  bound: 43610595585
  weave: 26314553725
  ff: 0
 trigger: 20000 # Reason for this stats dump
 phase: 10708 # Simulated phases
 westmere: # Core stats
  westmere-0: # Core stats
   cycles: 107080129 # Simulated unhalted cycles
   cCycles: 7738379 # Cycles due to contention stalls
   instrs: 100010695 # Simulated instructions
   uops: 113810993 # Retired micro-ops
   bbls: 14846757 # Basic blocks
   approxInstrs: 596117 # Instrs with approx uop decoding
   mispredBranches: 789667 # Mispredicted branches
   condBranches: 12875776 # conditional branches
 l1i: # Cache stats
  l1i-0: # Filter cache stats
   fhGETS: 19608713 # Filtered GETS hits
   fhGETX: 0 # Filtered GETX hits
   hGETS: 198 # GETS hits
   hGETX: 0 # GETX hits
   mGETS: 162 # GETS misses
   mGETXIM: 0 # GETX I->M misses
   mGETXSM: 0 # GETX S->M misses (upgrade misses)
   PUTS: 0 # Clean evictions (from lower level)
   PUTX: 0 # Dirty evictions (from lower level)
   INV: 0 # Invalidates (from upper level)
   INVX: 0 # Downgrades (from upper level)
   FWD: 0 # Forwards (from upper level)
   latGETnl: 20088 # GET request latency on next level
   latGETnet: 0 # GET request latency on network to next level
 l1d: # Cache stats
  l1d-0: # Filter cache stats
   fhGETS: 25384227 # Filtered GETS hits
   fhGETX: 11423037 # Filtered GETX hits
   hGETS: 977355 # GETS hits
   hGETX: 1642432 # GETX hits
   mGETS: 1935366 # GETS misses
   mGETXIM: 1092926 # GETX I->M misses
   mGETXSM: 0 # GETX S->M misses (upgrade misses)
   PUTS: 0 # Clean evictions (from lower level)
   PUTX: 0 # Dirty evictions (from lower level)
   INV: 0 # Invalidates (from upper level)
   INVX: 0 # Downgrades (from upper level)
   FWD: 0 # Forwards (from upper level)
   latGETnl: 102158246 # GET request latency on next level
   latGETnet: 0 # GET request latency on network to next level
 l2: # Cache stats
  l2-0: # Cache stats
   hGETS: 940326 # GETS hits
   hGETX: 118812 # GETX hits
   mGETS: 995202 # GETS misses
   mGETXIM: 974114 # GETX I->M misses
   mGETXSM: 0 # GETX S->M misses (upgrade misses)
   PUTS: 943007 # Clean evictions (from lower level)
   PUTX: 2084773 # Dirty evictions (from lower level)
   INV: 0 # Invalidates (from upper level)
   INVX: 0 # Downgrades (from upper level)
   FWD: 0 # Forwards (from upper level)
   latGETnl: 71893794 # GET request latency on next level
   latGETnet: 0 # GET request latency on network to next level
 l3: # Cache stats
  l3-0: # Cache stats
   hGETS: 915693 # GETS hits
   hGETX: 779954 # GETX hits
   mGETS: 79509 # GETS misses
   mGETXIM: 194160 # GETX I->M misses
   mGETXSM: 0 # GETX S->M misses (upgrade misses)
   PUTS: 580346 # Clean evictions (from lower level)
   PUTX: 1384874 # Dirty evictions (from lower level)
   INV: 0 # Invalidates (from upper level)
   INVX: 0 # Downgrades (from upper level)
   FWD: 0 # Forwards (from upper level)
   latGETnl: 24630210 # GET request latency on next level
   latGETnet: 0 # GET request latency on network to next level
 mem: # Memory controller stats
  mem-0: # Memory controller stats
   rd: 68306 # Read requests
   wr: 50879 # Write requests
   rdlat: 9226778 # Total latency experienced by read requests
   wrlat: 7264800 # Total latency experienced by write requests
   rdhits: 455 # Read row hits
   wrhits: 349 # Write row hits
   mlh: # latency histogram for memory requests
    0: 0
    1: 0
    2: 0
    3: 0
    4: 0
    5: 0
    6: 0
    7: 0
    8: 0
    9: 0
    10: 0
    11: 111
    12: 101
    13: 63769
    14: 1279
    15: 917
    16: 490
    17: 155
    18: 149
    19: 164
    20: 168
    21: 141
    22: 54
    23: 86
    24: 61
    25: 46
    26: 25
    27: 34
    28: 28
    29: 36
    30: 30
    31: 30
    32: 24
    33: 40
    34: 32
    35: 36
    36: 35
    37: 37
    38: 32
    39: 38
    40: 40
    41: 42
    42: 41
    43: 15
    44: 9
    45: 2
    46: 4
    47: 2
    48: 1
    49: 2
    50: 0
    51: 0
    52: 0
    53: 0
    54: 0
    55: 0
    56: 0
    57: 0
    58: 0
    59: 0
    60: 0
    61: 0
    62: 0
    63: 0
    64: 0
    65: 0
    66: 0
    67: 0
    68: 0
    69: 0
    70: 0
    71: 0
    72: 0
    73: 0
    74: 0
    75: 0
    76: 0
    77: 0
    78: 0
    79: 0
    80: 0
    81: 0
    82: 0
    83: 0
    84: 0
    85: 0
    86: 0
    87: 0
    88: 0
    89: 0
    90: 0
    91: 0
    92: 0
    93: 0
    94: 0
    95: 0
    96: 0
    97: 0
    98: 0
    99: 0
  mem-1: # Memory controller stats
   rd: 68321 # Read requests
   wr: 50903 # Write requests
   rdlat: 9244768 # Total latency experienced by read requests
   wrlat: 7279419 # Total latency experienced by write requests
   rdhits: 475 # Read row hits
   wrhits: 394 # Write row hits
   mlh: # latency histogram for memory requests
    0: 0
    1: 0
    2: 0
    3: 0
    4: 0
    5: 0
    6: 0
    7: 0
    8: 0
    9: 0
    10: 0
    11: 99
    12: 113
    13: 63626
    14: 1298
    15: 958
    16: 554
    17: 166
    18: 137
    19: 143
    20: 206
    21: 121
    22: 53
    23: 81
    24: 73
    25: 38
    26: 27
    27: 32
    28: 26
    29: 35
    30: 38
    31: 31
    32: 32
    33: 51
    34: 43
    35: 35
    36: 34
    37: 43
    38: 45
    39: 34
    40: 38
    41: 40
    42: 40
    43: 16
    44: 1
    45: 6
    46: 4
    47: 1
    48: 2
    49: 1
    50: 0
    51: 0
    52: 0
    53: 0
    54: 0
    55: 0
    56: 0
    57: 0
    58: 0
    59: 0
    60: 0
    61: 0
    62: 0
    63: 0
    64: 0
    65: 0
    66: 0
    67: 0
    68: 0
    69: 0
    70: 0
    71: 0
    72: 0
    73: 0
    74: 0
    75: 0
    76: 0
    77: 0
    78: 0
    79: 0
    80: 0
    81: 0
    82: 0
    83: 0
    84: 0
    85: 0
    86: 0
    87: 0
    88: 0
    89: 0
    90: 0
    91: 0
    92: 0
    93: 0
    94: 0
    95: 0
    96: 0
    97: 0
    98: 0
    99: 0
  mem-2: # Memory controller stats
   rd: 68466 # Read requests
   wr: 50892 # Write requests
   rdlat: 9258486 # Total latency experienced by read requests
   wrlat: 7289202 # Total latency experienced by write requests
   rdhits: 519 # Read row hits
   wrhits: 390 # Write row hits
   mlh: # latency histogram for memory requests
    0: 0
    1: 0
    2: 0
    3: 0
    4: 0
    5: 0
    6: 0
    7: 0
    8: 0
    9: 0
    10: 0
    11: 125
    12: 119
    13: 63759
    14: 1306
    15: 908
    16: 518
    17: 175
    18: 169
    19: 144
    20: 170
    21: 160
    22: 74
    23: 73
    24: 67
    25: 55
    26: 34
    27: 27
    28: 38
    29: 29
    30: 34
    31: 41
    32: 27
    33: 43
    34: 46
    35: 29
    36: 45
    37: 42
    38: 32
    39: 26
    40: 46
    41: 34
    42: 37
    43: 10
    44: 6
    45: 5
    46: 2
    47: 2
    48: 3
    49: 1
    50: 2
    51: 1
    52: 0
    53: 1
    54: 0
    55: 1
    56: 0
    57: 0
    58: 0
    59: 0
    60: 0
    61: 0
    62: 0
    63: 0
    64: 0
    65: 0
    66: 0
    67: 0
    68: 0
    69: 0
    70: 0
    71: 0
    72: 0
    73: 0
    74: 0
    75: 0
    76: 0
    77: 0
    78: 0
    79: 0
    80: 0
    81: 0
    82: 0
    83: 0
    84: 0
    85: 0
    86: 0
    87: 0
    88: 0
    89: 0
    90: 0
    91: 0
    92: 0
    93: 0
    94: 0
    95: 0
    96: 0
    97: 0
    98: 0
    99: 0
  mem-3: # Memory controller stats
   rd: 68576 # Read requests
   wr: 50913 # Write requests
   rdlat: 9286102 # Total latency experienced by read requests
   wrlat: 7292372 # Total latency experienced by write requests
   rdhits: 472 # Read row hits
   wrhits: 409 # Write row hits
   mlh: # latency histogram for memory requests
    0: 0
    1: 0
    2: 0
    3: 0
    4: 0
    5: 0
    6: 0
    7: 0
    8: 0
    9: 0
    10: 0
    11: 111
    12: 98
    13: 63828
    14: 1291
    15: 979
    16: 511
    17: 193
    18: 154
    19: 143
    20: 188
    21: 159
    22: 48
    23: 74
    24: 76
    25: 45
    26: 36
    27: 23
    28: 28
    29: 49
    30: 38
    31: 30
    32: 40
    33: 45
    34: 38
    35: 49
    36: 37
    37: 44
    38: 39
    39: 35
    40: 37
    41: 34
    42: 41
    43: 14
    44: 5
    45: 6
    46: 1
    47: 5
    48: 1
    49: 1
    50: 0
    51: 1
    52: 0
    53: 0
    54: 0
    55: 0
    56: 0
    57: 0
    58: 1
    59: 0
    60: 0
    61: 0
    62: 0
    63: 0
    64: 0
    65: 0
    66: 0
    67: 0
    68: 0
    69: 0
    70: 0
    71: 0
    72: 0
    73: 0
    74: 0
    75: 0
    76: 0
    77: 0
    78: 0
    79: 0
    80: 0
    81: 0
    82: 0
    83: 0
    84: 0
    85: 0
    86: 0
    87: 0
    88: 0
    89: 0
    90: 0
    91: 0
    92: 0
    93: 0
    94: 0
    95: 0
    96: 0
    97: 0
    98: 0
    99: 0
 sched: # Scheduler stats
  thCr: 1 # Threads created
  thFn: 1 # Threads finished
  schedEvs: 1 # Schedule events
  waitEvs: 0 # Wait events
  handoffEvs: 0 # Handoff events
  sleepEvs: 0 # Sleep events
  idlePhases: 0 # Phases with no thread active
  idlePeriods: 0 # Periods with no thread active
  occHist: # Occupancy histogram
   0: 0
   1: 10708
  rqSzHist: # Run queue size histogram
   0: 10708
   1: 0
   2: 0
   3: 0
   4: 0
   5: 0
   6: 0
   7: 0
   8: 0
   9: 0
   10: 0
   11: 0
   12: 0
   13: 0
   14: 0
   15: 0
   16: 0
 procCycles: # Per-process unhalted core cycles
  0: 107080129
  1: 0
  2: 0
  3: 0
  4: 0
  5: 0
  6: 0
  7: 0
  8: 0
  9: 0
  10: 0
  11: 0
  12: 0
  13: 0
  14: 0
  15: 0
  16: 0
  17: 0
  18: 0
  19: 0
  20: 0
  21: 0
  22: 0
  23: 0
  24: 0
  25: 0
  26: 0
  27: 0
  28: 0
  29: 0
  30: 0
  31: 0
  32: 0
  33: 0
  34: 0
  35: 0
  36: 0
  37: 0
  38: 0
  39: 0
  40: 0
  41: 0
  42: 0
  43: 0
  44: 0
  45: 0
  46: 0
  47: 0
  48: 0
  49: 0
  50: 0
  51: 0
  52: 0
  53: 0
  54: 0
  55: 0
  56: 0
  57: 0
  58: 0
  59: 0
  60: 0
  61: 0
  62: 0
  63: 0
 procInstrs: # Per-process instructions
  0: 100010695
  1: 0
  2: 0
  3: 0
  4: 0
  5: 0
  6: 0
  7: 0
  8: 0
  9: 0
  10: 0
  11: 0
  12: 0
  13: 0
  14: 0
  15: 0
  16: 0
  17: 0
  18: 0
  19: 0
  20: 0
  21: 0
  22: 0
  23: 0
  24: 0
  25: 0
  26: 0
  27: 0
  28: 0
  29: 0
  30: 0
  31: 0
  32: 0
  33: 0
  34: 0
  35: 0
  36: 0
  37: 0
  38: 0
  39: 0
  40: 0
  41: 0
  42: 0
  43: 0
  44: 0
  45: 0
  46: 0
  47: 0
  48: 0
  49: 0
  50: 0
  51: 0
  52: 0
  53: 0
  54: 0
  55: 0
  56: 0
  57: 0
  58: 0
  59: 0
  60: 0
  61: 0
  62: 0
  63: 0
 heartbeats: # Per-process heartbeats
  0: 0
  1: 0
  2: 0
  3: 0
  4: 0
  5: 0
  6: 0
  7: 0
  8: 0
  9: 0
  10: 0
  11: 0
  12: 0
  13: 0
  14: 0
  15: 0
  16: 0
  17: 0
  18: 0
  19: 0
  20: 0
  21: 0
  22: 0
  23: 0
  24: 0
  25: 0
  26: 0
  27: 0
  28: 0
  29: 0
  30: 0
  31: 0
  32: 0
  33: 0
  34: 0
  35: 0
  36: 0
  37: 0
  38: 0
  39: 0
  40: 0
  41: 0
  42: 0
  43: 0
  44: 0
  45: 0
  46: 0
  47: 0
  48: 0
  49: 0
  50: 0
  51: 0
  52: 0
  53: 0
  54: 0
  55: 0
  56: 0
  57: 0
  58: 0
  59: 0
  60: 0
  61: 0
  62: 0
  63: 0
===
root: # Stats
 contention: # Contention simulation stats
  domain-0: # Domain stats
   time: 573634711 # Weave simulation time
 time: # Simulator time breakdown
  init: 273698283777
  bound: 30257075191
  weave: 11332189781
  ff: 0
 trigger: 20000 # Reason for this stats dump
 phase: 10708 # Simulated phases
 westmere: # Core stats
  westmere-0: # Core stats
   cycles: 107080129 # Simulated unhalted cycles
   cCycles: 7738379 # Cycles due to contention stalls
   instrs: 100010695 # Simulated instructions
   uops: 113810993 # Retired micro-ops
   bbls: 14846757 # Basic blocks
   approxInstrs: 596117 # Instrs with approx uop decoding
   mispredBranches: 789667 # Mispredicted branches
   condBranches: 12875776 # conditional branches
 l1i: # Cache stats
  l1i-0: # Filter cache stats
   fhGETS: 19608713 # Filtered GETS hits
   fhGETX: 0 # Filtered GETX hits
   hGETS: 198 # GETS hits
   hGETX: 0 # GETX hits
   mGETS: 162 # GETS misses
   mGETXIM: 0 # GETX I->M misses
   mGETXSM: 0 # GETX S->M misses (upgrade misses)
   PUTS: 0 # Clean evictions (from lower level)
   PUTX: 0 # Dirty evictions (from lower level)
   INV: 0 # Invalidates (from upper level)
   INVX: 0 # Downgrades (from upper level)
   FWD: 0 # Forwards (from upper level)
   latGETnl: 20088 # GET request latency on next level
   latGETnet: 0 # GET request latency on network to next level
 l1d: # Cache stats
  l1d-0: # Filter cache stats
   fhGETS: 25384227 # Filtered GETS hits
   fhGETX: 11423037 # Filtered GETX hits
   hGETS: 977355 # GETS hits
   hGETX: 1642432 # GETX hits
   mGETS: 1935366 # GETS misses
   mGETXIM: 1092926 # GETX I->M misses
   mGETXSM: 0 # GETX S->M misses (upgrade misses)
   PUTS: 0 # Clean evictions (from lower level)
   PUTX: 0 # Dirty evictions (from lower level)
   INV: 0 # Invalidates (from upper level)
   INVX: 0 # Downgrades (from upper level)
   FWD: 0 # Forwards (from upper level)
   latGETnl: 102158246 # GET request latency on next level
   latGETnet: 0 # GET request latency on network to next level
 l2: # Cache stats
  l2-0: # Cache stats
   hGETS: 940326 # GETS hits
   hGETX: 118812 # GETX hits
   mGETS: 995202 # GETS misses
   mGETXIM: 974114 # GETX I->M misses
   mGETXSM: 0 # GETX S->M misses (upgrade misses)
   PUTS: 943007 # Clean evictions (from lower level)
   PUTX: 2084773 # Dirty evictions (from lower level)
   INV: 0 # Invalidates (from upper level)
   INVX: 0 # Downgrades (from upper level)
   FWD: 0 # Forwards (from upper level)
   latGETnl: 71893794 # GET request latency on next level
   latGETnet: 0 # GET request latency on network to next level
 l3: # Cache stats
  l3-0: # Cache stats
   hGETS: 915693 # GETS hits
   hGETX: 779954 # GETX hits
   mGETS: 79509 # GETS misses
   mGETXIM: 194160 # GETX I->M misses
   mGETXSM: 0 # GETX S->M misses (upgrade misses)
   PUTS: 580346 # Clean evictions (from lower level)
   PUTX: 1384874 # Dirty evictions (from lower level)
   INV: 0 # Invalidates (from upper level)
   INVX: 0 # Downgrades (from upper level)
   FWD: 0 # Forwards (from upper level)
   latGETnl: 24630210 # GET request latency on next level
   latGETnet: 0 # GET request latency on network to next level
 mem: # Memory controller stats
  mem-0: # Memory controller stats
   rd: 68306 # Read requests
   wr: 50879 # Write requests
   rdlat: 9226778 # Total latency experienced by read requests
   wrlat: 7264800 # Total latency experienced by write requests
   rdhits: 455 # Read row hits
   wrhits: 349 # Write row hits
   mlh: # latency histogram for memory requests
    0: 0
    1: 0
    2: 0
    3: 0
    4: 0
    5: 0
    6: 0
    7: 0
    8: 0
    9: 0
    10: 0
    11: 111
    12: 101
    13: 63769
    14: 1279
    15: 917
    16: 490
    17: 155
    18: 149
    19: 164
    20: 168
    21: 141
    22: 54
    23: 86
    24: 61
    25: 46
    26: 25
    27: 34
    28: 28
    29: 36
    30: 30
    31: 30
    32: 24
    33: 40
    34: 32
    35: 36
    36: 35
    37: 37
    38: 32
    39: 38
    40: 40
    41: 42
    42: 41
    43: 15
    44: 9
    45: 2
    46: 4
    47: 2
    48: 1
    49: 2
    50: 0
    51: 0
    52: 0
    53: 0
    54: 0
    55: 0
    56: 0
    57: 0
    58: 0
    59: 0
    60: 0
    61: 0
    62: 0
    63: 0
    64: 0
    65: 0
    66: 0
    67: 0
    68: 0
    69: 0
    70: 0
    71: 0
    72: 0
    73: 0
    74: 0
    75: 0
    76: 0
    77: 0
    78: 0
    79: 0
    80: 0
    81: 0
    82: 0
    83: 0
    84: 0
    85: 0
    86: 0
    87: 0
    88: 0
    89: 0
    90: 0
    91: 0
    92: 0
    93: 0
    94: 0
    95: 0
    96: 0
    97: 0
    98: 0
    99: 0
  mem-1: # Memory controller stats
   rd: 68321 # Read requests
   wr: 50903 # Write requests
   rdlat: 9244768 # Total latency experienced by read requests
   wrlat: 7279419 # Total latency experienced by write requests
   rdhits: 475 # Read row hits
   wrhits: 394 # Write row hits
   mlh: # latency histogram for memory requests
    0: 0
    1: 0
    2: 0
    3: 0
    4: 0
    5: 0
    6: 0
    7: 0
    8: 0
    9: 0
    10: 0
    11: 99
    12: 113
    13: 63626
    14: 1298
    15: 958
    16: 554
    17: 166
    18: 137
    19: 143
    20: 206
    21: 121
    22: 53
    23: 81
    24: 73
    25: 38
    26: 27
    27: 32
    28: 26
    29: 35
    30: 38
    31: 31
    32: 32
    33: 51
    34: 43
    35: 35
    36: 34
    37: 43
    38: 45
    39: 34
    40: 38
    41: 40
    42: 40
    43: 16
    44: 1
    45: 6
    46: 4
    47: 1
    48: 2
    49: 1
    50: 0
    51: 0
    52: 0
    53: 0
    54: 0
    55: 0
    56: 0
    57: 0
    58: 0
    59: 0
    60: 0
    61: 0
    62: 0
    63: 0
    64: 0
    65: 0
    66: 0
    67: 0
    68: 0
    69: 0
    70: 0
    71: 0
    72: 0
    73: 0
    74: 0
    75: 0
    76: 0
    77: 0
    78: 0
    79: 0
    80: 0
    81: 0
    82: 0
    83: 0
    84: 0
    85: 0
    86: 0
    87: 0
    88: 0
    89: 0
    90: 0
    91: 0
    92: 0
    93: 0
    94: 0
    95: 0
    96: 0
    97: 0
    98: 0
    99: 0
  mem-2: # Memory controller stats
   rd: 68466 # Read requests
   wr: 50892 # Write requests
   rdlat: 9258486 # Total latency experienced by read requests
   wrlat: 7289202 # Total latency experienced by write requests
   rdhits: 519 # Read row hits
   wrhits: 390 # Write row hits
   mlh: # latency histogram for memory requests
    0: 0
    1: 0
    2: 0
    3: 0
    4: 0
    5: 0
    6: 0
    7: 0
    8: 0
    9: 0
    10: 0
    11: 125
    12: 119
    13: 63759
    14: 1306
    15: 908
    16: 518
    17: 175
    18: 169
    19: 144
    20: 170
    21: 160
    22: 74
    23: 73
    24: 67
    25: 55
    26: 34
    27: 27
    28: 38
    29: 29
    30: 34
    31: 41
    32: 27
    33: 43
    34: 46
    35: 29
    36: 45
    37: 42
    38: 32
    39: 26
    40: 46
    41: 34
    42: 37
    43: 10
    44: 6
    45: 5
    46: 2
    47: 2
    48: 3
    49: 1
    50: 2
    51: 1
    52: 0
    53: 1
    54: 0
    55: 1
    56: 0
    57: 0
    58: 0
    59: 0
    60: 0
    61: 0
    62: 0
    63: 0
    64: 0
    65: 0
    66: 0
    67: 0
    68: 0
    69: 0
    70: 0
    71: 0
    72: 0
    73: 0
    74: 0
    75: 0
    76: 0
    77: 0
    78: 0
    79: 0
    80: 0
    81: 0
    82: 0
    83: 0
    84: 0
    85: 0
    86: 0
    87: 0
    88: 0
    89: 0
    90: 0
    91: 0
    92: 0
    93: 0
    94: 0
    95: 0
    96: 0
    97: 0
    98: 0
    99: 0
  mem-3: # Memory controller stats
   rd: 68576 # Read requests
   wr: 50913 # Write requests
   rdlat: 9286102 # Total latency experienced by read requests
   wrlat: 7292372 # Total latency experienced by write requests
   rdhits: 472 # Read row hits
   wrhits: 409 # Write row hits
   mlh: # latency histogram for memory requests
    0: 0
    1: 0
    2: 0
    3: 0
    4: 0
    5: 0
    6: 0
    7: 0
    8: 0
    9: 0
    10: 0
    11: 111
    12: 98
    13: 63828
    14: 1291
    15: 979
    16: 511
    17: 193
    18: 154
    19: 143
    20: 188
    21: 159
    22: 48
    23: 74
    24: 76
    25: 45
    26: 36
    27: 23
    28: 28
    29: 49
    30: 38
    31: 30
    32: 40
    33: 45
    34: 38
    35: 49
    36: 37
    37: 44
    38: 39
    39: 35
    40: 37
    41: 34
    42: 41
    43: 14
    44: 5
    45: 6
    46: 1
    47: 5
    48: 1
    49: 1
    50: 0
    51: 1
    52: 0
    53: 0
    54: 0
    55: 0
    56: 0
    57: 0
    58: 1
    59: 0
    60: 0
    61: 0
    62: 0
    63: 0
    64: 0
    65: 0
    66: 0
    67: 0
    68: 0
    69: 0
    70: 0
    71: 0
    72: 0
    73: 0
    74: 0
    75: 0
    76: 0
    77: 0
    78: 0
    79: 0
    80: 0
    81: 0
    82: 0
    83: 0
    84: 0
    85: 0
    86: 0
    87: 0
    88: 0
    89: 0
    90: 0
    91: 0
    92: 0
    93: 0
    94: 0
    95: 0
    96: 0
    97: 0
    98: 0
    99: 0
 sched: # Scheduler stats
  thCr: 1 # Threads created
  thFn: 1 # Threads finished
  schedEvs: 1 # Schedule events
  waitEvs: 0 # Wait events
  handoffEvs: 0 # Handoff events
  sleepEvs: 0 # Sleep events
  idlePhases: 0 # Phases with no thread active
  idlePeriods: 0 # Periods with no thread active
  occHist: # Occupancy histogram
   0: 0
   1: 10708
  rqSzHist: # Run queue size histogram
   0: 10708
   1: 0
   2: 0
   3: 0
   4: 0
   5: 0
   6: 0
   7: 0
   8: 0
   9: 0
   10: 0
   11: 0
   12: 0
   13: 0
   14: 0
   15: 0
   16: 0
 procCycles: # Per-process unhalted core cycles
  0: 107080129
  1: 0
  2: 0
  3: 0
  4: 0
  5: 0
  6: 0
  7: 0
  8: 0
  9: 0
  10: 0
  11: 0
  12: 0
  13: 0
  14: 0
  15: 0
  16: 0
  17: 0
  18: 0
  19: 0
  20: 0
  21: 0
  22: 0
  23: 0
  24: 0
  25: 0
  26: 0
  27: 0
  28: 0
  29: 0
  30: 0
  31: 0
  32: 0
  33: 0
  34: 0
  35: 0
  36: 0
  37: 0
  38: 0
  39: 0
  40: 0
  41: 0
  42: 0
  43: 0
  44: 0
  45: 0
  46: 0
  47: 0
  48: 0
  49: 0
  50: 0
  51: 0
  52: 0
  53: 0
  54: 0
  55: 0
  56: 0
  57: 0
  58: 0
  59: 0
  60: 0
  61: 0
  62: 0
  63: 0
 procInstrs: # Per-process instructions
  0: 100010695
  1: 0
  2: 0
  3: 0
  4: 0
  5: 0
  6: 0
  7: 0
  8: 0
  9: 0
  10: 0
  11: 0
  12: 0
  13: 0
  14: 0
  15: 0
  16: 0
  17: 0
  18: 0
  19: 0
  20: 0
  21: 0
  22: 0
  23: 0
  24: 0
  25: 0
  26: 0
  27: 0
  28: 0
  29: 0
  30: 0
  31: 0
  32: 0
  33: 0
  34: 0
  35: 0
  36: 0
  37: 0
  38: 0
  39: 0
  40: 0
  41: 0
  42: 0
  43: 0
  44: 0
  45: 0
  46: 0
  47: 0
  48: 0
  49: 0
  50: 0
  51: 0
  52: 0
  53: 0
  54: 0
  55: 0
  56: 0
  57: 0
  58: 0
  59: 0
  60: 0
  61: 0
  62: 0
  63: 0
 heartbeats: # Per-process heartbeats
  0: 0
  1: 0
  2: 0
  3: 0
  4: 0
  5: 0
  6: 0
  7: 0
  8: 0
  9: 0
  10: 0
  11: 0
  12: 0
  13: 0
  14: 0
  15: 0
  16: 0
  17: 0
  18: 0
  19: 0
  20: 0
  21: 0
  22: 0
  23: 0
  24: 0
  25: 0
  26: 0
  27: 0
  28: 0
  29: 0
  30: 0
  31: 0
  32: 0
  33: 0
  34: 0
  35: 0
  36: 0
  37: 0
  38: 0
  39: 0
  40: 0
  41: 0
  42: 0
  43: 0
  44: 0
  45: 0
  46: 0
  47: 0
  48: 0
  49: 0
  50: 0
  51: 0
  52: 0
  53: 0
  54: 0
  55: 0
  56: 0
  57: 0
  58: 0
  59: 0
  60: 0
  61: 0
  62: 0
  63: 0
===
