# zsim stats
===
root: # Stats
 contention: # Contention simulation stats
  domain-0: # Domain stats
   time: 10884034550 # Weave simulation time
 time: # Simulator time breakdown
  init: 1323786814259
  bound: 51719415148
  weave: 25286886402
  ff: 0
 trigger: 20000 # Reason for this stats dump
 phase: 63281 # Simulated phases
 westmere: # Core stats
  westmere-0: # Core stats
   cycles: 632812882 # Simulated unhalted cycles
   cCycles: 142715141 # Cycles due to contention stalls
   instrs: 100000526 # Simulated instructions
   uops: 101912746 # Retired micro-ops
   bbls: 27652613 # Basic blocks
   approxInstrs: 22402 # Instrs with approx uop decoding
   mispredBranches: 1591221 # Mispredicted branches
   condBranches: 25800913 # conditional branches
 l1i: # Cache stats
  l1i-0: # Filter cache stats
   fhGETS: 35459820 # Filtered GETS hits
   fhGETX: 0 # Filtered GETX hits
   hGETS: 0 # GETS hits
   hGETX: 0 # GETX hits
   mGETS: 47 # GETS misses
   mGETXIM: 0 # GETX I->M misses
   mGETXSM: 0 # GETX S->M misses (upgrade misses)
   PUTS: 0 # Clean evictions (from lower level)
   PUTX: 0 # Dirty evictions (from lower level)
   INV: 0 # Invalidates (from upper level)
   INVX: 0 # Downgrades (from upper level)
   FWD: 0 # Forwards (from upper level)
   latGETnl: 5828 # GET request latency on next level
   latGETnet: 0 # GET request latency on network to next level
 l1d: # Cache stats
  l1d-0: # Filter cache stats
   fhGETS: 22301326 # Filtered GETS hits
   fhGETX: 2296992 # Filtered GETX hits
   hGETS: 1814139 # GETS hits
   hGETX: 3239812 # GETX hits
   mGETS: 12461289 # GETS misses
   mGETXIM: 254400 # GETX I->M misses
   mGETXSM: 0 # GETX S->M misses (upgrade misses)
   PUTS: 0 # Clean evictions (from lower level)
   PUTX: 0 # Dirty evictions (from lower level)
   INV: 0 # Invalidates (from upper level)
   INVX: 0 # Downgrades (from upper level)
   FWD: 0 # Forwards (from upper level)
   latGETnl: 1068947700 # GET request latency on next level
   latGETnet: 0 # GET request latency on network to next level
 l2: # Cache stats
  l2-0: # Cache stats
   hGETS: 2419255 # GETS hits
   hGETX: 81129 # GETX hits
   mGETS: 10042081 # GETS misses
   mGETXIM: 173271 # GETX I->M misses
   mGETXSM: 0 # GETX S->M misses (upgrade misses)
   PUTS: 9459336 # Clean evictions (from lower level)
   PUTX: 3255841 # Dirty evictions (from lower level)
   INV: 0 # Invalidates (from upper level)
   INVX: 0 # Downgrades (from upper level)
   FWD: 0 # Forwards (from upper level)
   latGETnl: 941796168 # GET request latency on next level
   latGETnet: 0 # GET request latency on network to next level
 l3: # Cache stats
  l3-0: # Cache stats
   hGETS: 2417085 # GETS hits
   hGETX: 57959 # GETX hits
   mGETS: 7624996 # GETS misses
   mGETXIM: 115312 # GETX I->M misses
   mGETXSM: 0 # GETX S->M misses (upgrade misses)
   PUTS: 7439322 # Clean evictions (from lower level)
   PUTX: 2771934 # Dirty evictions (from lower level)
   INV: 0 # Invalidates (from upper level)
   INVX: 0 # Downgrades (from upper level)
   FWD: 0 # Forwards (from upper level)
   latGETnl: 696627720 # GET request latency on next level
   latGETnet: 0 # GET request latency on network to next level
 mem: # Memory controller stats
  mem-0: # Memory controller stats
   rd: 1933599 # Read requests
   wr: 615310 # Write requests
   rdlat: 263257980 # Total latency experienced by read requests
   wrlat: 89394121 # Total latency experienced by write requests
   rdhits: 1751 # Read row hits
   wrhits: 1921 # Write row hits
   mlh: # latency histogram for memory requests
    0: 0
    1: 0
    2: 0
    3: 0
    4: 0
    5: 0
    6: 0
    7: 0
    8: 0
    9: 0
    10: 0
    11: 230
    12: 347
    13: 1705322
    14: 132376
    15: 48474
    16: 13924
    17: 2743
    18: 913
    19: 941
    20: 1177
    21: 1344
    22: 936
    23: 1236
    24: 2957
    25: 1574
    26: 527
    27: 578
    28: 645
    29: 708
    30: 1031
    31: 1294
    32: 1109
    33: 1119
    34: 1247
    35: 1383
    36: 1293
    37: 1136
    38: 1126
    39: 1125
    40: 1152
    41: 1044
    42: 1051
    43: 531
    44: 229
    45: 190
    46: 149
    47: 236
    48: 124
    49: 35
    50: 10
    51: 10
    52: 7
    53: 9
    54: 5
    55: 0
    56: 1
    57: 0
    58: 1
    59: 0
    60: 0
    61: 0
    62: 0
    63: 0
    64: 0
    65: 0
    66: 0
    67: 0
    68: 0
    69: 0
    70: 0
    71: 0
    72: 0
    73: 0
    74: 0
    75: 0
    76: 0
    77: 0
    78: 0
    79: 0
    80: 0
    81: 0
    82: 0
    83: 0
    84: 0
    85: 0
    86: 0
    87: 0
    88: 0
    89: 0
    90: 0
    91: 0
    92: 0
    93: 0
    94: 0
    95: 0
    96: 0
    97: 0
    98: 0
    99: 0
  mem-1: # Memory controller stats
   rd: 1931972 # Read requests
   wr: 614639 # Write requests
   rdlat: 263000945 # Total latency experienced by read requests
   wrlat: 89425519 # Total latency experienced by write requests
   rdhits: 1855 # Read row hits
   wrhits: 2002 # Write row hits
   mlh: # latency histogram for memory requests
    0: 0
    1: 0
    2: 0
    3: 0
    4: 0
    5: 0
    6: 0
    7: 0
    8: 0
    9: 0
    10: 0
    11: 208
    12: 411
    13: 1704582
    14: 131459
    15: 48645
    16: 14159
    17: 2489
    18: 931
    19: 937
    20: 1186
    21: 1210
    22: 862
    23: 1209
    24: 2904
    25: 1733
    26: 550
    27: 607
    28: 648
    29: 717
    30: 1064
    31: 1378
    32: 1067
    33: 1140
    34: 1237
    35: 1316
    36: 1258
    37: 1180
    38: 1032
    39: 1089
    40: 1154
    41: 1061
    42: 1026
    43: 507
    44: 232
    45: 185
    46: 134
    47: 238
    48: 147
    49: 41
    50: 12
    51: 7
    52: 7
    53: 6
    54: 7
    55: 0
    56: 0
    57: 0
    58: 0
    59: 0
    60: 0
    61: 0
    62: 0
    63: 0
    64: 0
    65: 0
    66: 0
    67: 0
    68: 0
    69: 0
    70: 0
    71: 0
    72: 0
    73: 0
    74: 0
    75: 0
    76: 0
    77: 0
    78: 0
    79: 0
    80: 0
    81: 0
    82: 0
    83: 0
    84: 0
    85: 0
    86: 0
    87: 0
    88: 0
    89: 0
    90: 0
    91: 0
    92: 0
    93: 0
    94: 0
    95: 0
    96: 0
    97: 0
    98: 0
    99: 0
  mem-2: # Memory controller stats
   rd: 1950273 # Read requests
   wr: 614241 # Write requests
   rdlat: 265673002 # Total latency experienced by read requests
   wrlat: 89447787 # Total latency experienced by write requests
   rdhits: 2036 # Read row hits
   wrhits: 1920 # Write row hits
   mlh: # latency histogram for memory requests
    0: 0
    1: 0
    2: 0
    3: 0
    4: 0
    5: 0
    6: 0
    7: 0
    8: 0
    9: 0
    10: 0
    11: 209
    12: 543
    13: 1715156
    14: 138160
    15: 48957
    16: 13210
    17: 2344
    18: 945
    19: 981
    20: 1279
    21: 1683
    22: 939
    23: 1376
    24: 3276
    25: 1674
    26: 546
    27: 643
    28: 676
    29: 768
    30: 1133
    31: 1320
    32: 1176
    33: 1131
    34: 1218
    35: 1411
    36: 1305
    37: 1171
    38: 1062
    39: 1133
    40: 1144
    41: 1120
    42: 1031
    43: 500
    44: 228
    45: 174
    46: 117
    47: 270
    48: 169
    49: 49
    50: 13
    51: 13
    52: 11
    53: 3
    54: 3
    55: 0
    56: 0
    57: 0
    58: 0
    59: 3
    60: 0
    61: 0
    62: 0
    63: 0
    64: 0
    65: 0
    66: 0
    67: 0
    68: 0
    69: 0
    70: 0
    71: 0
    72: 0
    73: 0
    74: 0
    75: 0
    76: 0
    77: 0
    78: 0
    79: 0
    80: 0
    81: 0
    82: 0
    83: 0
    84: 0
    85: 0
    86: 0
    87: 0
    88: 0
    89: 0
    90: 0
    91: 0
    92: 0
    93: 0
    94: 0
    95: 0
    96: 0
    97: 0
    98: 0
    99: 0
  mem-3: # Memory controller stats
   rd: 1924401 # Read requests
   wr: 612345 # Write requests
   rdlat: 261994780 # Total latency experienced by read requests
   wrlat: 88975897 # Total latency experienced by write requests
   rdhits: 1947 # Read row hits
   wrhits: 1930 # Write row hits
   mlh: # latency histogram for memory requests
    0: 0
    1: 0
    2: 0
    3: 0
    4: 0
    5: 0
    6: 0
    7: 0
    8: 0
    9: 0
    10: 0
    11: 302
    12: 409
    13: 1697645
    14: 130934
    15: 48240
    16: 14601
    17: 2198
    18: 870
    19: 960
    20: 1237
    21: 1269
    22: 876
    23: 1137
    24: 3136
    25: 1568
    26: 497
    27: 615
    28: 604
    29: 695
    30: 1087
    31: 1301
    32: 1180
    33: 1106
    34: 1230
    35: 1342
    36: 1219
    37: 1193
    38: 1143
    39: 1120
    40: 1162
    41: 974
    42: 1068
    43: 520
    44: 236
    45: 149
    46: 126
    47: 217
    48: 146
    49: 47
    50: 15
    51: 4
    52: 6
    53: 5
    54: 8
    55: 0
    56: 1
    57: 0
    58: 2
    59: 1
    60: 0
    61: 0
    62: 0
    63: 0
    64: 0
    65: 0
    66: 0
    67: 0
    68: 0
    69: 0
    70: 0
    71: 0
    72: 0
    73: 0
    74: 0
    75: 0
    76: 0
    77: 0
    78: 0
    79: 0
    80: 0
    81: 0
    82: 0
    83: 0
    84: 0
    85: 0
    86: 0
    87: 0
    88: 0
    89: 0
    90: 0
    91: 0
    92: 0
    93: 0
    94: 0
    95: 0
    96: 0
    97: 0
    98: 0
    99: 0
 sched: # Scheduler stats
  thCr: 1 # Threads created
  thFn: 1 # Threads finished
  schedEvs: 1 # Schedule events
  waitEvs: 0 # Wait events
  handoffEvs: 0 # Handoff events
  sleepEvs: 0 # Sleep events
  idlePhases: 0 # Phases with no thread active
  idlePeriods: 0 # Periods with no thread active
  occHist: # Occupancy histogram
   0: 0
   1: 63281
  rqSzHist: # Run queue size histogram
   0: 63281
   1: 0
   2: 0
   3: 0
   4: 0
   5: 0
   6: 0
   7: 0
   8: 0
   9: 0
   10: 0
   11: 0
   12: 0
   13: 0
   14: 0
   15: 0
   16: 0
 procCycles: # Per-process unhalted core cycles
  0: 632812882
  1: 0
  2: 0
  3: 0
  4: 0
  5: 0
  6: 0
  7: 0
  8: 0
  9: 0
  10: 0
  11: 0
  12: 0
  13: 0
  14: 0
  15: 0
  16: 0
  17: 0
  18: 0
  19: 0
  20: 0
  21: 0
  22: 0
  23: 0
  24: 0
  25: 0
  26: 0
  27: 0
  28: 0
  29: 0
  30: 0
  31: 0
  32: 0
  33: 0
  34: 0
  35: 0
  36: 0
  37: 0
  38: 0
  39: 0
  40: 0
  41: 0
  42: 0
  43: 0
  44: 0
  45: 0
  46: 0
  47: 0
  48: 0
  49: 0
  50: 0
  51: 0
  52: 0
  53: 0
  54: 0
  55: 0
  56: 0
  57: 0
  58: 0
  59: 0
  60: 0
  61: 0
  62: 0
  63: 0
 procInstrs: # Per-process instructions
  0: 100000526
  1: 0
  2: 0
  3: 0
  4: 0
  5: 0
  6: 0
  7: 0
  8: 0
  9: 0
  10: 0
  11: 0
  12: 0
  13: 0
  14: 0
  15: 0
  16: 0
  17: 0
  18: 0
  19: 0
  20: 0
  21: 0
  22: 0
  23: 0
  24: 0
  25: 0
  26: 0
  27: 0
  28: 0
  29: 0
  30: 0
  31: 0
  32: 0
  33: 0
  34: 0
  35: 0
  36: 0
  37: 0
  38: 0
  39: 0
  40: 0
  41: 0
  42: 0
  43: 0
  44: 0
  45: 0
  46: 0
  47: 0
  48: 0
  49: 0
  50: 0
  51: 0
  52: 0
  53: 0
  54: 0
  55: 0
  56: 0
  57: 0
  58: 0
  59: 0
  60: 0
  61: 0
  62: 0
  63: 0
 heartbeats: # Per-process heartbeats
  0: 0
  1: 0
  2: 0
  3: 0
  4: 0
  5: 0
  6: 0
  7: 0
  8: 0
  9: 0
  10: 0
  11: 0
  12: 0
  13: 0
  14: 0
  15: 0
  16: 0
  17: 0
  18: 0
  19: 0
  20: 0
  21: 0
  22: 0
  23: 0
  24: 0
  25: 0
  26: 0
  27: 0
  28: 0
  29: 0
  30: 0
  31: 0
  32: 0
  33: 0
  34: 0
  35: 0
  36: 0
  37: 0
  38: 0
  39: 0
  40: 0
  41: 0
  42: 0
  43: 0
  44: 0
  45: 0
  46: 0
  47: 0
  48: 0
  49: 0
  50: 0
  51: 0
  52: 0
  53: 0
  54: 0
  55: 0
  56: 0
  57: 0
  58: 0
  59: 0
  60: 0
  61: 0
  62: 0
  63: 0
===
