# zsim stats
===
root: # Stats
 contention: # Contention simulation stats
  domain-0: # Domain stats
   time: 628047121 # Weave simulation time
 time: # Simulator time breakdown
  init: 223179192829
  bound: 35459930116
  weave: 11297005940
  ff: 0
 trigger: 20000 # Reason for this stats dump
 phase: 10840 # Simulated phases
 westmere: # Core stats
  westmere-0: # Core stats
   cycles: 108400128 # Simulated unhalted cycles
   cCycles: 8208700 # Cycles due to contention stalls
   instrs: 100006615 # Simulated instructions
   uops: 113806895 # Retired micro-ops
   bbls: 14846080 # Basic blocks
   approxInstrs: 596117 # Instrs with approx uop decoding
   mispredBranches: 789661 # Mispredicted branches
   condBranches: 12875105 # conditional branches
 l1i: # Cache stats
  l1i-0: # Filter cache stats
   fhGETS: 19608001 # Filtered GETS hits
   fhGETX: 0 # Filtered GETX hits
   hGETS: 198 # GETS hits
   hGETX: 0 # GETX hits
   mGETS: 162 # GETS misses
   mGETXIM: 0 # GETX I->M misses
   mGETXSM: 0 # GETX S->M misses (upgrade misses)
   PUTS: 0 # Clean evictions (from lower level)
   PUTX: 0 # Dirty evictions (from lower level)
   INV: 0 # Invalidates (from upper level)
   INVX: 0 # Downgrades (from upper level)
   FWD: 0 # Forwards (from upper level)
   latGETnl: 20088 # GET request latency on next level
   latGETnet: 0 # GET request latency on network to next level
 l1d: # Cache stats
  l1d-0: # Filter cache stats
   fhGETS: 25383544 # Filtered GETS hits
   fhGETX: 11422366 # Filtered GETX hits
   hGETS: 977354 # GETS hits
   hGETX: 1642432 # GETX hits
   mGETS: 1935361 # GETS misses
   mGETXIM: 1092926 # GETX I->M misses
   mGETXSM: 0 # GETX S->M misses (upgrade misses)
   PUTS: 0 # Clean evictions (from lower level)
   PUTX: 0 # Dirty evictions (from lower level)
   INV: 0 # Invalidates (from upper level)
   INVX: 0 # Downgrades (from upper level)
   FWD: 0 # Forwards (from upper level)
   latGETnl: 103093806 # GET request latency on next level
   latGETnet: 0 # GET request latency on network to next level
 l2: # Cache stats
  l2-0: # Cache stats
   hGETS: 941305 # GETS hits
   hGETX: 118958 # GETX hits
   mGETS: 994218 # GETS misses
   mGETXIM: 973968 # GETX I->M misses
   mGETXSM: 0 # GETX S->M misses (upgrade misses)
   PUTS: 943002 # Clean evictions (from lower level)
   PUTX: 2084773 # Dirty evictions (from lower level)
   INV: 0 # Invalidates (from upper level)
   INVX: 0 # Downgrades (from upper level)
   FWD: 0 # Forwards (from upper level)
   latGETnl: 72829404 # GET request latency on next level
   latGETnet: 0 # GET request latency on network to next level
 l3: # Cache stats
  l3-0: # Cache stats
   hGETS: 890513 # GETS hits
   hGETX: 793307 # GETX hits
   mGETS: 103705 # GETS misses
   mGETXIM: 180661 # GETX I->M misses
   mGETXSM: 0 # GETX S->M misses (upgrade misses)
   PUTS: 580524 # Clean evictions (from lower level)
   PUTX: 1383566 # Dirty evictions (from lower level)
   INV: 0 # Invalidates (from upper level)
   INVX: 0 # Downgrades (from upper level)
   FWD: 0 # Forwards (from upper level)
   latGETnl: 25592940 # GET request latency on next level
   latGETnet: 0 # GET request latency on network to next level
 mem: # Memory controller stats
  mem-0: # Memory controller stats
   rd: 70887 # Read requests
   wr: 51590 # Write requests
   rdlat: 9657399 # Total latency experienced by read requests
   wrlat: 7567234 # Total latency experienced by write requests
   rdhits: 1798 # Read row hits
   wrhits: 660 # Write row hits
   mlh: # latency histogram for memory requests
    0: 0
    1: 0
    2: 0
    3: 0
    4: 0
    5: 0
    6: 0
    7: 0
    8: 0
    9: 0
    10: 0
    11: 197
    12: 260
    13: 64474
    14: 1390
    15: 1121
    16: 643
    17: 376
    18: 394
    19: 361
    20: 461
    21: 251
    22: 69
    23: 86
    24: 59
    25: 65
    26: 37
    27: 35
    28: 33
    29: 28
    30: 40
    31: 22
    32: 47
    33: 46
    34: 43
    35: 37
    36: 45
    37: 36
    38: 42
    39: 29
    40: 49
    41: 32
    42: 37
    43: 16
    44: 6
    45: 3
    46: 3
    47: 8
    48: 3
    49: 1
    50: 0
    51: 1
    52: 1
    53: 0
    54: 0
    55: 0
    56: 0
    57: 0
    58: 0
    59: 0
    60: 0
    61: 0
    62: 0
    63: 0
    64: 0
    65: 0
    66: 0
    67: 0
    68: 0
    69: 0
    70: 0
    71: 0
    72: 0
    73: 0
    74: 0
    75: 0
    76: 0
    77: 0
    78: 0
    79: 0
    80: 0
    81: 0
    82: 0
    83: 0
    84: 0
    85: 0
    86: 0
    87: 0
    88: 0
    89: 0
    90: 0
    91: 0
    92: 0
    93: 0
    94: 0
    95: 0
    96: 0
    97: 0
    98: 0
    99: 0
  mem-1: # Memory controller stats
   rd: 71102 # Read requests
   wr: 51918 # Write requests
   rdlat: 9711459 # Total latency experienced by read requests
   wrlat: 7628838 # Total latency experienced by write requests
   rdhits: 1875 # Read row hits
   wrhits: 648 # Write row hits
   mlh: # latency histogram for memory requests
    0: 0
    1: 0
    2: 0
    3: 0
    4: 0
    5: 0
    6: 0
    7: 0
    8: 0
    9: 0
    10: 0
    11: 214
    12: 294
    13: 64499
    14: 1400
    15: 1093
    16: 593
    17: 378
    18: 413
    19: 442
    20: 488
    21: 265
    22: 93
    23: 87
    24: 65
    25: 50
    26: 38
    27: 31
    28: 24
    29: 42
    30: 46
    31: 27
    32: 39
    33: 45
    34: 49
    35: 40
    36: 35
    37: 59
    38: 37
    39: 28
    40: 42
    41: 45
    42: 43
    43: 21
    44: 10
    45: 7
    46: 4
    47: 4
    48: 4
    49: 4
    50: 0
    51: 4
    52: 0
    53: 0
    54: 0
    55: 0
    56: 0
    57: 0
    58: 0
    59: 0
    60: 0
    61: 0
    62: 0
    63: 0
    64: 0
    65: 0
    66: 0
    67: 0
    68: 0
    69: 0
    70: 0
    71: 0
    72: 0
    73: 0
    74: 0
    75: 0
    76: 0
    77: 0
    78: 0
    79: 0
    80: 0
    81: 0
    82: 0
    83: 0
    84: 0
    85: 0
    86: 0
    87: 0
    88: 0
    89: 0
    90: 0
    91: 0
    92: 0
    93: 0
    94: 0
    95: 0
    96: 0
    97: 0
    98: 0
    99: 0
  mem-2: # Memory controller stats
   rd: 71507 # Read requests
   wr: 52175 # Write requests
   rdlat: 9777919 # Total latency experienced by read requests
   wrlat: 7757482 # Total latency experienced by write requests
   rdhits: 2129 # Read row hits
   wrhits: 706 # Write row hits
   mlh: # latency histogram for memory requests
    0: 0
    1: 0
    2: 0
    3: 0
    4: 0
    5: 0
    6: 0
    7: 0
    8: 0
    9: 0
    10: 0
    11: 275
    12: 276
    13: 64583
    14: 1434
    15: 1088
    16: 690
    17: 371
    18: 432
    19: 466
    20: 507
    21: 269
    22: 99
    23: 101
    24: 73
    25: 77
    26: 38
    27: 48
    28: 34
    29: 32
    30: 40
    31: 38
    32: 56
    33: 44
    34: 39
    35: 44
    36: 30
    37: 48
    38: 47
    39: 43
    40: 49
    41: 57
    42: 42
    43: 11
    44: 5
    45: 5
    46: 8
    47: 5
    48: 1
    49: 2
    50: 0
    51: 0
    52: 0
    53: 0
    54: 0
    55: 0
    56: 0
    57: 0
    58: 0
    59: 0
    60: 0
    61: 0
    62: 0
    63: 0
    64: 0
    65: 0
    66: 0
    67: 0
    68: 0
    69: 0
    70: 0
    71: 0
    72: 0
    73: 0
    74: 0
    75: 0
    76: 0
    77: 0
    78: 0
    79: 0
    80: 0
    81: 0
    82: 0
    83: 0
    84: 0
    85: 0
    86: 0
    87: 0
    88: 0
    89: 0
    90: 0
    91: 0
    92: 0
    93: 0
    94: 0
    95: 0
    96: 0
    97: 0
    98: 0
    99: 0
  mem-3: # Memory controller stats
   rd: 70870 # Read requests
   wr: 51778 # Write requests
   rdlat: 9660470 # Total latency experienced by read requests
   wrlat: 7571648 # Total latency experienced by write requests
   rdhits: 1770 # Read row hits
   wrhits: 549 # Write row hits
   mlh: # latency histogram for memory requests
    0: 0
    1: 0
    2: 0
    3: 0
    4: 0
    5: 0
    6: 0
    7: 0
    8: 0
    9: 0
    10: 0
    11: 223
    12: 247
    13: 64557
    14: 1404
    15: 1045
    16: 617
    17: 380
    18: 347
    19: 416
    20: 405
    21: 221
    22: 83
    23: 108
    24: 62
    25: 48
    26: 45
    27: 33
    28: 29
    29: 34
    30: 40
    31: 42
    32: 41
    33: 40
    34: 35
    35: 36
    36: 38
    37: 57
    38: 35
    39: 38
    40: 36
    41: 45
    42: 35
    43: 12
    44: 10
    45: 9
    46: 3
    47: 10
    48: 3
    49: 0
    50: 0
    51: 0
    52: 1
    53: 0
    54: 0
    55: 0
    56: 0
    57: 0
    58: 0
    59: 0
    60: 0
    61: 0
    62: 0
    63: 0
    64: 0
    65: 0
    66: 0
    67: 0
    68: 0
    69: 0
    70: 0
    71: 0
    72: 0
    73: 0
    74: 0
    75: 0
    76: 0
    77: 0
    78: 0
    79: 0
    80: 0
    81: 0
    82: 0
    83: 0
    84: 0
    85: 0
    86: 0
    87: 0
    88: 0
    89: 0
    90: 0
    91: 0
    92: 0
    93: 0
    94: 0
    95: 0
    96: 0
    97: 0
    98: 0
    99: 0
 sched: # Scheduler stats
  thCr: 1 # Threads created
  thFn: 1 # Threads finished
  schedEvs: 1 # Schedule events
  waitEvs: 0 # Wait events
  handoffEvs: 0 # Handoff events
  sleepEvs: 0 # Sleep events
  idlePhases: 0 # Phases with no thread active
  idlePeriods: 0 # Periods with no thread active
  occHist: # Occupancy histogram
   0: 0
   1: 10840
  rqSzHist: # Run queue size histogram
   0: 10840
   1: 0
   2: 0
   3: 0
   4: 0
   5: 0
   6: 0
   7: 0
   8: 0
   9: 0
   10: 0
   11: 0
   12: 0
   13: 0
   14: 0
   15: 0
   16: 0
 procCycles: # Per-process unhalted core cycles
  0: 108400128
  1: 0
  2: 0
  3: 0
  4: 0
  5: 0
  6: 0
  7: 0
  8: 0
  9: 0
  10: 0
  11: 0
  12: 0
  13: 0
  14: 0
  15: 0
  16: 0
  17: 0
  18: 0
  19: 0
  20: 0
  21: 0
  22: 0
  23: 0
  24: 0
  25: 0
  26: 0
  27: 0
  28: 0
  29: 0
  30: 0
  31: 0
  32: 0
  33: 0
  34: 0
  35: 0
  36: 0
  37: 0
  38: 0
  39: 0
  40: 0
  41: 0
  42: 0
  43: 0
  44: 0
  45: 0
  46: 0
  47: 0
  48: 0
  49: 0
  50: 0
  51: 0
  52: 0
  53: 0
  54: 0
  55: 0
  56: 0
  57: 0
  58: 0
  59: 0
  60: 0
  61: 0
  62: 0
  63: 0
 procInstrs: # Per-process instructions
  0: 100006615
  1: 0
  2: 0
  3: 0
  4: 0
  5: 0
  6: 0
  7: 0
  8: 0
  9: 0
  10: 0
  11: 0
  12: 0
  13: 0
  14: 0
  15: 0
  16: 0
  17: 0
  18: 0
  19: 0
  20: 0
  21: 0
  22: 0
  23: 0
  24: 0
  25: 0
  26: 0
  27: 0
  28: 0
  29: 0
  30: 0
  31: 0
  32: 0
  33: 0
  34: 0
  35: 0
  36: 0
  37: 0
  38: 0
  39: 0
  40: 0
  41: 0
  42: 0
  43: 0
  44: 0
  45: 0
  46: 0
  47: 0
  48: 0
  49: 0
  50: 0
  51: 0
  52: 0
  53: 0
  54: 0
  55: 0
  56: 0
  57: 0
  58: 0
  59: 0
  60: 0
  61: 0
  62: 0
  63: 0
 heartbeats: # Per-process heartbeats
  0: 0
  1: 0
  2: 0
  3: 0
  4: 0
  5: 0
  6: 0
  7: 0
  8: 0
  9: 0
  10: 0
  11: 0
  12: 0
  13: 0
  14: 0
  15: 0
  16: 0
  17: 0
  18: 0
  19: 0
  20: 0
  21: 0
  22: 0
  23: 0
  24: 0
  25: 0
  26: 0
  27: 0
  28: 0
  29: 0
  30: 0
  31: 0
  32: 0
  33: 0
  34: 0
  35: 0
  36: 0
  37: 0
  38: 0
  39: 0
  40: 0
  41: 0
  42: 0
  43: 0
  44: 0
  45: 0
  46: 0
  47: 0
  48: 0
  49: 0
  50: 0
  51: 0
  52: 0
  53: 0
  54: 0
  55: 0
  56: 0
  57: 0
  58: 0
  59: 0
  60: 0
  61: 0
  62: 0
  63: 0
===
root: # Stats
 contention: # Contention simulation stats
  domain-0: # Domain stats
   time: 639896403 # Weave simulation time
 time: # Simulator time breakdown
  init: 270118502463
  bound: 21257069981
  weave: 9594362936
  ff: 0
 trigger: 20000 # Reason for this stats dump
 phase: 10836 # Simulated phases
 westmere: # Core stats
  westmere-0: # Core stats
   cycles: 108360086 # Simulated unhalted cycles
   cCycles: 8181952 # Cycles due to contention stalls
   instrs: 100002277 # Simulated instructions
   uops: 113802539 # Retired micro-ops
   bbls: 14845360 # Basic blocks
   approxInstrs: 596117 # Instrs with approx uop decoding
   mispredBranches: 789655 # Mispredicted branches
   condBranches: 12874391 # conditional branches
 l1i: # Cache stats
  l1i-0: # Filter cache stats
   fhGETS: 19607258 # Filtered GETS hits
   fhGETX: 0 # Filtered GETX hits
   hGETS: 198 # GETS hits
   hGETX: 0 # GETX hits
   mGETS: 162 # GETS misses
   mGETXIM: 0 # GETX I->M misses
   mGETXSM: 0 # GETX S->M misses (upgrade misses)
   PUTS: 0 # Clean evictions (from lower level)
   PUTX: 0 # Dirty evictions (from lower level)
   INV: 0 # Invalidates (from upper level)
   INVX: 0 # Downgrades (from upper level)
   FWD: 0 # Forwards (from upper level)
   latGETnl: 20088 # GET request latency on next level
   latGETnet: 0 # GET request latency on network to next level
 l1d: # Cache stats
  l1d-0: # Filter cache stats
   fhGETS: 25382822 # Filtered GETS hits
   fhGETX: 11421655 # Filtered GETX hits
   hGETS: 977351 # GETS hits
   hGETX: 1642429 # GETX hits
   mGETS: 1935354 # GETS misses
   mGETXIM: 1092926 # GETX I->M misses
   mGETXSM: 0 # GETX S->M misses (upgrade misses)
   PUTS: 0 # Clean evictions (from lower level)
   PUTX: 0 # Dirty evictions (from lower level)
   INV: 0 # Invalidates (from upper level)
   INVX: 0 # Downgrades (from upper level)
   FWD: 0 # Forwards (from upper level)
   latGETnl: 103090358 # GET request latency on next level
   latGETnet: 0 # GET request latency on network to next level
 l2: # Cache stats
  l2-0: # Cache stats
   hGETS: 940321 # GETS hits
   hGETX: 118812 # GETX hits
   mGETS: 995195 # GETS misses
   mGETXIM: 974114 # GETX I->M misses
   mGETXSM: 0 # GETX S->M misses (upgrade misses)
   PUTS: 942995 # Clean evictions (from lower level)
   PUTX: 2084773 # Dirty evictions (from lower level)
   INV: 0 # Invalidates (from upper level)
   INVX: 0 # Downgrades (from upper level)
   FWD: 0 # Forwards (from upper level)
   latGETnl: 72826026 # GET request latency on next level
   latGETnet: 0 # GET request latency on network to next level
 l3: # Cache stats
  l3-0: # Cache stats
   hGETS: 891674 # GETS hits
   hGETX: 793606 # GETX hits
   mGETS: 103521 # GETS misses
   mGETXIM: 180508 # GETX I->M misses
   mGETXSM: 0 # GETX S->M misses (upgrade misses)
   PUTS: 580338 # Clean evictions (from lower level)
   PUTX: 1384875 # Dirty evictions (from lower level)
   INV: 0 # Invalidates (from upper level)
   INVX: 0 # Downgrades (from upper level)
   FWD: 0 # Forwards (from upper level)
   latGETnl: 25562610 # GET request latency on next level
   latGETnet: 0 # GET request latency on network to next level
 mem: # Memory controller stats
  mem-0: # Memory controller stats
   rd: 70820 # Read requests
   wr: 51661 # Write requests
   rdlat: 9655315 # Total latency experienced by read requests
   wrlat: 7567668 # Total latency experienced by write requests
   rdhits: 1866 # Read row hits
   wrhits: 616 # Write row hits
   mlh: # latency histogram for memory requests
    0: 0
    1: 0
    2: 0
    3: 0
    4: 0
    5: 0
    6: 0
    7: 0
    8: 0
    9: 0
    10: 0
    11: 236
    12: 232
    13: 64382
    14: 1419
    15: 1106
    16: 666
    17: 337
    18: 372
    19: 398
    20: 420
    21: 256
    22: 87
    23: 90
    24: 68
    25: 55
    26: 35
    27: 27
    28: 30
    29: 37
    30: 27
    31: 44
    32: 39
    33: 29
    34: 49
    35: 30
    36: 31
    37: 48
    38: 38
    39: 39
    40: 48
    41: 38
    42: 47
    43: 19
    44: 7
    45: 4
    46: 11
    47: 8
    48: 6
    49: 1
    50: 1
    51: 0
    52: 1
    53: 0
    54: 0
    55: 0
    56: 0
    57: 0
    58: 0
    59: 0
    60: 0
    61: 0
    62: 0
    63: 0
    64: 0
    65: 1
    66: 1
    67: 0
    68: 0
    69: 0
    70: 0
    71: 0
    72: 0
    73: 0
    74: 0
    75: 0
    76: 0
    77: 0
    78: 0
    79: 0
    80: 0
    81: 0
    82: 0
    83: 0
    84: 0
    85: 0
    86: 0
    87: 0
    88: 0
    89: 0
    90: 0
    91: 0
    92: 0
    93: 0
    94: 0
    95: 0
    96: 0
    97: 0
    98: 0
    99: 0
  mem-1: # Memory controller stats
   rd: 71141 # Read requests
   wr: 52103 # Write requests
   rdlat: 9722018 # Total latency experienced by read requests
   wrlat: 7689141 # Total latency experienced by write requests
   rdhits: 2051 # Read row hits
   wrhits: 720 # Write row hits
   mlh: # latency histogram for memory requests
    0: 0
    1: 0
    2: 0
    3: 0
    4: 0
    5: 0
    6: 0
    7: 0
    8: 0
    9: 0
    10: 0
    11: 248
    12: 291
    13: 64478
    14: 1368
    15: 1105
    16: 671
    17: 366
    18: 407
    19: 424
    20: 462
    21: 261
    22: 96
    23: 91
    24: 75
    25: 46
    26: 36
    27: 34
    28: 36
    29: 32
    30: 44
    31: 33
    32: 37
    33: 52
    34: 44
    35: 50
    36: 40
    37: 53
    38: 47
    39: 36
    40: 40
    41: 38
    42: 46
    43: 20
    44: 4
    45: 5
    46: 4
    47: 4
    48: 3
    49: 0
    50: 1
    51: 1
    52: 2
    53: 3
    54: 0
    55: 0
    56: 7
    57: 0
    58: 0
    59: 0
    60: 0
    61: 0
    62: 0
    63: 0
    64: 0
    65: 0
    66: 0
    67: 0
    68: 0
    69: 0
    70: 0
    71: 0
    72: 0
    73: 0
    74: 0
    75: 0
    76: 0
    77: 0
    78: 0
    79: 0
    80: 0
    81: 0
    82: 0
    83: 0
    84: 0
    85: 0
    86: 0
    87: 0
    88: 0
    89: 0
    90: 0
    91: 0
    92: 0
    93: 0
    94: 0
    95: 0
    96: 0
    97: 0
    98: 0
    99: 0
  mem-2: # Memory controller stats
   rd: 71280 # Read requests
   wr: 52176 # Write requests
   rdlat: 9746622 # Total latency experienced by read requests
   wrlat: 7758911 # Total latency experienced by write requests
   rdhits: 2159 # Read row hits
   wrhits: 719 # Write row hits
   mlh: # latency histogram for memory requests
    0: 0
    1: 0
    2: 0
    3: 0
    4: 0
    5: 0
    6: 0
    7: 0
    8: 0
    9: 2
    10: 0
    11: 263
    12: 272
    13: 64396
    14: 1434
    15: 1089
    16: 713
    17: 370
    18: 414
    19: 441
    20: 459
    21: 297
    22: 115
    23: 103
    24: 80
    25: 59
    26: 58
    27: 44
    28: 44
    29: 29
    30: 39
    31: 41
    32: 44
    33: 45
    34: 48
    35: 27
    36: 43
    37: 49
    38: 37
    39: 38
    40: 43
    41: 39
    42: 50
    43: 14
    44: 10
    45: 14
    46: 8
    47: 0
    48: 2
    49: 1
    50: 1
    51: 0
    52: 0
    53: 0
    54: 0
    55: 0
    56: 0
    57: 0
    58: 0
    59: 1
    60: 1
    61: 0
    62: 1
    63: 1
    64: 0
    65: 1
    66: 0
    67: 0
    68: 0
    69: 0
    70: 0
    71: 0
    72: 0
    73: 0
    74: 0
    75: 0
    76: 0
    77: 0
    78: 0
    79: 0
    80: 0
    81: 0
    82: 0
    83: 0
    84: 0
    85: 0
    86: 0
    87: 0
    88: 0
    89: 0
    90: 0
    91: 0
    92: 0
    93: 0
    94: 0
    95: 0
    96: 0
    97: 0
    98: 0
    99: 0
  mem-3: # Memory controller stats
   rd: 70788 # Read requests
   wr: 51772 # Write requests
   rdlat: 9659426 # Total latency experienced by read requests
   wrlat: 7561942 # Total latency experienced by write requests
   rdhits: 1826 # Read row hits
   wrhits: 550 # Write row hits
   mlh: # latency histogram for memory requests
    0: 0
    1: 0
    2: 0
    3: 0
    4: 0
    5: 0
    6: 0
    7: 0
    8: 0
    9: 0
    10: 0
    11: 224
    12: 264
    13: 64363
    14: 1457
    15: 1074
    16: 647
    17: 344
    18: 374
    19: 371
    20: 383
    21: 230
    22: 80
    23: 103
    24: 83
    25: 58
    26: 46
    27: 30
    28: 35
    29: 28
    30: 48
    31: 45
    32: 36
    33: 40
    34: 31
    35: 32
    36: 29
    37: 49
    38: 48
    39: 49
    40: 50
    41: 32
    42: 48
    43: 16
    44: 10
    45: 4
    46: 2
    47: 4
    48: 8
    49: 3
    50: 3
    51: 0
    52: 0
    53: 1
    54: 0
    55: 0
    56: 1
    57: 1
    58: 0
    59: 1
    60: 1
    61: 0
    62: 1
    63: 0
    64: 0
    65: 0
    66: 1
    67: 0
    68: 0
    69: 0
    70: 0
    71: 0
    72: 0
    73: 0
    74: 0
    75: 0
    76: 0
    77: 0
    78: 0
    79: 0
    80: 0
    81: 0
    82: 0
    83: 0
    84: 0
    85: 0
    86: 0
    87: 0
    88: 0
    89: 0
    90: 0
    91: 0
    92: 0
    93: 0
    94: 0
    95: 0
    96: 0
    97: 0
    98: 0
    99: 0
 sched: # Scheduler stats
  thCr: 1 # Threads created
  thFn: 1 # Threads finished
  schedEvs: 1 # Schedule events
  waitEvs: 0 # Wait events
  handoffEvs: 0 # Handoff events
  sleepEvs: 0 # Sleep events
  idlePhases: 0 # Phases with no thread active
  idlePeriods: 0 # Periods with no thread active
  occHist: # Occupancy histogram
   0: 0
   1: 10836
  rqSzHist: # Run queue size histogram
   0: 10836
   1: 0
   2: 0
   3: 0
   4: 0
   5: 0
   6: 0
   7: 0
   8: 0
   9: 0
   10: 0
   11: 0
   12: 0
   13: 0
   14: 0
   15: 0
   16: 0
 procCycles: # Per-process unhalted core cycles
  0: 108360086
  1: 0
  2: 0
  3: 0
  4: 0
  5: 0
  6: 0
  7: 0
  8: 0
  9: 0
  10: 0
  11: 0
  12: 0
  13: 0
  14: 0
  15: 0
  16: 0
  17: 0
  18: 0
  19: 0
  20: 0
  21: 0
  22: 0
  23: 0
  24: 0
  25: 0
  26: 0
  27: 0
  28: 0
  29: 0
  30: 0
  31: 0
  32: 0
  33: 0
  34: 0
  35: 0
  36: 0
  37: 0
  38: 0
  39: 0
  40: 0
  41: 0
  42: 0
  43: 0
  44: 0
  45: 0
  46: 0
  47: 0
  48: 0
  49: 0
  50: 0
  51: 0
  52: 0
  53: 0
  54: 0
  55: 0
  56: 0
  57: 0
  58: 0
  59: 0
  60: 0
  61: 0
  62: 0
  63: 0
 procInstrs: # Per-process instructions
  0: 100002277
  1: 0
  2: 0
  3: 0
  4: 0
  5: 0
  6: 0
  7: 0
  8: 0
  9: 0
  10: 0
  11: 0
  12: 0
  13: 0
  14: 0
  15: 0
  16: 0
  17: 0
  18: 0
  19: 0
  20: 0
  21: 0
  22: 0
  23: 0
  24: 0
  25: 0
  26: 0
  27: 0
  28: 0
  29: 0
  30: 0
  31: 0
  32: 0
  33: 0
  34: 0
  35: 0
  36: 0
  37: 0
  38: 0
  39: 0
  40: 0
  41: 0
  42: 0
  43: 0
  44: 0
  45: 0
  46: 0
  47: 0
  48: 0
  49: 0
  50: 0
  51: 0
  52: 0
  53: 0
  54: 0
  55: 0
  56: 0
  57: 0
  58: 0
  59: 0
  60: 0
  61: 0
  62: 0
  63: 0
 heartbeats: # Per-process heartbeats
  0: 0
  1: 0
  2: 0
  3: 0
  4: 0
  5: 0
  6: 0
  7: 0
  8: 0
  9: 0
  10: 0
  11: 0
  12: 0
  13: 0
  14: 0
  15: 0
  16: 0
  17: 0
  18: 0
  19: 0
  20: 0
  21: 0
  22: 0
  23: 0
  24: 0
  25: 0
  26: 0
  27: 0
  28: 0
  29: 0
  30: 0
  31: 0
  32: 0
  33: 0
  34: 0
  35: 0
  36: 0
  37: 0
  38: 0
  39: 0
  40: 0
  41: 0
  42: 0
  43: 0
  44: 0
  45: 0
  46: 0
  47: 0
  48: 0
  49: 0
  50: 0
  51: 0
  52: 0
  53: 0
  54: 0
  55: 0
  56: 0
  57: 0
  58: 0
  59: 0
  60: 0
  61: 0
  62: 0
  63: 0
===
root: # Stats
 contention: # Contention simulation stats
  domain-0: # Domain stats
   time: 584305411 # Weave simulation time
 time: # Simulator time breakdown
  init: 290539210814
  bound: 26057103332
  weave: 11131657691
  ff: 0
 trigger: 20000 # Reason for this stats dump
 phase: 10836 # Simulated phases
 westmere: # Core stats
  westmere-0: # Core stats
   cycles: 108360086 # Simulated unhalted cycles
   cCycles: 8181952 # Cycles due to contention stalls
   instrs: 100002277 # Simulated instructions
   uops: 113802539 # Retired micro-ops
   bbls: 14845360 # Basic blocks
   approxInstrs: 596117 # Instrs with approx uop decoding
   mispredBranches: 789655 # Mispredicted branches
   condBranches: 12874391 # conditional branches
 l1i: # Cache stats
  l1i-0: # Filter cache stats
   fhGETS: 19607258 # Filtered GETS hits
   fhGETX: 0 # Filtered GETX hits
   hGETS: 198 # GETS hits
   hGETX: 0 # GETX hits
   mGETS: 162 # GETS misses
   mGETXIM: 0 # GETX I->M misses
   mGETXSM: 0 # GETX S->M misses (upgrade misses)
   PUTS: 0 # Clean evictions (from lower level)
   PUTX: 0 # Dirty evictions (from lower level)
   INV: 0 # Invalidates (from upper level)
   INVX: 0 # Downgrades (from upper level)
   FWD: 0 # Forwards (from upper level)
   latGETnl: 20088 # GET request latency on next level
   latGETnet: 0 # GET request latency on network to next level
 l1d: # Cache stats
  l1d-0: # Filter cache stats
   fhGETS: 25382822 # Filtered GETS hits
   fhGETX: 11421655 # Filtered GETX hits
   hGETS: 977351 # GETS hits
   hGETX: 1642429 # GETX hits
   mGETS: 1935354 # GETS misses
   mGETXIM: 1092926 # GETX I->M misses
   mGETXSM: 0 # GETX S->M misses (upgrade misses)
   PUTS: 0 # Clean evictions (from lower level)
   PUTX: 0 # Dirty evictions (from lower level)
   INV: 0 # Invalidates (from upper level)
   INVX: 0 # Downgrades (from upper level)
   FWD: 0 # Forwards (from upper level)
   latGETnl: 103090358 # GET request latency on next level
   latGETnet: 0 # GET request latency on network to next level
 l2: # Cache stats
  l2-0: # Cache stats
   hGETS: 940321 # GETS hits
   hGETX: 118812 # GETX hits
   mGETS: 995195 # GETS misses
   mGETXIM: 974114 # GETX I->M misses
   mGETXSM: 0 # GETX S->M misses (upgrade misses)
   PUTS: 942995 # Clean evictions (from lower level)
   PUTX: 2084773 # Dirty evictions (from lower level)
   INV: 0 # Invalidates (from upper level)
   INVX: 0 # Downgrades (from upper level)
   FWD: 0 # Forwards (from upper level)
   latGETnl: 72826026 # GET request latency on next level
   latGETnet: 0 # GET request latency on network to next level
 l3: # Cache stats
  l3-0: # Cache stats
   hGETS: 891674 # GETS hits
   hGETX: 793606 # GETX hits
   mGETS: 103521 # GETS misses
   mGETXIM: 180508 # GETX I->M misses
   mGETXSM: 0 # GETX S->M misses (upgrade misses)
   PUTS: 580338 # Clean evictions (from lower level)
   PUTX: 1384875 # Dirty evictions (from lower level)
   INV: 0 # Invalidates (from upper level)
   INVX: 0 # Downgrades (from upper level)
   FWD: 0 # Forwards (from upper level)
   latGETnl: 25562610 # GET request latency on next level
   latGETnet: 0 # GET request latency on network to next level
 mem: # Memory controller stats
  mem-0: # Memory controller stats
   rd: 70820 # Read requests
   wr: 51661 # Write requests
   rdlat: 9655315 # Total latency experienced by read requests
   wrlat: 7567668 # Total latency experienced by write requests
   rdhits: 1866 # Read row hits
   wrhits: 616 # Write row hits
   mlh: # latency histogram for memory requests
    0: 0
    1: 0
    2: 0
    3: 0
    4: 0
    5: 0
    6: 0
    7: 0
    8: 0
    9: 0
    10: 0
    11: 236
    12: 232
    13: 64382
    14: 1419
    15: 1106
    16: 666
    17: 337
    18: 372
    19: 398
    20: 420
    21: 256
    22: 87
    23: 90
    24: 68
    25: 55
    26: 35
    27: 27
    28: 30
    29: 37
    30: 27
    31: 44
    32: 39
    33: 29
    34: 49
    35: 30
    36: 31
    37: 48
    38: 38
    39: 39
    40: 48
    41: 38
    42: 47
    43: 19
    44: 7
    45: 4
    46: 11
    47: 8
    48: 6
    49: 1
    50: 1
    51: 0
    52: 1
    53: 0
    54: 0
    55: 0
    56: 0
    57: 0
    58: 0
    59: 0
    60: 0
    61: 0
    62: 0
    63: 0
    64: 0
    65: 1
    66: 1
    67: 0
    68: 0
    69: 0
    70: 0
    71: 0
    72: 0
    73: 0
    74: 0
    75: 0
    76: 0
    77: 0
    78: 0
    79: 0
    80: 0
    81: 0
    82: 0
    83: 0
    84: 0
    85: 0
    86: 0
    87: 0
    88: 0
    89: 0
    90: 0
    91: 0
    92: 0
    93: 0
    94: 0
    95: 0
    96: 0
    97: 0
    98: 0
    99: 0
  mem-1: # Memory controller stats
   rd: 71141 # Read requests
   wr: 52103 # Write requests
   rdlat: 9722018 # Total latency experienced by read requests
   wrlat: 7689141 # Total latency experienced by write requests
   rdhits: 2051 # Read row hits
   wrhits: 720 # Write row hits
   mlh: # latency histogram for memory requests
    0: 0
    1: 0
    2: 0
    3: 0
    4: 0
    5: 0
    6: 0
    7: 0
    8: 0
    9: 0
    10: 0
    11: 248
    12: 291
    13: 64478
    14: 1368
    15: 1105
    16: 671
    17: 366
    18: 407
    19: 424
    20: 462
    21: 261
    22: 96
    23: 91
    24: 75
    25: 46
    26: 36
    27: 34
    28: 36
    29: 32
    30: 44
    31: 33
    32: 37
    33: 52
    34: 44
    35: 50
    36: 40
    37: 53
    38: 47
    39: 36
    40: 40
    41: 38
    42: 46
    43: 20
    44: 4
    45: 5
    46: 4
    47: 4
    48: 3
    49: 0
    50: 1
    51: 1
    52: 2
    53: 3
    54: 0
    55: 0
    56: 7
    57: 0
    58: 0
    59: 0
    60: 0
    61: 0
    62: 0
    63: 0
    64: 0
    65: 0
    66: 0
    67: 0
    68: 0
    69: 0
    70: 0
    71: 0
    72: 0
    73: 0
    74: 0
    75: 0
    76: 0
    77: 0
    78: 0
    79: 0
    80: 0
    81: 0
    82: 0
    83: 0
    84: 0
    85: 0
    86: 0
    87: 0
    88: 0
    89: 0
    90: 0
    91: 0
    92: 0
    93: 0
    94: 0
    95: 0
    96: 0
    97: 0
    98: 0
    99: 0
  mem-2: # Memory controller stats
   rd: 71280 # Read requests
   wr: 52176 # Write requests
   rdlat: 9746622 # Total latency experienced by read requests
   wrlat: 7758911 # Total latency experienced by write requests
   rdhits: 2159 # Read row hits
   wrhits: 719 # Write row hits
   mlh: # latency histogram for memory requests
    0: 0
    1: 0
    2: 0
    3: 0
    4: 0
    5: 0
    6: 0
    7: 0
    8: 0
    9: 2
    10: 0
    11: 263
    12: 272
    13: 64396
    14: 1434
    15: 1089
    16: 713
    17: 370
    18: 414
    19: 441
    20: 459
    21: 297
    22: 115
    23: 103
    24: 80
    25: 59
    26: 58
    27: 44
    28: 44
    29: 29
    30: 39
    31: 41
    32: 44
    33: 45
    34: 48
    35: 27
    36: 43
    37: 49
    38: 37
    39: 38
    40: 43
    41: 39
    42: 50
    43: 14
    44: 10
    45: 14
    46: 8
    47: 0
    48: 2
    49: 1
    50: 1
    51: 0
    52: 0
    53: 0
    54: 0
    55: 0
    56: 0
    57: 0
    58: 0
    59: 1
    60: 1
    61: 0
    62: 1
    63: 1
    64: 0
    65: 1
    66: 0
    67: 0
    68: 0
    69: 0
    70: 0
    71: 0
    72: 0
    73: 0
    74: 0
    75: 0
    76: 0
    77: 0
    78: 0
    79: 0
    80: 0
    81: 0
    82: 0
    83: 0
    84: 0
    85: 0
    86: 0
    87: 0
    88: 0
    89: 0
    90: 0
    91: 0
    92: 0
    93: 0
    94: 0
    95: 0
    96: 0
    97: 0
    98: 0
    99: 0
  mem-3: # Memory controller stats
   rd: 70788 # Read requests
   wr: 51772 # Write requests
   rdlat: 9659426 # Total latency experienced by read requests
   wrlat: 7561942 # Total latency experienced by write requests
   rdhits: 1826 # Read row hits
   wrhits: 550 # Write row hits
   mlh: # latency histogram for memory requests
    0: 0
    1: 0
    2: 0
    3: 0
    4: 0
    5: 0
    6: 0
    7: 0
    8: 0
    9: 0
    10: 0
    11: 224
    12: 264
    13: 64363
    14: 1457
    15: 1074
    16: 647
    17: 344
    18: 374
    19: 371
    20: 383
    21: 230
    22: 80
    23: 103
    24: 83
    25: 58
    26: 46
    27: 30
    28: 35
    29: 28
    30: 48
    31: 45
    32: 36
    33: 40
    34: 31
    35: 32
    36: 29
    37: 49
    38: 48
    39: 49
    40: 50
    41: 32
    42: 48
    43: 16
    44: 10
    45: 4
    46: 2
    47: 4
    48: 8
    49: 3
    50: 3
    51: 0
    52: 0
    53: 1
    54: 0
    55: 0
    56: 1
    57: 1
    58: 0
    59: 1
    60: 1
    61: 0
    62: 1
    63: 0
    64: 0
    65: 0
    66: 1
    67: 0
    68: 0
    69: 0
    70: 0
    71: 0
    72: 0
    73: 0
    74: 0
    75: 0
    76: 0
    77: 0
    78: 0
    79: 0
    80: 0
    81: 0
    82: 0
    83: 0
    84: 0
    85: 0
    86: 0
    87: 0
    88: 0
    89: 0
    90: 0
    91: 0
    92: 0
    93: 0
    94: 0
    95: 0
    96: 0
    97: 0
    98: 0
    99: 0
 sched: # Scheduler stats
  thCr: 1 # Threads created
  thFn: 1 # Threads finished
  schedEvs: 1 # Schedule events
  waitEvs: 0 # Wait events
  handoffEvs: 0 # Handoff events
  sleepEvs: 0 # Sleep events
  idlePhases: 0 # Phases with no thread active
  idlePeriods: 0 # Periods with no thread active
  occHist: # Occupancy histogram
   0: 0
   1: 10836
  rqSzHist: # Run queue size histogram
   0: 10836
   1: 0
   2: 0
   3: 0
   4: 0
   5: 0
   6: 0
   7: 0
   8: 0
   9: 0
   10: 0
   11: 0
   12: 0
   13: 0
   14: 0
   15: 0
   16: 0
 procCycles: # Per-process unhalted core cycles
  0: 108360086
  1: 0
  2: 0
  3: 0
  4: 0
  5: 0
  6: 0
  7: 0
  8: 0
  9: 0
  10: 0
  11: 0
  12: 0
  13: 0
  14: 0
  15: 0
  16: 0
  17: 0
  18: 0
  19: 0
  20: 0
  21: 0
  22: 0
  23: 0
  24: 0
  25: 0
  26: 0
  27: 0
  28: 0
  29: 0
  30: 0
  31: 0
  32: 0
  33: 0
  34: 0
  35: 0
  36: 0
  37: 0
  38: 0
  39: 0
  40: 0
  41: 0
  42: 0
  43: 0
  44: 0
  45: 0
  46: 0
  47: 0
  48: 0
  49: 0
  50: 0
  51: 0
  52: 0
  53: 0
  54: 0
  55: 0
  56: 0
  57: 0
  58: 0
  59: 0
  60: 0
  61: 0
  62: 0
  63: 0
 procInstrs: # Per-process instructions
  0: 100002277
  1: 0
  2: 0
  3: 0
  4: 0
  5: 0
  6: 0
  7: 0
  8: 0
  9: 0
  10: 0
  11: 0
  12: 0
  13: 0
  14: 0
  15: 0
  16: 0
  17: 0
  18: 0
  19: 0
  20: 0
  21: 0
  22: 0
  23: 0
  24: 0
  25: 0
  26: 0
  27: 0
  28: 0
  29: 0
  30: 0
  31: 0
  32: 0
  33: 0
  34: 0
  35: 0
  36: 0
  37: 0
  38: 0
  39: 0
  40: 0
  41: 0
  42: 0
  43: 0
  44: 0
  45: 0
  46: 0
  47: 0
  48: 0
  49: 0
  50: 0
  51: 0
  52: 0
  53: 0
  54: 0
  55: 0
  56: 0
  57: 0
  58: 0
  59: 0
  60: 0
  61: 0
  62: 0
  63: 0
 heartbeats: # Per-process heartbeats
  0: 0
  1: 0
  2: 0
  3: 0
  4: 0
  5: 0
  6: 0
  7: 0
  8: 0
  9: 0
  10: 0
  11: 0
  12: 0
  13: 0
  14: 0
  15: 0
  16: 0
  17: 0
  18: 0
  19: 0
  20: 0
  21: 0
  22: 0
  23: 0
  24: 0
  25: 0
  26: 0
  27: 0
  28: 0
  29: 0
  30: 0
  31: 0
  32: 0
  33: 0
  34: 0
  35: 0
  36: 0
  37: 0
  38: 0
  39: 0
  40: 0
  41: 0
  42: 0
  43: 0
  44: 0
  45: 0
  46: 0
  47: 0
  48: 0
  49: 0
  50: 0
  51: 0
  52: 0
  53: 0
  54: 0
  55: 0
  56: 0
  57: 0
  58: 0
  59: 0
  60: 0
  61: 0
  62: 0
  63: 0
===
