# zsim stats
===
root: # Stats
 contention: # Contention simulation stats
  domain-0: # Domain stats
   time: 4797307564 # Weave simulation time
 time: # Simulator time breakdown
  init: 2181184903528
  bound: 22587401187
  weave: 8115268301
  ff: 0
 trigger: 20000 # Reason for this stats dump
 phase: 14741 # Simulated phases
 westmere: # Core stats
  westmere-0: # Core stats
   cycles: 147412522 # Simulated unhalted cycles
   cCycles: 27149369 # Cycles due to contention stalls
   instrs: 100001444 # Simulated instructions
   uops: 114164143 # Retired micro-ops
   bbls: 2330437 # Basic blocks
   approxInstrs: 553218 # Instrs with approx uop decoding
   mispredBranches: 3146 # Mispredicted branches
   condBranches: 916795 # conditional branches
 l1i: # Cache stats
  l1i-0: # Filter cache stats
   fhGETS: 9222609 # Filtered GETS hits
   fhGETX: 0 # Filtered GETX hits
   hGETS: 6 # GETS hits
   hGETX: 0 # GETX hits
   mGETS: 3208 # GETS misses
   mGETXIM: 0 # GETX I->M misses
   mGETXSM: 0 # GETX S->M misses (upgrade misses)
   PUTS: 0 # Clean evictions (from lower level)
   PUTX: 0 # Dirty evictions (from lower level)
   INV: 3124 # Invalidates (from upper level)
   INVX: 0 # Downgrades (from upper level)
   FWD: 0 # Forwards (from upper level)
   latGETnl: 397792 # GET request latency on next level
   latGETnet: 0 # GET request latency on network to next level
 l1d: # Cache stats
  l1d-0: # Filter cache stats
   fhGETS: 18030971 # Filtered GETS hits
   fhGETX: 5399751 # Filtered GETX hits
   hGETS: 950953 # GETS hits
   hGETX: 756495 # GETX hits
   mGETS: 789515 # GETS misses
   mGETXIM: 4306579 # GETX I->M misses
   mGETXSM: 0 # GETX S->M misses (upgrade misses)
   PUTS: 0 # Clean evictions (from lower level)
   PUTX: 0 # Dirty evictions (from lower level)
   INV: 109584 # Invalidates (from upper level)
   INVX: 0 # Downgrades (from upper level)
   FWD: 0 # Forwards (from upper level)
   latGETnl: 410475228 # GET request latency on next level
   latGETnet: 0 # GET request latency on network to next level
 l2: # Cache stats
  l2-0: # Cache stats
   hGETS: 98 # GETS hits
   hGETX: 1942264 # GETX hits
   mGETS: 792625 # GETS misses
   mGETXIM: 2364315 # GETX I->M misses
   mGETXSM: 0 # GETX S->M misses (upgrade misses)
   PUTS: 753899 # Clean evictions (from lower level)
   PUTX: 4232101 # Dirty evictions (from lower level)
   INV: 168385 # Invalidates (from upper level)
   INVX: 0 # Downgrades (from upper level)
   FWD: 0 # Forwards (from upper level)
   latGETnl: 359880000 # GET request latency on next level
   latGETnet: 0 # GET request latency on network to next level
 l3: # Cache stats
  l3-0: # Cache stats
   hGETS: 76 # GETS hits
   hGETX: 48 # GETX hits
   mGETS: 792549 # GETS misses
   mGETXIM: 2364267 # GETX I->M misses
   mGETXSM: 0 # GETX S->M misses (upgrade misses)
   PUTS: 739087 # Clean evictions (from lower level)
   PUTX: 2245378 # Dirty evictions (from lower level)
   INV: 0 # Invalidates (from upper level)
   INVX: 0 # Downgrades (from upper level)
   FWD: 0 # Forwards (from upper level)
   latGETnl: 284113440 # GET request latency on next level
   latGETnet: 0 # GET request latency on network to next level
 mem: # Memory controller stats
  mem-0: # Memory controller stats
   rd: 789118 # Read requests
   wr: 588392 # Write requests
   rdlat: 113114347 # Total latency experienced by read requests
   wrlat: 104784678 # Total latency experienced by write requests
   rdhits: 482 # Read row hits
   wrhits: 16237 # Write row hits
   mlh: # latency histogram for memory requests
    0: 0
    1: 0
    2: 0
    3: 0
    4: 0
    5: 0
    6: 0
    7: 0
    8: 0
    9: 0
    10: 0
    11: 7
    12: 9
    13: 453288
    14: 162807
    15: 108394
    16: 9570
    17: 29564
    18: 1327
    19: 2679
    20: 3293
    21: 4460
    22: 2868
    23: 2099
    24: 1094
    25: 609
    26: 421
    27: 652
    28: 523
    29: 502
    30: 349
    31: 340
    32: 285
    33: 377
    34: 347
    35: 276
    36: 247
    37: 240
    38: 224
    39: 354
    40: 296
    41: 347
    42: 351
    43: 176
    44: 118
    45: 72
    46: 98
    47: 91
    48: 200
    49: 91
    50: 22
    51: 5
    52: 10
    53: 14
    54: 12
    55: 2
    56: 0
    57: 4
    58: 3
    59: 1
    60: 0
    61: 0
    62: 0
    63: 0
    64: 0
    65: 0
    66: 0
    67: 0
    68: 0
    69: 0
    70: 0
    71: 0
    72: 0
    73: 0
    74: 0
    75: 0
    76: 0
    77: 0
    78: 0
    79: 0
    80: 0
    81: 0
    82: 0
    83: 0
    84: 0
    85: 0
    86: 0
    87: 0
    88: 0
    89: 0
    90: 0
    91: 0
    92: 0
    93: 0
    94: 0
    95: 0
    96: 0
    97: 0
    98: 0
    99: 0
  mem-1: # Memory controller stats
   rd: 788980 # Read requests
   wr: 588233 # Write requests
   rdlat: 112899205 # Total latency experienced by read requests
   wrlat: 103341896 # Total latency experienced by write requests
   rdhits: 477 # Read row hits
   wrhits: 16643 # Write row hits
   mlh: # latency histogram for memory requests
    0: 0
    1: 0
    2: 0
    3: 0
    4: 0
    5: 0
    6: 0
    7: 0
    8: 0
    9: 0
    10: 0
    11: 2
    12: 11
    13: 456056
    14: 162784
    15: 106719
    16: 11136
    17: 29976
    18: 1134
    19: 2151
    20: 2590
    21: 3649
    22: 2391
    23: 1853
    24: 959
    25: 689
    26: 416
    27: 512
    28: 441
    29: 428
    30: 378
    31: 357
    32: 306
    33: 368
    34: 318
    35: 257
    36: 247
    37: 235
    38: 228
    39: 391
    40: 320
    41: 352
    42: 324
    43: 191
    44: 131
    45: 58
    46: 97
    47: 126
    48: 207
    49: 101
    50: 35
    51: 12
    52: 13
    53: 13
    54: 9
    55: 5
    56: 1
    57: 2
    58: 1
    59: 0
    60: 0
    61: 0
    62: 0
    63: 0
    64: 0
    65: 0
    66: 0
    67: 0
    68: 0
    69: 0
    70: 0
    71: 0
    72: 0
    73: 0
    74: 0
    75: 0
    76: 0
    77: 0
    78: 0
    79: 0
    80: 0
    81: 0
    82: 0
    83: 0
    84: 0
    85: 0
    86: 0
    87: 0
    88: 0
    89: 0
    90: 0
    91: 0
    92: 0
    93: 0
    94: 0
    95: 0
    96: 0
    97: 0
    98: 0
    99: 0
  mem-2: # Memory controller stats
   rd: 789438 # Read requests
   wr: 588708 # Write requests
   rdlat: 113154426 # Total latency experienced by read requests
   wrlat: 104878127 # Total latency experienced by write requests
   rdhits: 503 # Read row hits
   wrhits: 16732 # Write row hits
   mlh: # latency histogram for memory requests
    0: 0
    1: 0
    2: 0
    3: 0
    4: 0
    5: 0
    6: 0
    7: 0
    8: 0
    9: 0
    10: 0
    11: 3
    12: 18
    13: 453533
    14: 162828
    15: 108632
    16: 9489
    17: 29341
    18: 1413
    19: 2643
    20: 3324
    21: 4442
    22: 2927
    23: 2114
    24: 1119
    25: 654
    26: 415
    27: 629
    28: 496
    29: 462
    30: 312
    31: 331
    32: 305
    33: 362
    34: 353
    35: 289
    36: 252
    37: 216
    38: 229
    39: 400
    40: 324
    41: 357
    42: 349
    43: 165
    44: 100
    45: 51
    46: 84
    47: 99
    48: 207
    49: 86
    50: 33
    51: 19
    52: 14
    53: 9
    54: 8
    55: 1
    56: 1
    57: 0
    58: 0
    59: 0
    60: 0
    61: 0
    62: 0
    63: 0
    64: 0
    65: 0
    66: 0
    67: 0
    68: 0
    69: 0
    70: 0
    71: 0
    72: 0
    73: 0
    74: 0
    75: 0
    76: 0
    77: 0
    78: 0
    79: 0
    80: 0
    81: 0
    82: 0
    83: 0
    84: 0
    85: 0
    86: 0
    87: 0
    88: 0
    89: 0
    90: 0
    91: 0
    92: 0
    93: 0
    94: 0
    95: 0
    96: 0
    97: 0
    98: 0
    99: 0
  mem-3: # Memory controller stats
   rd: 789218 # Read requests
   wr: 588551 # Write requests
   rdlat: 112871395 # Total latency experienced by read requests
   wrlat: 103452686 # Total latency experienced by write requests
   rdhits: 461 # Read row hits
   wrhits: 16296 # Write row hits
   mlh: # latency histogram for memory requests
    0: 0
    1: 0
    2: 0
    3: 0
    4: 0
    5: 0
    6: 0
    7: 0
    8: 0
    9: 1
    10: 0
    11: 0
    12: 21
    13: 456053
    14: 162952
    15: 107074
    16: 11099
    17: 29971
    18: 1038
    19: 2084
    20: 2676
    21: 3743
    22: 2508
    23: 1857
    24: 954
    25: 597
    26: 403
    27: 481
    28: 479
    29: 395
    30: 320
    31: 321
    32: 294
    33: 340
    34: 347
    35: 263
    36: 233
    37: 233
    38: 222
    39: 350
    40: 315
    41: 314
    42: 339
    43: 214
    44: 146
    45: 72
    46: 90
    47: 98
    48: 171
    49: 93
    50: 10
    51: 7
    52: 12
    53: 9
    54: 14
    55: 1
    56: 2
    57: 1
    58: 1
    59: 0
    60: 0
    61: 0
    62: 0
    63: 0
    64: 0
    65: 0
    66: 0
    67: 0
    68: 0
    69: 0
    70: 0
    71: 0
    72: 0
    73: 0
    74: 0
    75: 0
    76: 0
    77: 0
    78: 0
    79: 0
    80: 0
    81: 0
    82: 0
    83: 0
    84: 0
    85: 0
    86: 0
    87: 0
    88: 0
    89: 0
    90: 0
    91: 0
    92: 0
    93: 0
    94: 0
    95: 0
    96: 0
    97: 0
    98: 0
    99: 0
 sched: # Scheduler stats
  thCr: 1 # Threads created
  thFn: 1 # Threads finished
  schedEvs: 1 # Schedule events
  waitEvs: 0 # Wait events
  handoffEvs: 0 # Handoff events
  sleepEvs: 0 # Sleep events
  idlePhases: 0 # Phases with no thread active
  idlePeriods: 0 # Periods with no thread active
  occHist: # Occupancy histogram
   0: 0
   1: 14741
  rqSzHist: # Run queue size histogram
   0: 14741
   1: 0
   2: 0
   3: 0
   4: 0
   5: 0
   6: 0
   7: 0
   8: 0
   9: 0
   10: 0
   11: 0
   12: 0
   13: 0
   14: 0
   15: 0
   16: 0
 procCycles: # Per-process unhalted core cycles
  0: 147412522
  1: 0
  2: 0
  3: 0
  4: 0
  5: 0
  6: 0
  7: 0
  8: 0
  9: 0
  10: 0
  11: 0
  12: 0
  13: 0
  14: 0
  15: 0
  16: 0
  17: 0
  18: 0
  19: 0
  20: 0
  21: 0
  22: 0
  23: 0
  24: 0
  25: 0
  26: 0
  27: 0
  28: 0
  29: 0
  30: 0
  31: 0
  32: 0
  33: 0
  34: 0
  35: 0
  36: 0
  37: 0
  38: 0
  39: 0
  40: 0
  41: 0
  42: 0
  43: 0
  44: 0
  45: 0
  46: 0
  47: 0
  48: 0
  49: 0
  50: 0
  51: 0
  52: 0
  53: 0
  54: 0
  55: 0
  56: 0
  57: 0
  58: 0
  59: 0
  60: 0
  61: 0
  62: 0
  63: 0
 procInstrs: # Per-process instructions
  0: 100001444
  1: 0
  2: 0
  3: 0
  4: 0
  5: 0
  6: 0
  7: 0
  8: 0
  9: 0
  10: 0
  11: 0
  12: 0
  13: 0
  14: 0
  15: 0
  16: 0
  17: 0
  18: 0
  19: 0
  20: 0
  21: 0
  22: 0
  23: 0
  24: 0
  25: 0
  26: 0
  27: 0
  28: 0
  29: 0
  30: 0
  31: 0
  32: 0
  33: 0
  34: 0
  35: 0
  36: 0
  37: 0
  38: 0
  39: 0
  40: 0
  41: 0
  42: 0
  43: 0
  44: 0
  45: 0
  46: 0
  47: 0
  48: 0
  49: 0
  50: 0
  51: 0
  52: 0
  53: 0
  54: 0
  55: 0
  56: 0
  57: 0
  58: 0
  59: 0
  60: 0
  61: 0
  62: 0
  63: 0
 heartbeats: # Per-process heartbeats
  0: 0
  1: 0
  2: 0
  3: 0
  4: 0
  5: 0
  6: 0
  7: 0
  8: 0
  9: 0
  10: 0
  11: 0
  12: 0
  13: 0
  14: 0
  15: 0
  16: 0
  17: 0
  18: 0
  19: 0
  20: 0
  21: 0
  22: 0
  23: 0
  24: 0
  25: 0
  26: 0
  27: 0
  28: 0
  29: 0
  30: 0
  31: 0
  32: 0
  33: 0
  34: 0
  35: 0
  36: 0
  37: 0
  38: 0
  39: 0
  40: 0
  41: 0
  42: 0
  43: 0
  44: 0
  45: 0
  46: 0
  47: 0
  48: 0
  49: 0
  50: 0
  51: 0
  52: 0
  53: 0
  54: 0
  55: 0
  56: 0
  57: 0
  58: 0
  59: 0
  60: 0
  61: 0
  62: 0
  63: 0
===
