# zsim stats
===
root: # Stats
 contention: # Contention simulation stats
  domain-0: # Domain stats
   time: 767992438 # Weave simulation time
 time: # Simulator time breakdown
  init: 8663589844658
  bound: 25615310645
  weave: 4141147484
  ff: 0
 trigger: 20000 # Reason for this stats dump
 phase: 8421 # Simulated phases
 westmere: # Core stats
  westmere-0: # Core stats
   cycles: 84210990 # Simulated unhalted cycles
   cCycles: 9941920 # Cycles due to contention stalls
   instrs: 100009671 # Simulated instructions
   uops: 132226221 # Retired micro-ops
   bbls: 1458082 # Basic blocks
   approxInstrs: 967638 # Instrs with approx uop decoding
   mispredBranches: 1056 # Mispredicted branches
   condBranches: 120271 # conditional branches
 l1i: # Cache stats
  l1i-0: # Filter cache stats
   fhGETS: 6774100 # Filtered GETS hits
   fhGETX: 0 # Filtered GETX hits
   hGETS: 4033623 # GETS hits
   hGETX: 0 # GETX hits
   mGETS: 261 # GETS misses
   mGETXIM: 0 # GETX I->M misses
   mGETXSM: 0 # GETX S->M misses (upgrade misses)
   PUTS: 0 # Clean evictions (from lower level)
   PUTX: 0 # Dirty evictions (from lower level)
   INV: 16 # Invalidates (from upper level)
   INVX: 0 # Downgrades (from upper level)
   FWD: 0 # Forwards (from upper level)
   latGETnl: 32364 # GET request latency on next level
   latGETnet: 0 # GET request latency on network to next level
 l1d: # Cache stats
  l1d-0: # Filter cache stats
   fhGETS: 35603821 # Filtered GETS hits
   fhGETX: 9200398 # Filtered GETX hits
   hGETS: 6602064 # GETS hits
   hGETX: 2009027 # GETX hits
   mGETS: 617589 # GETS misses
   mGETXIM: 139999 # GETX I->M misses
   mGETXSM: 0 # GETX S->M misses (upgrade misses)
   PUTS: 0 # Clean evictions (from lower level)
   PUTX: 0 # Dirty evictions (from lower level)
   INV: 5 # Invalidates (from upper level)
   INVX: 0 # Downgrades (from upper level)
   FWD: 0 # Forwards (from upper level)
   latGETnl: 62579218 # GET request latency on next level
   latGETnet: 0 # GET request latency on network to next level
 l2: # Cache stats
  l2-0: # Cache stats
   hGETS: 257305 # GETS hits
   hGETX: 6 # GETX hits
   mGETS: 360545 # GETS misses
   mGETXIM: 139993 # GETX I->M misses
   mGETXSM: 0 # GETX S->M misses (upgrade misses)
   PUTS: 616418 # Clean evictions (from lower level)
   PUTX: 140653 # Dirty evictions (from lower level)
   INV: 0 # Invalidates (from upper level)
   INVX: 0 # Downgrades (from upper level)
   FWD: 0 # Forwards (from upper level)
   latGETnl: 55033092 # GET request latency on next level
   latGETnet: 0 # GET request latency on network to next level
 l3: # Cache stats
  l3-0: # Cache stats
   hGETS: 17186 # GETS hits
   hGETX: 5350 # GETX hits
   mGETS: 343359 # GETS misses
   mGETXIM: 134643 # GETX I->M misses
   mGETXSM: 0 # GETX S->M misses (upgrade misses)
   PUTS: 356537 # Clean evictions (from lower level)
   PUTX: 139905 # Dirty evictions (from lower level)
   INV: 0 # Invalidates (from upper level)
   INVX: 0 # Downgrades (from upper level)
   FWD: 0 # Forwards (from upper level)
   latGETnl: 43020180 # GET request latency on next level
   latGETnet: 0 # GET request latency on network to next level
 mem: # Memory controller stats
  mem-0: # Memory controller stats
   rd: 119457 # Read requests
   wr: 33845 # Write requests
   rdlat: 17419517 # Total latency experienced by read requests
   wrlat: 5518214 # Total latency experienced by write requests
   rdhits: 8 # Read row hits
   wrhits: 105 # Write row hits
   mlh: # latency histogram for memory requests
    0: 0
    1: 0
    2: 0
    3: 0
    4: 0
    5: 0
    6: 0
    7: 0
    8: 0
    9: 0
    10: 0
    11: 0
    12: 0
    13: 77369
    14: 20709
    15: 6227
    16: 1506
    17: 5043
    18: 931
    19: 1049
    20: 892
    21: 183
    22: 446
    23: 106
    24: 306
    25: 2973
    26: 376
    27: 122
    28: 141
    29: 75
    30: 57
    31: 39
    32: 44
    33: 34
    34: 47
    35: 58
    36: 71
    37: 53
    38: 80
    39: 63
    40: 69
    41: 56
    42: 56
    43: 52
    44: 17
    45: 21
    46: 16
    47: 33
    48: 54
    49: 25
    50: 14
    51: 12
    52: 7
    53: 3
    54: 3
    55: 5
    56: 1
    57: 4
    58: 6
    59: 3
    60: 0
    61: 0
    62: 0
    63: 0
    64: 0
    65: 0
    66: 0
    67: 0
    68: 0
    69: 0
    70: 0
    71: 0
    72: 0
    73: 0
    74: 0
    75: 0
    76: 0
    77: 0
    78: 0
    79: 0
    80: 0
    81: 0
    82: 0
    83: 0
    84: 0
    85: 0
    86: 0
    87: 0
    88: 0
    89: 0
    90: 0
    91: 0
    92: 0
    93: 0
    94: 0
    95: 0
    96: 0
    97: 0
    98: 0
    99: 0
  mem-1: # Memory controller stats
   rd: 119499 # Read requests
   wr: 33849 # Write requests
   rdlat: 17441911 # Total latency experienced by read requests
   wrlat: 5504145 # Total latency experienced by write requests
   rdhits: 6 # Read row hits
   wrhits: 92 # Write row hits
   mlh: # latency histogram for memory requests
    0: 0
    1: 0
    2: 0
    3: 0
    4: 0
    5: 0
    6: 0
    7: 0
    8: 0
    9: 0
    10: 0
    11: 0
    12: 0
    13: 77457
    14: 20669
    15: 6219
    16: 1434
    17: 5021
    18: 901
    19: 1029
    20: 897
    21: 171
    22: 454
    23: 129
    24: 405
    25: 2891
    26: 383
    27: 138
    28: 158
    29: 72
    30: 66
    31: 51
    32: 47
    33: 40
    34: 63
    35: 62
    36: 63
    37: 59
    38: 68
    39: 62
    40: 57
    41: 56
    42: 89
    43: 64
    44: 44
    45: 13
    46: 15
    47: 38
    48: 43
    49: 21
    50: 11
    51: 11
    52: 7
    53: 3
    54: 0
    55: 10
    56: 4
    57: 2
    58: 0
    59: 2
    60: 0
    61: 0
    62: 0
    63: 0
    64: 0
    65: 0
    66: 0
    67: 0
    68: 0
    69: 0
    70: 0
    71: 0
    72: 0
    73: 0
    74: 0
    75: 0
    76: 0
    77: 0
    78: 0
    79: 0
    80: 0
    81: 0
    82: 0
    83: 0
    84: 0
    85: 0
    86: 0
    87: 0
    88: 0
    89: 0
    90: 0
    91: 0
    92: 0
    93: 0
    94: 0
    95: 0
    96: 0
    97: 0
    98: 0
    99: 0
  mem-2: # Memory controller stats
   rd: 119537 # Read requests
   wr: 33892 # Write requests
   rdlat: 17438132 # Total latency experienced by read requests
   wrlat: 5493570 # Total latency experienced by write requests
   rdhits: 3 # Read row hits
   wrhits: 76 # Write row hits
   mlh: # latency histogram for memory requests
    0: 0
    1: 0
    2: 0
    3: 0
    4: 0
    5: 0
    6: 0
    7: 0
    8: 0
    9: 0
    10: 0
    11: 0
    12: 0
    13: 77498
    14: 20675
    15: 6195
    16: 1539
    17: 4988
    18: 924
    19: 1057
    20: 866
    21: 173
    22: 410
    23: 166
    24: 317
    25: 2972
    26: 378
    27: 118
    28: 145
    29: 82
    30: 62
    31: 48
    32: 48
    33: 47
    34: 48
    35: 70
    36: 61
    37: 64
    38: 77
    39: 58
    40: 68
    41: 51
    42: 65
    43: 48
    44: 20
    45: 17
    46: 6
    47: 31
    48: 54
    49: 27
    50: 12
    51: 12
    52: 11
    53: 3
    54: 4
    55: 9
    56: 2
    57: 5
    58: 4
    59: 2
    60: 0
    61: 0
    62: 0
    63: 0
    64: 0
    65: 0
    66: 0
    67: 0
    68: 0
    69: 0
    70: 0
    71: 0
    72: 0
    73: 0
    74: 0
    75: 0
    76: 0
    77: 0
    78: 0
    79: 0
    80: 0
    81: 0
    82: 0
    83: 0
    84: 0
    85: 0
    86: 0
    87: 0
    88: 0
    89: 0
    90: 0
    91: 0
    92: 0
    93: 0
    94: 0
    95: 0
    96: 0
    97: 0
    98: 0
    99: 0
  mem-3: # Memory controller stats
   rd: 119508 # Read requests
   wr: 33875 # Write requests
   rdlat: 17452507 # Total latency experienced by read requests
   wrlat: 5489715 # Total latency experienced by write requests
   rdhits: 1 # Read row hits
   wrhits: 78 # Write row hits
   mlh: # latency histogram for memory requests
    0: 0
    1: 0
    2: 0
    3: 0
    4: 0
    5: 0
    6: 0
    7: 0
    8: 0
    9: 0
    10: 0
    11: 0
    12: 0
    13: 77347
    14: 20777
    15: 6164
    16: 1510
    17: 4973
    18: 887
    19: 1060
    20: 870
    21: 178
    22: 418
    23: 178
    24: 440
    25: 2864
    26: 357
    27: 117
    28: 155
    29: 86
    30: 63
    31: 67
    32: 61
    33: 48
    34: 57
    35: 65
    36: 68
    37: 71
    38: 90
    39: 59
    40: 68
    41: 66
    42: 71
    43: 48
    44: 29
    45: 15
    46: 20
    47: 50
    48: 42
    49: 21
    50: 11
    51: 7
    52: 6
    53: 4
    54: 3
    55: 6
    56: 2
    57: 3
    58: 4
    59: 2
    60: 0
    61: 0
    62: 0
    63: 0
    64: 0
    65: 0
    66: 0
    67: 0
    68: 0
    69: 0
    70: 0
    71: 0
    72: 0
    73: 0
    74: 0
    75: 0
    76: 0
    77: 0
    78: 0
    79: 0
    80: 0
    81: 0
    82: 0
    83: 0
    84: 0
    85: 0
    86: 0
    87: 0
    88: 0
    89: 0
    90: 0
    91: 0
    92: 0
    93: 0
    94: 0
    95: 0
    96: 0
    97: 0
    98: 0
    99: 0
 sched: # Scheduler stats
  thCr: 1 # Threads created
  thFn: 1 # Threads finished
  schedEvs: 1 # Schedule events
  waitEvs: 0 # Wait events
  handoffEvs: 0 # Handoff events
  sleepEvs: 0 # Sleep events
  idlePhases: 0 # Phases with no thread active
  idlePeriods: 0 # Periods with no thread active
  occHist: # Occupancy histogram
   0: 0
   1: 8421
  rqSzHist: # Run queue size histogram
   0: 8421
   1: 0
   2: 0
   3: 0
   4: 0
   5: 0
   6: 0
   7: 0
   8: 0
   9: 0
   10: 0
   11: 0
   12: 0
   13: 0
   14: 0
   15: 0
   16: 0
 procCycles: # Per-process unhalted core cycles
  0: 84210990
  1: 0
  2: 0
  3: 0
  4: 0
  5: 0
  6: 0
  7: 0
  8: 0
  9: 0
  10: 0
  11: 0
  12: 0
  13: 0
  14: 0
  15: 0
  16: 0
  17: 0
  18: 0
  19: 0
  20: 0
  21: 0
  22: 0
  23: 0
  24: 0
  25: 0
  26: 0
  27: 0
  28: 0
  29: 0
  30: 0
  31: 0
  32: 0
  33: 0
  34: 0
  35: 0
  36: 0
  37: 0
  38: 0
  39: 0
  40: 0
  41: 0
  42: 0
  43: 0
  44: 0
  45: 0
  46: 0
  47: 0
  48: 0
  49: 0
  50: 0
  51: 0
  52: 0
  53: 0
  54: 0
  55: 0
  56: 0
  57: 0
  58: 0
  59: 0
  60: 0
  61: 0
  62: 0
  63: 0
 procInstrs: # Per-process instructions
  0: 100009671
  1: 0
  2: 0
  3: 0
  4: 0
  5: 0
  6: 0
  7: 0
  8: 0
  9: 0
  10: 0
  11: 0
  12: 0
  13: 0
  14: 0
  15: 0
  16: 0
  17: 0
  18: 0
  19: 0
  20: 0
  21: 0
  22: 0
  23: 0
  24: 0
  25: 0
  26: 0
  27: 0
  28: 0
  29: 0
  30: 0
  31: 0
  32: 0
  33: 0
  34: 0
  35: 0
  36: 0
  37: 0
  38: 0
  39: 0
  40: 0
  41: 0
  42: 0
  43: 0
  44: 0
  45: 0
  46: 0
  47: 0
  48: 0
  49: 0
  50: 0
  51: 0
  52: 0
  53: 0
  54: 0
  55: 0
  56: 0
  57: 0
  58: 0
  59: 0
  60: 0
  61: 0
  62: 0
  63: 0
 heartbeats: # Per-process heartbeats
  0: 0
  1: 0
  2: 0
  3: 0
  4: 0
  5: 0
  6: 0
  7: 0
  8: 0
  9: 0
  10: 0
  11: 0
  12: 0
  13: 0
  14: 0
  15: 0
  16: 0
  17: 0
  18: 0
  19: 0
  20: 0
  21: 0
  22: 0
  23: 0
  24: 0
  25: 0
  26: 0
  27: 0
  28: 0
  29: 0
  30: 0
  31: 0
  32: 0
  33: 0
  34: 0
  35: 0
  36: 0
  37: 0
  38: 0
  39: 0
  40: 0
  41: 0
  42: 0
  43: 0
  44: 0
  45: 0
  46: 0
  47: 0
  48: 0
  49: 0
  50: 0
  51: 0
  52: 0
  53: 0
  54: 0
  55: 0
  56: 0
  57: 0
  58: 0
  59: 0
  60: 0
  61: 0
  62: 0
  63: 0
===
