# zsim stats
===
root: # Stats
 contention: # Contention simulation stats
  domain-0: # Domain stats
   time: 213904611 # Weave simulation time
 time: # Simulator time breakdown
  init: 2853074838248
  bound: 10072791990
  weave: 284402738
  ff: 0
 trigger: 20000 # Reason for this stats dump
 phase: 6378 # Simulated phases
 westmere: # Core stats
  westmere-0: # Core stats
   cycles: 63780727 # Simulated unhalted cycles
   cCycles: 5338816 # Cycles due to contention stalls
   instrs: 100001354 # Simulated instructions
   uops: 142670195 # Retired micro-ops
   bbls: 4785527 # Basic blocks
   approxInstrs: 432 # Instrs with approx uop decoding
   mispredBranches: 23119 # Mispredicted branches
   condBranches: 4718230 # conditional branches
 l1i: # Cache stats
  l1i-0: # Filter cache stats
   fhGETS: 9439403 # Filtered GETS hits
   fhGETX: 0 # Filtered GETX hits
   hGETS: 19609 # GETS hits
   hGETX: 0 # GETX hits
   mGETS: 2851 # GETS misses
   mGETXIM: 0 # GETX I->M misses
   mGETXSM: 0 # GETX S->M misses (upgrade misses)
   PUTS: 0 # Clean evictions (from lower level)
   PUTX: 0 # Dirty evictions (from lower level)
   INV: 1370 # Invalidates (from upper level)
   INVX: 0 # Downgrades (from upper level)
   FWD: 0 # Forwards (from upper level)
   latGETnl: 248752 # GET request latency on next level
   latGETnet: 0 # GET request latency on network to next level
 l1d: # Cache stats
  l1d-0: # Filter cache stats
   fhGETS: 27581643 # Filtered GETS hits
   fhGETX: 9108709 # Filtered GETX hits
   hGETS: 15247886 # GETS hits
   hGETX: 5944743 # GETX hits
   mGETS: 244003 # GETS misses
   mGETXIM: 291891 # GETX I->M misses
   mGETXSM: 0 # GETX S->M misses (upgrade misses)
   PUTS: 0 # Clean evictions (from lower level)
   PUTX: 0 # Dirty evictions (from lower level)
   INV: 6186 # Invalidates (from upper level)
   INVX: 0 # Downgrades (from upper level)
   FWD: 0 # Forwards (from upper level)
   latGETnl: 25809862 # GET request latency on next level
   latGETnet: 0 # GET request latency on network to next level
 l2: # Cache stats
  l2-0: # Cache stats
   hGETS: 212728 # GETS hits
   hGETX: 1531 # GETX hits
   mGETS: 34126 # GETS misses
   mGETXIM: 290360 # GETX I->M misses
   mGETXSM: 0 # GETX S->M misses (upgrade misses)
   PUTS: 242345 # Clean evictions (from lower level)
   PUTX: 288063 # Dirty evictions (from lower level)
   INV: 10489 # Invalidates (from upper level)
   INVX: 0 # Downgrades (from upper level)
   FWD: 0 # Forwards (from upper level)
   latGETnl: 20671164 # GET request latency on next level
   latGETnet: 0 # GET request latency on network to next level
 l3: # Cache stats
  l3-0: # Cache stats
   hGETS: 23405 # GETS hits
   hGETX: 157931 # GETX hits
   mGETS: 10721 # GETS misses
   mGETXIM: 132429 # GETX I->M misses
   mGETXSM: 0 # GETX S->M misses (upgrade misses)
   PUTS: 27964 # Clean evictions (from lower level)
   PUTX: 281968 # Dirty evictions (from lower level)
   INV: 0 # Invalidates (from upper level)
   INVX: 0 # Downgrades (from upper level)
   FWD: 0 # Forwards (from upper level)
   latGETnl: 12883500 # GET request latency on next level
   latGETnet: 0 # GET request latency on network to next level
 mem: # Memory controller stats
  mem-0: # Memory controller stats
   rd: 35805 # Read requests
   wr: 25740 # Write requests
   rdlat: 5424388 # Total latency experienced by read requests
   wrlat: 3918677 # Total latency experienced by write requests
   rdhits: 10 # Read row hits
   wrhits: 47 # Write row hits
   mlh: # latency histogram for memory requests
    0: 0
    1: 0
    2: 0
    3: 0
    4: 0
    5: 0
    6: 0
    7: 0
    8: 0
    9: 0
    10: 0
    11: 1
    12: 2
    13: 27050
    14: 2728
    15: 56
    16: 31
    17: 10
    18: 14
    19: 11
    20: 16
    21: 23
    22: 157
    23: 5233
    24: 44
    25: 64
    26: 19
    27: 24
    28: 13
    29: 11
    30: 17
    31: 16
    32: 12
    33: 28
    34: 25
    35: 10
    36: 9
    37: 25
    38: 13
    39: 8
    40: 14
    41: 21
    42: 21
    43: 16
    44: 5
    45: 1
    46: 6
    47: 22
    48: 2
    49: 5
    50: 4
    51: 7
    52: 5
    53: 6
    54: 0
    55: 0
    56: 0
    57: 0
    58: 0
    59: 0
    60: 0
    61: 0
    62: 0
    63: 0
    64: 0
    65: 0
    66: 0
    67: 0
    68: 0
    69: 0
    70: 0
    71: 0
    72: 0
    73: 0
    74: 0
    75: 0
    76: 0
    77: 0
    78: 0
    79: 0
    80: 0
    81: 0
    82: 0
    83: 0
    84: 0
    85: 0
    86: 0
    87: 0
    88: 0
    89: 0
    90: 0
    91: 0
    92: 0
    93: 0
    94: 0
    95: 0
    96: 0
    97: 0
    98: 0
    99: 0
  mem-1: # Memory controller stats
   rd: 35811 # Read requests
   wr: 25727 # Write requests
   rdlat: 5440802 # Total latency experienced by read requests
   wrlat: 3912638 # Total latency experienced by write requests
   rdhits: 8 # Read row hits
   wrhits: 36 # Write row hits
   mlh: # latency histogram for memory requests
    0: 0
    1: 0
    2: 0
    3: 0
    4: 0
    5: 0
    6: 0
    7: 0
    8: 0
    9: 0
    10: 0
    11: 1
    12: 1
    13: 27003
    14: 2742
    15: 52
    16: 24
    17: 21
    18: 9
    19: 16
    20: 7
    21: 13
    22: 149
    23: 5223
    24: 25
    25: 77
    26: 32
    27: 26
    28: 18
    29: 12
    30: 18
    31: 34
    32: 28
    33: 16
    34: 20
    35: 23
    36: 21
    37: 10
    38: 7
    39: 12
    40: 22
    41: 30
    42: 23
    43: 16
    44: 4
    45: 5
    46: 10
    47: 33
    48: 4
    49: 6
    50: 5
    51: 5
    52: 2
    53: 6
    54: 0
    55: 0
    56: 0
    57: 0
    58: 0
    59: 0
    60: 0
    61: 0
    62: 0
    63: 0
    64: 0
    65: 0
    66: 0
    67: 0
    68: 0
    69: 0
    70: 0
    71: 0
    72: 0
    73: 0
    74: 0
    75: 0
    76: 0
    77: 0
    78: 0
    79: 0
    80: 0
    81: 0
    82: 0
    83: 0
    84: 0
    85: 0
    86: 0
    87: 0
    88: 0
    89: 0
    90: 0
    91: 0
    92: 0
    93: 0
    94: 0
    95: 0
    96: 0
    97: 0
    98: 0
    99: 0
  mem-2: # Memory controller stats
   rd: 35790 # Read requests
   wr: 25758 # Write requests
   rdlat: 5439032 # Total latency experienced by read requests
   wrlat: 3909547 # Total latency experienced by write requests
   rdhits: 8 # Read row hits
   wrhits: 37 # Write row hits
   mlh: # latency histogram for memory requests
    0: 0
    1: 0
    2: 0
    3: 0
    4: 0
    5: 0
    6: 0
    7: 0
    8: 0
    9: 0
    10: 0
    11: 2
    12: 4
    13: 26963
    14: 2754
    15: 50
    16: 44
    17: 13
    18: 12
    19: 9
    20: 11
    21: 12
    22: 159
    23: 5202
    24: 25
    25: 70
    26: 29
    27: 24
    28: 23
    29: 22
    30: 22
    31: 15
    32: 19
    33: 29
    34: 18
    35: 12
    36: 24
    37: 14
    38: 14
    39: 20
    40: 35
    41: 15
    42: 14
    43: 24
    44: 5
    45: 2
    46: 8
    47: 42
    48: 7
    49: 8
    50: 7
    51: 2
    52: 4
    53: 2
    54: 0
    55: 0
    56: 0
    57: 0
    58: 0
    59: 0
    60: 0
    61: 0
    62: 0
    63: 0
    64: 0
    65: 0
    66: 0
    67: 0
    68: 0
    69: 0
    70: 0
    71: 0
    72: 0
    73: 0
    74: 0
    75: 0
    76: 0
    77: 0
    78: 0
    79: 0
    80: 0
    81: 0
    82: 0
    83: 0
    84: 0
    85: 0
    86: 0
    87: 0
    88: 0
    89: 0
    90: 0
    91: 0
    92: 0
    93: 0
    94: 0
    95: 0
    96: 0
    97: 0
    98: 0
    99: 0
  mem-3: # Memory controller stats
   rd: 35743 # Read requests
   wr: 25734 # Write requests
   rdlat: 5435277 # Total latency experienced by read requests
   wrlat: 3899122 # Total latency experienced by write requests
   rdhits: 15 # Read row hits
   wrhits: 32 # Write row hits
   mlh: # latency histogram for memory requests
    0: 0
    1: 0
    2: 0
    3: 0
    4: 0
    5: 0
    6: 0
    7: 0
    8: 0
    9: 0
    10: 0
    11: 1
    12: 3
    13: 26936
    14: 2729
    15: 48
    16: 51
    17: 22
    18: 16
    19: 8
    20: 10
    21: 12
    22: 153
    23: 5181
    24: 38
    25: 62
    26: 29
    27: 35
    28: 20
    29: 16
    30: 24
    31: 17
    32: 21
    33: 19
    34: 24
    35: 15
    36: 17
    37: 25
    38: 21
    39: 14
    40: 15
    41: 22
    42: 23
    43: 12
    44: 8
    45: 4
    46: 8
    47: 41
    48: 13
    49: 10
    50: 4
    51: 7
    52: 8
    53: 1
    54: 0
    55: 0
    56: 0
    57: 0
    58: 0
    59: 0
    60: 0
    61: 0
    62: 0
    63: 0
    64: 0
    65: 0
    66: 0
    67: 0
    68: 0
    69: 0
    70: 0
    71: 0
    72: 0
    73: 0
    74: 0
    75: 0
    76: 0
    77: 0
    78: 0
    79: 0
    80: 0
    81: 0
    82: 0
    83: 0
    84: 0
    85: 0
    86: 0
    87: 0
    88: 0
    89: 0
    90: 0
    91: 0
    92: 0
    93: 0
    94: 0
    95: 0
    96: 0
    97: 0
    98: 0
    99: 0
 sched: # Scheduler stats
  thCr: 1 # Threads created
  thFn: 1 # Threads finished
  schedEvs: 1 # Schedule events
  waitEvs: 0 # Wait events
  handoffEvs: 0 # Handoff events
  sleepEvs: 0 # Sleep events
  idlePhases: 0 # Phases with no thread active
  idlePeriods: 0 # Periods with no thread active
  occHist: # Occupancy histogram
   0: 0
   1: 6378
  rqSzHist: # Run queue size histogram
   0: 6378
   1: 0
   2: 0
   3: 0
   4: 0
   5: 0
   6: 0
   7: 0
   8: 0
   9: 0
   10: 0
   11: 0
   12: 0
   13: 0
   14: 0
   15: 0
   16: 0
 procCycles: # Per-process unhalted core cycles
  0: 63780727
  1: 0
  2: 0
  3: 0
  4: 0
  5: 0
  6: 0
  7: 0
  8: 0
  9: 0
  10: 0
  11: 0
  12: 0
  13: 0
  14: 0
  15: 0
  16: 0
  17: 0
  18: 0
  19: 0
  20: 0
  21: 0
  22: 0
  23: 0
  24: 0
  25: 0
  26: 0
  27: 0
  28: 0
  29: 0
  30: 0
  31: 0
  32: 0
  33: 0
  34: 0
  35: 0
  36: 0
  37: 0
  38: 0
  39: 0
  40: 0
  41: 0
  42: 0
  43: 0
  44: 0
  45: 0
  46: 0
  47: 0
  48: 0
  49: 0
  50: 0
  51: 0
  52: 0
  53: 0
  54: 0
  55: 0
  56: 0
  57: 0
  58: 0
  59: 0
  60: 0
  61: 0
  62: 0
  63: 0
 procInstrs: # Per-process instructions
  0: 100001354
  1: 0
  2: 0
  3: 0
  4: 0
  5: 0
  6: 0
  7: 0
  8: 0
  9: 0
  10: 0
  11: 0
  12: 0
  13: 0
  14: 0
  15: 0
  16: 0
  17: 0
  18: 0
  19: 0
  20: 0
  21: 0
  22: 0
  23: 0
  24: 0
  25: 0
  26: 0
  27: 0
  28: 0
  29: 0
  30: 0
  31: 0
  32: 0
  33: 0
  34: 0
  35: 0
  36: 0
  37: 0
  38: 0
  39: 0
  40: 0
  41: 0
  42: 0
  43: 0
  44: 0
  45: 0
  46: 0
  47: 0
  48: 0
  49: 0
  50: 0
  51: 0
  52: 0
  53: 0
  54: 0
  55: 0
  56: 0
  57: 0
  58: 0
  59: 0
  60: 0
  61: 0
  62: 0
  63: 0
 heartbeats: # Per-process heartbeats
  0: 0
  1: 0
  2: 0
  3: 0
  4: 0
  5: 0
  6: 0
  7: 0
  8: 0
  9: 0
  10: 0
  11: 0
  12: 0
  13: 0
  14: 0
  15: 0
  16: 0
  17: 0
  18: 0
  19: 0
  20: 0
  21: 0
  22: 0
  23: 0
  24: 0
  25: 0
  26: 0
  27: 0
  28: 0
  29: 0
  30: 0
  31: 0
  32: 0
  33: 0
  34: 0
  35: 0
  36: 0
  37: 0
  38: 0
  39: 0
  40: 0
  41: 0
  42: 0
  43: 0
  44: 0
  45: 0
  46: 0
  47: 0
  48: 0
  49: 0
  50: 0
  51: 0
  52: 0
  53: 0
  54: 0
  55: 0
  56: 0
  57: 0
  58: 0
  59: 0
  60: 0
  61: 0
  62: 0
  63: 0
===
