[H] Starting zsim, built Fri Oct 25 15:59:23 CDT 2024 (rev no git repo)
[H] Creating global segment, 1024 MBs
[H] Global segment shmid = 4751430
[H] Deadlock detection ON
[S 0] Started instance
[S 0] Started RR scheduler, quantum=10000 phases
[S 0] mem-0: domain 0, 4 ranks/ch 8 banks/rank, tech DDR3-1333-CL10, boundLat 90 rd / 40 wr
[S 0] mem-0: Address mapping rank:col:bank row 63:15 col 12:3 rank 14:13 bank 2:0
[S 0] mem-1: domain 0, 4 ranks/ch 8 banks/rank, tech DDR3-1333-CL10, boundLat 90 rd / 40 wr
[S 0] mem-1: Address mapping rank:col:bank row 63:15 col 12:3 rank 14:13 bank 2:0
[S 0] mem-2: domain 0, 4 ranks/ch 8 banks/rank, tech DDR3-1333-CL10, boundLat 90 rd / 40 wr
[S 0] mem-2: Address mapping rank:col:bank row 63:15 col 12:3 rank 14:13 bank 2:0
[S 0] mem-3: domain 0, 4 ranks/ch 8 banks/rank, tech DDR3-1333-CL10, boundLat 90 rd / 40 wr
[S 0] mem-3: Address mapping rank:col:bank row 63:15 col 12:3 rank 14:13 bank 2:0
[S 0] Hierarchy: [ l1i-0 l1d-0 ] -> l2-0
[S 0] Hierarchy: [ l1i-1 l1d-1 ] -> l2-1
[S 0] Hierarchy: [ l1i-2 l1d-2 ] -> l2-2
[S 0] Hierarchy: [ l1i-3 l1d-3 ] -> l2-3
[S 0] Hierarchy: [ l1i-4 l1d-4 ] -> l2-4
[S 0] Hierarchy: [ l1i-5 l1d-5 ] -> l2-5
[S 0] Hierarchy: [ l1i-6 l1d-6 ] -> l2-6
[S 0] Hierarchy: [ l1i-7 l1d-7 ] -> l2-7
[S 0] Hierarchy: [ l2-0 l2-1 l2-2 l2-3 l2-4 l2-5 l2-6 l2-7 ] -> l3-0b0..l3-0b7
[S 0] Initialized system
[S 0] HDF5 backend: Opening ./outputs/hw4/SRRIP/bodytrack_8c_simlarge/zsim.h5
[S 0] HDF5 backend: Created table, 9096 bytes/record, 116 records/write
[S 0] HDF5 backend: Opening ./outputs/hw4/SRRIP/bodytrack_8c_simlarge/zsim-ev.h5
[S 0] HDF5 backend: Created table, 9096 bytes/record, 15 records/write
[S 0] HDF5 backend: Opening ./outputs/hw4/SRRIP/bodytrack_8c_simlarge/zsim-cmp.h5
[S 0] HDF5 backend: Created table, 3192 bytes/record, 1 records/write
[S 0] Initialization complete
[H] Attached to global heap
[S 0] Started process, PID 3568023
[S 0] procMask: 0x0
[S 0] [0] Adjusting clocks, domain 0, de-ffwd 0
[S 0] vDSO info initialized
[S 0] Started scheduler watchdog thread
[S 0] Started contention simulation thread 0
[S 0] FF control Thread TID 3568028
[S 0] FF thread 0 starting
PARSEC Benchmark Suite Version 2.1
[HOOKS] PARSEC Hooks Version 1.2
Threading with Posix Threads
Number of threads : 8
[S 0] FF thread 4 starting
[S 0] FF thread 5 starting
[S 0] FF thread 6 starting
[S 0] FF thread 7 starting
[S 0] FF thread 8 starting
[S 0] FF thread 9 starting
[S 0] FF thread 10 starting
[S 0] FF thread 11 starting
[S 0] FF thread 12 starting
[S 0] Shadow/NOP thread 12 finished
Using dataset : /home/grads/t/tarekb44/tarekb44/Desktop/tamu/csce614/hw4/casim-csce614/benchmarks/parsec-2.1/inputs/bodytrack/sequenceB_4/
4000 particles with 5 annealing layers

[HOOKS] Entering ROI
[S 0] ROI_BEGIN, exiting fast-forward
[S 0] [0] Adjusting clocks, domain 0, de-ffwd 1
[S 0] Thread 0 starting
[ZSIM-HOOKS] ROI begin
Processing frame 0
[S 0] Thread 10 starting
[S 0] WARN: Futex wake matching failed (0/1) (external/ff waiters?)
[S 0] Thread 7 starting
[S 0] Thread 5 starting
[S 0] Thread 9 starting
[S 0] Thread 8 starting
[S 0] Thread 4 starting
[S 0] Thread 6 starting
[S 0] Thread 11 starting
[S 0] Detected possible stall due to fake leaves (8 current)
[S 0]  [0/10] futex (202) @ 0x485f7a
[S 0]  [0/0] futex (202) @ 0x4860d8
[S 0]  [0/7] futex (202) @ 0x4860d8
[S 0]  [0/5] futex (202) @ 0x4860d8
[S 0]  [0/9] futex (202) @ 0x4860d8
[S 0]  [0/8] futex (202) @ 0x4860d8
[S 0]  [0/4] futex (202) @ 0x4860d8
[S 0]  [0/6] futex (202) @ 0x4860d8
[S 0] WARN: Futex wake matching failed (0/1) (external/ff waiters?)
[S 0] WARN: Futex wake matching failed (0/1) (external/ff waiters?)
[S 0] WARN: Futex wake matching failed (0/1) (external/ff waiters?)
[S 0] WARN: Futex wake matching failed (0/1) (external/ff waiters?)
[S 0] WARN: Futex wake matching failed (0/1) (external/ff waiters?)
[S 0] WARN: Futex wake matching failed (0/1) (external/ff waiters?)
[S 0] WARN: Futex wake matching failed (0/1) (external/ff waiters?)
[S 0] Detected possible stall due to fake leaves (8 current)
[S 0]  [0/11] futex (202) @ 0x4859fa
[S 0]  [0/7] futex (202) @ 0x4859fa
[S 0]  [0/8] futex (202) @ 0x4859fa
[S 0]  [0/5] futex (202) @ 0x4859fa
[S 0]  [0/9] futex (202) @ 0x4859fa
[S 0]  [0/6] futex (202) @ 0x4859fa
[S 0]  [0/0] futex (202) @ 0x4859fa
[S 0]  [0/4] futex (202) @ 0x4859fa
[S 0] Detected possible stall due to fake leaves (1 current)
[S 0]  [0/0] futex (202) @ 0x4859fa
[S 0] Blacklisting from future fake leaves: [0] futex @ 0x4859fa | arg0 0x834d60 arg1 0x80
[S 0] Detected possible stall due to fake leaves (1 current)
[S 0]  [0/8] futex (202) @ 0x485f7a
[S 0] Blacklisting from future fake leaves: [0] futex @ 0x485f7a | arg0 0x836758 arg1 0x80
[S 0] Detected possible stall due to fake leaves (7 current)
[S 0]  [0/10] futex (202) @ 0x485452
[S 0]  [0/6] futex (202) @ 0x485452
[S 0]  [0/7] futex (202) @ 0x485452
[S 0]  [0/9] futex (202) @ 0x485452
[S 0]  [0/11] futex (202) @ 0x485452
[S 0]  [0/8] futex (202) @ 0x485452
[S 0]  [0/5] futex (202) @ 0x485452
[S 0] Detected possible stall due to fake leaves (7 current)
[S 0]  [0/6] futex (202) @ 0x485452
[S 0]  [0/7] futex (202) @ 0x485452
[S 0]  [0/9] futex (202) @ 0x485452
[S 0]  [0/11] futex (202) @ 0x485452
[S 0]  [0/8] futex (202) @ 0x485452
[S 0]  [0/5] futex (202) @ 0x485452
[S 0]  [0/4] futex (202) @ 0x485452
[S 0] Detected possible stall due to fake leaves (6 current)
[S 0]  [0/7] futex (202) @ 0x485452
[S 0]  [0/9] futex (202) @ 0x485452
[S 0]  [0/11] futex (202) @ 0x485452
[S 0]  [0/8] futex (202) @ 0x485452
[S 0]  [0/5] futex (202) @ 0x485452
[S 0]  [0/4] futex (202) @ 0x485452
[S 0] Detected possible stall due to fake leaves (5 current)
[S 0]  [0/9] futex (202) @ 0x485452
[S 0]  [0/11] futex (202) @ 0x485452
[S 0]  [0/8] futex (202) @ 0x485452
[S 0]  [0/5] futex (202) @ 0x485452
[S 0]  [0/4] futex (202) @ 0x485452
[S 0] Detected possible stall due to fake leaves (4 current)
[S 0]  [0/11] futex (202) @ 0x485452
[S 0]  [0/8] futex (202) @ 0x485452
[S 0]  [0/5] futex (202) @ 0x485452
[S 0]  [0/4] futex (202) @ 0x485452
[S 0] Detected possible stall due to fake leaves (3 current)
[S 0]  [0/8] futex (202) @ 0x485452
[S 0]  [0/5] futex (202) @ 0x485452
[S 0]  [0/4] futex (202) @ 0x485452
[S 0] Detected possible stall due to fake leaves (2 current)
[S 0]  [0/5] futex (202) @ 0x485452
[S 0]  [0/4] futex (202) @ 0x485452
[S 0] Detected possible stall due to fake leaves (1 current)
[S 0]  [0/4] futex (202) @ 0x485452
[S 0] Blacklisting from future fake leaves: [0] futex @ 0x485452 | arg0 0x7fffffffce2c arg1 0x80
Processing frame 1
[S 0] WARN: waitUntilQueued for pid 0 tid 10 timed out
[S 0] WARN: waitUntilQueued for pid 0 tid 7 timed out
[S 0] Max total (aggregate) instructions reached (5000054409)
[S 0] Termination condition met, exiting
[S 0] Termination condition met, exiting
[S 0] Termination condition met, exiting
[S 0] Termination condition met, exiting
[S 0] Termination condition met, exiting
[S 0] Termination condition met, exiting
[S 0] Dumping termination stats
[S 0] Termination condition met, exiting
[S 0] Termination condition met, exiting
[S 0] Terminating scheduler watchdog thread
[H] Child 3568023 done
[H] All children done, exiting
