# zsim stats
===
root: # Stats
 contention: # Contention simulation stats
  domain-0: # Domain stats
   time: 381529209 # Weave simulation time
 time: # Simulator time breakdown
  init: 1928626196
  bound: 604597160011
  weave: 45254011621
  ff: 0
 trigger: 20000 # Reason for this stats dump
 phase: 40172 # Simulated phases
 westmere: # Core stats
  westmere-0: # Core stats
   cycles: 401720013 # Simulated unhalted cycles
   cCycles: 28763 # Cycles due to contention stalls
   instrs: 624993173 # Simulated instructions
   uops: 750405828 # Retired micro-ops
   bbls: 83819050 # Basic blocks
   approxInstrs: 6870694 # Instrs with approx uop decoding
   mispredBranches: 1800239 # Mispredicted branches
   condBranches: 64862080 # conditional branches
  westmere-1: # Core stats
   cycles: 401710003 # Simulated unhalted cycles
   cCycles: 28808 # Cycles due to contention stalls
   instrs: 624999386 # Simulated instructions
   uops: 750413316 # Retired micro-ops
   bbls: 83819560 # Basic blocks
   approxInstrs: 6871053 # Instrs with approx uop decoding
   mispredBranches: 1800314 # Mispredicted branches
   condBranches: 64862180 # conditional branches
  westmere-2: # Core stats
   cycles: 401710002 # Simulated unhalted cycles
   cCycles: 27433 # Cycles due to contention stalls
   instrs: 624999922 # Simulated instructions
   uops: 750413982 # Retired micro-ops
   bbls: 83819635 # Basic blocks
   approxInstrs: 6871071 # Instrs with approx uop decoding
   mispredBranches: 1800321 # Mispredicted branches
   condBranches: 64862224 # conditional branches
  westmere-3: # Core stats
   cycles: 401710043 # Simulated unhalted cycles
   cCycles: 26940 # Cycles due to contention stalls
   instrs: 624999482 # Simulated instructions
   uops: 750413432 # Retired micro-ops
   bbls: 83819571 # Basic blocks
   approxInstrs: 6871056 # Instrs with approx uop decoding
   mispredBranches: 1800314 # Mispredicted branches
   condBranches: 64862187 # conditional branches
  westmere-4: # Core stats
   cycles: 401710054 # Simulated unhalted cycles
   cCycles: 26933 # Cycles due to contention stalls
   instrs: 625004064 # Simulated instructions
   uops: 750419119 # Retired micro-ops
   bbls: 83820195 # Basic blocks
   approxInstrs: 6871222 # Instrs with approx uop decoding
   mispredBranches: 1800361 # Mispredicted branches
   condBranches: 64862540 # conditional branches
  westmere-5: # Core stats
   cycles: 401710004 # Simulated unhalted cycles
   cCycles: 25878 # Cycles due to contention stalls
   instrs: 625002010 # Simulated instructions
   uops: 750416571 # Retired micro-ops
   bbls: 83819911 # Basic blocks
   approxInstrs: 6871147 # Instrs with approx uop decoding
   mispredBranches: 1800338 # Mispredicted branches
   condBranches: 64862381 # conditional branches
  westmere-6: # Core stats
   cycles: 401710020 # Simulated unhalted cycles
   cCycles: 26958 # Cycles due to contention stalls
   instrs: 625005203 # Simulated instructions
   uops: 750420551 # Retired micro-ops
   bbls: 83820336 # Basic blocks
   approxInstrs: 6871256 # Instrs with approx uop decoding
   mispredBranches: 1800373 # Mispredicted branches
   condBranches: 64862624 # conditional branches
  westmere-7: # Core stats
   cycles: 401710016 # Simulated unhalted cycles
   cCycles: 26130 # Cycles due to contention stalls
   instrs: 625000725 # Simulated instructions
   uops: 750414971 # Retired micro-ops
   bbls: 83819745 # Basic blocks
   approxInstrs: 6871102 # Instrs with approx uop decoding
   mispredBranches: 1800327 # Mispredicted branches
   condBranches: 64862288 # conditional branches
 l1i: # Cache stats
  l1i-0: # Filter cache stats
   fhGETS: 112018650 # Filtered GETS hits
   fhGETX: 0 # Filtered GETX hits
   hGETS: 1226582 # GETS hits
   hGETX: 0 # GETX hits
   mGETS: 45529 # GETS misses
   mGETXIM: 0 # GETX I->M misses
   mGETXSM: 0 # GETX S->M misses (upgrade misses)
   PUTS: 0 # Clean evictions (from lower level)
   PUTX: 0 # Dirty evictions (from lower level)
   INV: 0 # Invalidates (from upper level)
   INVX: 0 # Downgrades (from upper level)
   FWD: 0 # Forwards (from upper level)
   latGETnl: 482362 # GET request latency on next level
   latGETnet: 0 # GET request latency on network to next level
  l1i-1: # Filter cache stats
   fhGETS: 112020208 # Filtered GETS hits
   fhGETX: 0 # Filtered GETX hits
   hGETS: 1226459 # GETS hits
   hGETX: 0 # GETX hits
   mGETS: 45450 # GETS misses
   mGETXIM: 0 # GETX I->M misses
   mGETXSM: 0 # GETX S->M misses (upgrade misses)
   PUTS: 0 # Clean evictions (from lower level)
   PUTX: 0 # Dirty evictions (from lower level)
   INV: 0 # Invalidates (from upper level)
   INVX: 0 # Downgrades (from upper level)
   FWD: 0 # Forwards (from upper level)
   latGETnl: 477888 # GET request latency on next level
   latGETnet: 0 # GET request latency on network to next level
  l1i-2: # Filter cache stats
   fhGETS: 112020354 # Filtered GETS hits
   fhGETX: 0 # Filtered GETX hits
   hGETS: 1226459 # GETS hits
   hGETX: 0 # GETX hits
   mGETS: 45451 # GETS misses
   mGETXIM: 0 # GETX I->M misses
   mGETXSM: 0 # GETX S->M misses (upgrade misses)
   PUTS: 0 # Clean evictions (from lower level)
   PUTX: 0 # Dirty evictions (from lower level)
   INV: 0 # Invalidates (from upper level)
   INVX: 0 # Downgrades (from upper level)
   FWD: 0 # Forwards (from upper level)
   latGETnl: 476710 # GET request latency on next level
   latGETnet: 0 # GET request latency on network to next level
  l1i-3: # Filter cache stats
   fhGETS: 112020220 # Filtered GETS hits
   fhGETX: 0 # Filtered GETX hits
   hGETS: 1226460 # GETS hits
   hGETX: 0 # GETX hits
   mGETS: 45449 # GETS misses
   mGETXIM: 0 # GETX I->M misses
   mGETXSM: 0 # GETX S->M misses (upgrade misses)
   PUTS: 0 # Clean evictions (from lower level)
   PUTX: 0 # Dirty evictions (from lower level)
   INV: 0 # Invalidates (from upper level)
   INVX: 0 # Downgrades (from upper level)
   FWD: 0 # Forwards (from upper level)
   latGETnl: 477092 # GET request latency on next level
   latGETnet: 0 # GET request latency on network to next level
  l1i-4: # Filter cache stats
   fhGETS: 112021240 # Filtered GETS hits
   fhGETX: 0 # Filtered GETX hits
   hGETS: 1226464 # GETS hits
   hGETX: 0 # GETX hits
   mGETS: 45449 # GETS misses
   mGETXIM: 0 # GETX I->M misses
   mGETXSM: 0 # GETX S->M misses (upgrade misses)
   PUTS: 0 # Clean evictions (from lower level)
   PUTX: 0 # Dirty evictions (from lower level)
   INV: 0 # Invalidates (from upper level)
   INVX: 0 # Downgrades (from upper level)
   FWD: 0 # Forwards (from upper level)
   latGETnl: 477116 # GET request latency on next level
   latGETnet: 0 # GET request latency on network to next level
  l1i-5: # Filter cache stats
   fhGETS: 112020810 # Filtered GETS hits
   fhGETX: 0 # Filtered GETX hits
   hGETS: 1226464 # GETS hits
   hGETX: 0 # GETX hits
   mGETS: 45448 # GETS misses
   mGETXIM: 0 # GETX I->M misses
   mGETXSM: 0 # GETX S->M misses (upgrade misses)
   PUTS: 0 # Clean evictions (from lower level)
   PUTX: 0 # Dirty evictions (from lower level)
   INV: 0 # Invalidates (from upper level)
   INVX: 0 # Downgrades (from upper level)
   FWD: 0 # Forwards (from upper level)
   latGETnl: 475864 # GET request latency on next level
   latGETnet: 0 # GET request latency on network to next level
  l1i-6: # Filter cache stats
   fhGETS: 112021519 # Filtered GETS hits
   fhGETX: 0 # Filtered GETX hits
   hGETS: 1226460 # GETS hits
   hGETX: 0 # GETX hits
   mGETS: 45450 # GETS misses
   mGETXIM: 0 # GETX I->M misses
   mGETXSM: 0 # GETX S->M misses (upgrade misses)
   PUTS: 0 # Clean evictions (from lower level)
   PUTX: 0 # Dirty evictions (from lower level)
   INV: 0 # Invalidates (from upper level)
   INVX: 0 # Downgrades (from upper level)
   FWD: 0 # Forwards (from upper level)
   latGETnl: 474468 # GET request latency on next level
   latGETnet: 0 # GET request latency on network to next level
  l1i-7: # Filter cache stats
   fhGETS: 112020555 # Filtered GETS hits
   fhGETX: 0 # Filtered GETX hits
   hGETS: 1226467 # GETS hits
   hGETX: 0 # GETX hits
   mGETS: 45445 # GETS misses
   mGETXIM: 0 # GETX I->M misses
   mGETXSM: 0 # GETX S->M misses (upgrade misses)
   PUTS: 0 # Clean evictions (from lower level)
   PUTX: 0 # Dirty evictions (from lower level)
   INV: 0 # Invalidates (from upper level)
   INVX: 0 # Downgrades (from upper level)
   FWD: 0 # Forwards (from upper level)
   latGETnl: 474958 # GET request latency on next level
   latGETnet: 0 # GET request latency on network to next level
 l1d: # Cache stats
  l1d-0: # Filter cache stats
   fhGETS: 161001317 # Filtered GETS hits
   fhGETX: 38009779 # Filtered GETX hits
   hGETS: 11062989 # GETS hits
   hGETX: 11693474 # GETX hits
   mGETS: 1337691 # GETS misses
   mGETXIM: 1101318 # GETX I->M misses
   mGETXSM: 8 # GETX S->M misses (upgrade misses)
   PUTS: 0 # Clean evictions (from lower level)
   PUTX: 0 # Dirty evictions (from lower level)
   INV: 39 # Invalidates (from upper level)
   INVX: 46 # Downgrades (from upper level)
   FWD: 0 # Forwards (from upper level)
   latGETnl: 24562155 # GET request latency on next level
   latGETnet: 0 # GET request latency on network to next level
  l1d-1: # Filter cache stats
   fhGETS: 157167120 # Filtered GETS hits
   fhGETX: 37699468 # Filtered GETX hits
   hGETS: 14899557 # GETS hits
   hGETX: 12005863 # GETX hits
   mGETS: 1337983 # GETS misses
   mGETXIM: 1098617 # GETX I->M misses
   mGETXSM: 5 # GETX S->M misses (upgrade misses)
   PUTS: 0 # Clean evictions (from lower level)
   PUTX: 0 # Dirty evictions (from lower level)
   INV: 11 # Invalidates (from upper level)
   INVX: 50 # Downgrades (from upper level)
   FWD: 0 # Forwards (from upper level)
   latGETnl: 24522696 # GET request latency on next level
   latGETnet: 0 # GET request latency on network to next level
  l1d-2: # Filter cache stats
   fhGETS: 160941978 # Filtered GETS hits
   fhGETX: 38008504 # Filtered GETX hits
   hGETS: 11127086 # GETS hits
   hGETX: 11690527 # GETX hits
   mGETS: 1335759 # GETS misses
   mGETXIM: 1104948 # GETX I->M misses
   mGETXSM: 5 # GETX S->M misses (upgrade misses)
   PUTS: 0 # Clean evictions (from lower level)
   PUTX: 0 # Dirty evictions (from lower level)
   INV: 9 # Invalidates (from upper level)
   INVX: 56 # Downgrades (from upper level)
   FWD: 0 # Forwards (from upper level)
   latGETnl: 24565023 # GET request latency on next level
   latGETnet: 0 # GET request latency on network to next level
  l1d-3: # Filter cache stats
   fhGETS: 160822503 # Filtered GETS hits
   fhGETX: 38008018 # Filtered GETX hits
   hGETS: 11244872 # GETS hits
   hGETX: 11691780 # GETX hits
   mGETS: 1337307 # GETS misses
   mGETXIM: 1104157 # GETX I->M misses
   mGETXSM: 6 # GETX S->M misses (upgrade misses)
   PUTS: 0 # Clean evictions (from lower level)
   PUTX: 0 # Dirty evictions (from lower level)
   INV: 12 # Invalidates (from upper level)
   INVX: 46 # Downgrades (from upper level)
   FWD: 0 # Forwards (from upper level)
   latGETnl: 24571973 # GET request latency on next level
   latGETnet: 0 # GET request latency on network to next level
  l1d-4: # Filter cache stats
   fhGETS: 160719877 # Filtered GETS hits
   fhGETX: 38019495 # Filtered GETX hits
   hGETS: 11350137 # GETS hits
   hGETX: 11671805 # GETX hits
   mGETS: 1336084 # GETS misses
   mGETXIM: 1112913 # GETX I->M misses
   mGETXSM: 5 # GETX S->M misses (upgrade misses)
   PUTS: 0 # Clean evictions (from lower level)
   PUTX: 0 # Dirty evictions (from lower level)
   INV: 11 # Invalidates (from upper level)
   INVX: 27 # Downgrades (from upper level)
   FWD: 0 # Forwards (from upper level)
   latGETnl: 24644877 # GET request latency on next level
   latGETnet: 0 # GET request latency on network to next level
  l1d-5: # Filter cache stats
   fhGETS: 158523517 # Filtered GETS hits
   fhGETX: 38011956 # Filtered GETX hits
   hGETS: 13543763 # GETS hits
   hGETX: 11684631 # GETX hits
   mGETS: 1338191 # GETS misses
   mGETXIM: 1107506 # GETX I->M misses
   mGETXSM: 6 # GETX S->M misses (upgrade misses)
   PUTS: 0 # Clean evictions (from lower level)
   PUTX: 0 # Dirty evictions (from lower level)
   INV: 7 # Invalidates (from upper level)
   INVX: 86 # Downgrades (from upper level)
   FWD: 0 # Forwards (from upper level)
   latGETnl: 24617168 # GET request latency on next level
   latGETnet: 0 # GET request latency on network to next level
  l1d-6: # Filter cache stats
   fhGETS: 156224981 # Filtered GETS hits
   fhGETX: 37728292 # Filtered GETX hits
   hGETS: 15842177 # GETS hits
   hGETX: 11975187 # GETX hits
   mGETS: 1339309 # GETS misses
   mGETXIM: 1100799 # GETX I->M misses
   mGETXSM: 6 # GETX S->M misses (upgrade misses)
   PUTS: 0 # Clean evictions (from lower level)
   PUTX: 0 # Dirty evictions (from lower level)
   INV: 7 # Invalidates (from upper level)
   INVX: 55 # Downgrades (from upper level)
   FWD: 0 # Forwards (from upper level)
   latGETnl: 24558271 # GET request latency on next level
   latGETnet: 0 # GET request latency on network to next level
  l1d-7: # Filter cache stats
   fhGETS: 160965402 # Filtered GETS hits
   fhGETX: 38006439 # Filtered GETX hits
   hGETS: 11103802 # GETS hits
   hGETX: 11692247 # GETX hits
   mGETS: 1335860 # GETS misses
   mGETXIM: 1105340 # GETX I->M misses
   mGETXSM: 6 # GETX S->M misses (upgrade misses)
   PUTS: 0 # Clean evictions (from lower level)
   PUTX: 0 # Dirty evictions (from lower level)
   INV: 6 # Invalidates (from upper level)
   INVX: 82 # Downgrades (from upper level)
   FWD: 0 # Forwards (from upper level)
   latGETnl: 24572233 # GET request latency on next level
   latGETnet: 0 # GET request latency on network to next level
 l2: # Cache stats
  l2-0: # Cache stats
   hGETS: 1381963 # GETS hits
   hGETX: 1100097 # GETX hits
   mGETS: 1257 # GETS misses
   mGETXIM: 1221 # GETX I->M misses
   mGETXSM: 8 # GETX S->M misses (upgrade misses)
   PUTS: 1193041 # Clean evictions (from lower level)
   PUTX: 1290453 # Dirty evictions (from lower level)
   INV: 39 # Invalidates (from upper level)
   INVX: 47 # Downgrades (from upper level)
   FWD: 0 # Forwards (from upper level)
   latGETnl: 199057 # GET request latency on next level
   latGETnet: 0 # GET request latency on network to next level
  l2-1: # Cache stats
   hGETS: 1382269 # GETS hits
   hGETX: 1097521 # GETX hits
   mGETS: 1164 # GETS misses
   mGETXIM: 1096 # GETX I->M misses
   mGETXSM: 5 # GETX S->M misses (upgrade misses)
   PUTS: 1192761 # Clean evictions (from lower level)
   PUTX: 1288285 # Dirty evictions (from lower level)
   INV: 11 # Invalidates (from upper level)
   INVX: 50 # Downgrades (from upper level)
   FWD: 0 # Forwards (from upper level)
   latGETnl: 180034 # GET request latency on next level
   latGETnet: 0 # GET request latency on network to next level
  l2-2: # Cache stats
   hGETS: 1380043 # GETS hits
   hGETX: 1103853 # GETX hits
   mGETS: 1167 # GETS misses
   mGETXIM: 1095 # GETX I->M misses
   mGETXSM: 5 # GETX S->M misses (upgrade misses)
   PUTS: 1190002 # Clean evictions (from lower level)
   PUTX: 1295153 # Dirty evictions (from lower level)
   INV: 9 # Invalidates (from upper level)
   INVX: 56 # Downgrades (from upper level)
   FWD: 0 # Forwards (from upper level)
   latGETnl: 180103 # GET request latency on next level
   latGETnet: 0 # GET request latency on network to next level
  l2-3: # Cache stats
   hGETS: 1381588 # GETS hits
   hGETX: 1103062 # GETX hits
   mGETS: 1168 # GETS misses
   mGETXIM: 1095 # GETX I->M misses
   mGETXSM: 6 # GETX S->M misses (upgrade misses)
   PUTS: 1191085 # Clean evictions (from lower level)
   PUTX: 1294823 # Dirty evictions (from lower level)
   INV: 12 # Invalidates (from upper level)
   INVX: 46 # Downgrades (from upper level)
   FWD: 0 # Forwards (from upper level)
   latGETnl: 179875 # GET request latency on next level
   latGETnet: 0 # GET request latency on network to next level
  l2-4: # Cache stats
   hGETS: 1380365 # GETS hits
   hGETX: 1111818 # GETX hits
   mGETS: 1168 # GETS misses
   mGETXIM: 1095 # GETX I->M misses
   mGETXSM: 5 # GETX S->M misses (upgrade misses)
   PUTS: 1190063 # Clean evictions (from lower level)
   PUTX: 1303378 # Dirty evictions (from lower level)
   INV: 11 # Invalidates (from upper level)
   INVX: 27 # Downgrades (from upper level)
   FWD: 0 # Forwards (from upper level)
   latGETnl: 177483 # GET request latency on next level
   latGETnet: 0 # GET request latency on network to next level
  l2-5: # Cache stats
   hGETS: 1382477 # GETS hits
   hGETX: 1106411 # GETX hits
   mGETS: 1162 # GETS misses
   mGETXIM: 1095 # GETX I->M misses
   mGETXSM: 6 # GETX S->M misses (upgrade misses)
   PUTS: 1191918 # Clean evictions (from lower level)
   PUTX: 1298229 # Dirty evictions (from lower level)
   INV: 7 # Invalidates (from upper level)
   INVX: 86 # Downgrades (from upper level)
   FWD: 0 # Forwards (from upper level)
   latGETnl: 181522 # GET request latency on next level
   latGETnet: 0 # GET request latency on network to next level
  l2-6: # Cache stats
   hGETS: 1383596 # GETS hits
   hGETX: 1099704 # GETX hits
   mGETS: 1163 # GETS misses
   mGETXIM: 1095 # GETX I->M misses
   mGETXSM: 6 # GETX S->M misses (upgrade misses)
   PUTS: 1191403 # Clean evictions (from lower level)
   PUTX: 1293155 # Dirty evictions (from lower level)
   INV: 7 # Invalidates (from upper level)
   INVX: 55 # Downgrades (from upper level)
   FWD: 0 # Forwards (from upper level)
   latGETnl: 177099 # GET request latency on next level
   latGETnet: 0 # GET request latency on network to next level
  l2-7: # Cache stats
   hGETS: 1380143 # GETS hits
   hGETX: 1104245 # GETX hits
   mGETS: 1162 # GETS misses
   mGETXIM: 1095 # GETX I->M misses
   mGETXSM: 6 # GETX S->M misses (upgrade misses)
   PUTS: 1190340 # Clean evictions (from lower level)
   PUTX: 1295308 # Dirty evictions (from lower level)
   INV: 6 # Invalidates (from upper level)
   INVX: 82 # Downgrades (from upper level)
   FWD: 0 # Forwards (from upper level)
   latGETnl: 180681 # GET request latency on next level
   latGETnet: 0 # GET request latency on network to next level
 l3: # Cache stats
  l3-0b0: # Cache stats
   hGETS: 867 # GETS hits
   hGETX: 4 # GETX hits
   mGETS: 297 # GETS misses
   mGETXIM: 1090 # GETX I->M misses
   mGETXSM: 0 # GETX S->M misses (upgrade misses)
   PUTS: 0 # Clean evictions (from lower level)
   PUTX: 0 # Dirty evictions (from lower level)
   INV: 0 # Invalidates (from upper level)
   INVX: 0 # Downgrades (from upper level)
   FWD: 0 # Forwards (from upper level)
   latGETnl: 124830 # GET request latency on next level
   latGETnet: 0 # GET request latency on network to next level
  l3-0b1: # Cache stats
   hGETS: 897 # GETS hits
   hGETX: 12 # GETX hits
   mGETS: 306 # GETS misses
   mGETXIM: 1089 # GETX I->M misses
   mGETXSM: 0 # GETX S->M misses (upgrade misses)
   PUTS: 2 # Clean evictions (from lower level)
   PUTX: 0 # Dirty evictions (from lower level)
   INV: 0 # Invalidates (from upper level)
   INVX: 0 # Downgrades (from upper level)
   FWD: 0 # Forwards (from upper level)
   latGETnl: 125550 # GET request latency on next level
   latGETnet: 0 # GET request latency on network to next level
  l3-0b2: # Cache stats
   hGETS: 905 # GETS hits
   hGETX: 7 # GETX hits
   mGETS: 284 # GETS misses
   mGETXIM: 1129 # GETX I->M misses
   mGETXSM: 0 # GETX S->M misses (upgrade misses)
   PUTS: 0 # Clean evictions (from lower level)
   PUTX: 0 # Dirty evictions (from lower level)
   INV: 0 # Invalidates (from upper level)
   INVX: 0 # Downgrades (from upper level)
   FWD: 0 # Forwards (from upper level)
   latGETnl: 127170 # GET request latency on next level
   latGETnet: 0 # GET request latency on network to next level
  l3-0b3: # Cache stats
   hGETS: 869 # GETS hits
   hGETX: 6 # GETX hits
   mGETS: 298 # GETS misses
   mGETXIM: 1107 # GETX I->M misses
   mGETXSM: 0 # GETX S->M misses (upgrade misses)
   PUTS: 0 # Clean evictions (from lower level)
   PUTX: 0 # Dirty evictions (from lower level)
   INV: 0 # Invalidates (from upper level)
   INVX: 0 # Downgrades (from upper level)
   FWD: 0 # Forwards (from upper level)
   latGETnl: 126450 # GET request latency on next level
   latGETnet: 0 # GET request latency on network to next level
  l3-0b4: # Cache stats
   hGETS: 841 # GETS hits
   hGETX: 3 # GETX hits
   mGETS: 280 # GETS misses
   mGETXIM: 1111 # GETX I->M misses
   mGETXSM: 0 # GETX S->M misses (upgrade misses)
   PUTS: 0 # Clean evictions (from lower level)
   PUTX: 0 # Dirty evictions (from lower level)
   INV: 0 # Invalidates (from upper level)
   INVX: 0 # Downgrades (from upper level)
   FWD: 0 # Forwards (from upper level)
   latGETnl: 125190 # GET request latency on next level
   latGETnet: 0 # GET request latency on network to next level
  l3-0b5: # Cache stats
   hGETS: 899 # GETS hits
   hGETX: 18 # GETX hits
   mGETS: 304 # GETS misses
   mGETXIM: 1104 # GETX I->M misses
   mGETXSM: 0 # GETX S->M misses (upgrade misses)
   PUTS: 1 # Clean evictions (from lower level)
   PUTX: 0 # Dirty evictions (from lower level)
   INV: 0 # Invalidates (from upper level)
   INVX: 0 # Downgrades (from upper level)
   FWD: 0 # Forwards (from upper level)
   latGETnl: 126720 # GET request latency on next level
   latGETnet: 0 # GET request latency on network to next level
  l3-0b6: # Cache stats
   hGETS: 878 # GETS hits
   hGETX: 13 # GETX hits
   mGETS: 298 # GETS misses
   mGETXIM: 1107 # GETX I->M misses
   mGETXSM: 0 # GETX S->M misses (upgrade misses)
   PUTS: 0 # Clean evictions (from lower level)
   PUTX: 0 # Dirty evictions (from lower level)
   INV: 0 # Invalidates (from upper level)
   INVX: 0 # Downgrades (from upper level)
   FWD: 0 # Forwards (from upper level)
   latGETnl: 126450 # GET request latency on next level
   latGETnet: 0 # GET request latency on network to next level
  l3-0b7: # Cache stats
   hGETS: 893 # GETS hits
   hGETX: 13 # GETX hits
   mGETS: 295 # GETS misses
   mGETXIM: 1121 # GETX I->M misses
   mGETXSM: 0 # GETX S->M misses (upgrade misses)
   PUTS: 0 # Clean evictions (from lower level)
   PUTX: 0 # Dirty evictions (from lower level)
   INV: 0 # Invalidates (from upper level)
   INVX: 0 # Downgrades (from upper level)
   FWD: 0 # Forwards (from upper level)
   latGETnl: 127440 # GET request latency on next level
   latGETnet: 0 # GET request latency on network to next level
 mem: # Memory controller stats
  mem-0: # Memory controller stats
   rd: 2847 # Read requests
   wr: 0 # Write requests
   rdlat: 531820 # Total latency experienced by read requests
   wrlat: 0 # Total latency experienced by write requests
   rdhits: 268 # Read row hits
   wrhits: 0 # Write row hits
   mlh: # latency histogram for memory requests
    0: 0
    1: 0
    2: 0
    3: 0
    4: 0
    5: 0
    6: 0
    7: 0
    8: 0
    9: 0
    10: 0
    11: 15
    12: 31
    13: 1822
    14: 222
    15: 102
    16: 84
    17: 34
    18: 40
    19: 28
    20: 30
    21: 27
    22: 27
    23: 22
    24: 17
    25: 17
    26: 11
    27: 6
    28: 5
    29: 7
    30: 5
    31: 12
    32: 3
    33: 6
    34: 7
    35: 7
    36: 7
    37: 2
    38: 2
    39: 1
    40: 8
    41: 7
    42: 4
    43: 6
    44: 4
    45: 6
    46: 8
    47: 2
    48: 3
    49: 2
    50: 4
    51: 3
    52: 8
    53: 7
    54: 7
    55: 2
    56: 9
    57: 10
    58: 5
    59: 9
    60: 16
    61: 16
    62: 10
    63: 13
    64: 7
    65: 2
    66: 1
    67: 4
    68: 5
    69: 10
    70: 5
    71: 4
    72: 4
    73: 5
    74: 7
    75: 6
    76: 6
    77: 4
    78: 2
    79: 3
    80: 0
    81: 0
    82: 3
    83: 0
    84: 1
    85: 0
    86: 0
    87: 0
    88: 0
    89: 0
    90: 0
    91: 0
    92: 0
    93: 0
    94: 0
    95: 0
    96: 0
    97: 0
    98: 0
    99: 0
  mem-1: # Memory controller stats
   rd: 2790 # Read requests
   wr: 0 # Write requests
   rdlat: 499875 # Total latency experienced by read requests
   wrlat: 0 # Total latency experienced by write requests
   rdhits: 267 # Read row hits
   wrhits: 0 # Write row hits
   mlh: # latency histogram for memory requests
    0: 0
    1: 0
    2: 0
    3: 0
    4: 0
    5: 0
    6: 0
    7: 0
    8: 0
    9: 0
    10: 0
    11: 13
    12: 25
    13: 1744
    14: 248
    15: 87
    16: 83
    17: 58
    18: 43
    19: 44
    20: 30
    21: 18
    22: 13
    23: 24
    24: 14
    25: 23
    26: 6
    27: 9
    28: 8
    29: 12
    30: 9
    31: 8
    32: 12
    33: 13
    34: 9
    35: 6
    36: 7
    37: 11
    38: 8
    39: 3
    40: 8
    41: 5
    42: 7
    43: 9
    44: 15
    45: 7
    46: 11
    47: 10
    48: 6
    49: 17
    50: 9
    51: 7
    52: 6
    53: 5
    54: 7
    55: 7
    56: 6
    57: 3
    58: 3
    59: 8
    60: 2
    61: 1
    62: 1
    63: 3
    64: 4
    65: 5
    66: 4
    67: 2
    68: 5
    69: 1
    70: 0
    71: 2
    72: 2
    73: 1
    74: 0
    75: 1
    76: 1
    77: 6
    78: 0
    79: 1
    80: 0
    81: 0
    82: 0
    83: 1
    84: 0
    85: 0
    86: 1
    87: 0
    88: 0
    89: 0
    90: 0
    91: 1
    92: 0
    93: 1
    94: 0
    95: 0
    96: 0
    97: 0
    98: 0
    99: 0
  mem-2: # Memory controller stats
   rd: 2788 # Read requests
   wr: 0 # Write requests
   rdlat: 510364 # Total latency experienced by read requests
   wrlat: 0 # Total latency experienced by write requests
   rdhits: 278 # Read row hits
   wrhits: 0 # Write row hits
   mlh: # latency histogram for memory requests
    0: 0
    1: 0
    2: 0
    3: 0
    4: 0
    5: 0
    6: 0
    7: 0
    8: 0
    9: 0
    10: 0
    11: 13
    12: 33
    13: 1776
    14: 209
    15: 103
    16: 95
    17: 35
    18: 42
    19: 35
    20: 26
    21: 31
    22: 21
    23: 15
    24: 15
    25: 17
    26: 8
    27: 9
    28: 11
    29: 12
    30: 15
    31: 5
    32: 5
    33: 2
    34: 8
    35: 4
    36: 8
    37: 5
    38: 2
    39: 2
    40: 3
    41: 5
    42: 5
    43: 4
    44: 2
    45: 4
    46: 9
    47: 9
    48: 7
    49: 7
    50: 4
    51: 10
    52: 9
    53: 11
    54: 12
    55: 6
    56: 7
    57: 13
    58: 8
    59: 10
    60: 4
    61: 6
    62: 4
    63: 4
    64: 5
    65: 8
    66: 4
    67: 4
    68: 6
    69: 7
    70: 4
    71: 2
    72: 3
    73: 4
    74: 4
    75: 3
    76: 3
    77: 2
    78: 1
    79: 0
    80: 2
    81: 0
    82: 1
    83: 0
    84: 0
    85: 0
    86: 0
    87: 0
    88: 0
    89: 0
    90: 0
    91: 0
    92: 0
    93: 0
    94: 0
    95: 0
    96: 0
    97: 0
    98: 0
    99: 0
  mem-3: # Memory controller stats
   rd: 2795 # Read requests
   wr: 0 # Write requests
   rdlat: 486908 # Total latency experienced by read requests
   wrlat: 0 # Total latency experienced by write requests
   rdhits: 261 # Read row hits
   wrhits: 0 # Write row hits
   mlh: # latency histogram for memory requests
    0: 0
    1: 0
    2: 0
    3: 0
    4: 0
    5: 0
    6: 0
    7: 0
    8: 0
    9: 0
    10: 0
    11: 10
    12: 41
    13: 1777
    14: 225
    15: 89
    16: 73
    17: 45
    18: 54
    19: 34
    20: 40
    21: 24
    22: 17
    23: 16
    24: 22
    25: 26
    26: 17
    27: 12
    28: 13
    29: 7
    30: 6
    31: 8
    32: 12
    33: 10
    34: 10
    35: 5
    36: 9
    37: 10
    38: 9
    39: 8
    40: 6
    41: 6
    42: 12
    43: 13
    44: 7
    45: 9
    46: 4
    47: 7
    48: 8
    49: 7
    50: 6
    51: 6
    52: 12
    53: 7
    54: 2
    55: 4
    56: 6
    57: 1
    58: 4
    59: 1
    60: 6
    61: 2
    62: 5
    63: 6
    64: 4
    65: 0
    66: 1
    67: 0
    68: 2
    69: 1
    70: 3
    71: 1
    72: 1
    73: 1
    74: 0
    75: 0
    76: 1
    77: 0
    78: 1
    79: 0
    80: 0
    81: 0
    82: 0
    83: 2
    84: 0
    85: 0
    86: 0
    87: 0
    88: 0
    89: 1
    90: 0
    91: 0
    92: 0
    93: 0
    94: 0
    95: 0
    96: 0
    97: 0
    98: 0
    99: 0
 sched: # Scheduler stats
  thCr: 9 # Threads created
  thFn: 0 # Threads finished
  schedEvs: 9 # Schedule events
  waitEvs: 1 # Wait events
  handoffEvs: 0 # Handoff events
  sleepEvs: 0 # Sleep events
  idlePhases: 0 # Phases with no thread active
  idlePeriods: 0 # Periods with no thread active
  occHist: # Occupancy histogram
   0: 0
   1: 1
   2: 0
   3: 0
   4: 0
   5: 0
   6: 0
   7: 0
   8: 40171
  rqSzHist: # Run queue size histogram
   0: 40171
   1: 1
   2: 0
   3: 0
   4: 0
   5: 0
   6: 0
   7: 0
   8: 0
   9: 0
   10: 0
   11: 0
   12: 0
   13: 0
   14: 0
   15: 0
   16: 0
 procCycles: # Per-process unhalted core cycles
  0: 3213690155
  1: 0
  2: 0
  3: 0
  4: 0
  5: 0
  6: 0
  7: 0
  8: 0
  9: 0
  10: 0
  11: 0
  12: 0
  13: 0
  14: 0
  15: 0
  16: 0
  17: 0
  18: 0
  19: 0
  20: 0
  21: 0
  22: 0
  23: 0
  24: 0
  25: 0
  26: 0
  27: 0
  28: 0
  29: 0
  30: 0
  31: 0
  32: 0
  33: 0
  34: 0
  35: 0
  36: 0
  37: 0
  38: 0
  39: 0
  40: 0
  41: 0
  42: 0
  43: 0
  44: 0
  45: 0
  46: 0
  47: 0
  48: 0
  49: 0
  50: 0
  51: 0
  52: 0
  53: 0
  54: 0
  55: 0
  56: 0
  57: 0
  58: 0
  59: 0
  60: 0
  61: 0
  62: 0
  63: 0
 procInstrs: # Per-process instructions
  0: 5000003965
  1: 0
  2: 0
  3: 0
  4: 0
  5: 0
  6: 0
  7: 0
  8: 0
  9: 0
  10: 0
  11: 0
  12: 0
  13: 0
  14: 0
  15: 0
  16: 0
  17: 0
  18: 0
  19: 0
  20: 0
  21: 0
  22: 0
  23: 0
  24: 0
  25: 0
  26: 0
  27: 0
  28: 0
  29: 0
  30: 0
  31: 0
  32: 0
  33: 0
  34: 0
  35: 0
  36: 0
  37: 0
  38: 0
  39: 0
  40: 0
  41: 0
  42: 0
  43: 0
  44: 0
  45: 0
  46: 0
  47: 0
  48: 0
  49: 0
  50: 0
  51: 0
  52: 0
  53: 0
  54: 0
  55: 0
  56: 0
  57: 0
  58: 0
  59: 0
  60: 0
  61: 0
  62: 0
  63: 0
 heartbeats: # Per-process heartbeats
  0: 0
  1: 0
  2: 0
  3: 0
  4: 0
  5: 0
  6: 0
  7: 0
  8: 0
  9: 0
  10: 0
  11: 0
  12: 0
  13: 0
  14: 0
  15: 0
  16: 0
  17: 0
  18: 0
  19: 0
  20: 0
  21: 0
  22: 0
  23: 0
  24: 0
  25: 0
  26: 0
  27: 0
  28: 0
  29: 0
  30: 0
  31: 0
  32: 0
  33: 0
  34: 0
  35: 0
  36: 0
  37: 0
  38: 0
  39: 0
  40: 0
  41: 0
  42: 0
  43: 0
  44: 0
  45: 0
  46: 0
  47: 0
  48: 0
  49: 0
  50: 0
  51: 0
  52: 0
  53: 0
  54: 0
  55: 0
  56: 0
  57: 0
  58: 0
  59: 0
  60: 0
  61: 0
  62: 0
  63: 0
===
root: # Stats
 contention: # Contention simulation stats
  domain-0: # Domain stats
   time: 522550774 # Weave simulation time
 time: # Simulator time breakdown
  init: 1471830102
  bound: 619409993806
  weave: 52828303315
  ff: 0
 trigger: 20000 # Reason for this stats dump
 phase: 40173 # Simulated phases
 westmere: # Core stats
  westmere-0: # Core stats
   cycles: 401730001 # Simulated unhalted cycles
   cCycles: 34130 # Cycles due to contention stalls
   instrs: 625004337 # Simulated instructions
   uops: 750419680 # Retired micro-ops
   bbls: 83820546 # Basic blocks
   approxInstrs: 6871086 # Instrs with approx uop decoding
   mispredBranches: 1800356 # Mispredicted branches
   condBranches: 64862945 # conditional branches
  westmere-1: # Core stats
   cycles: 401710001 # Simulated unhalted cycles
   cCycles: 28968 # Cycles due to contention stalls
   instrs: 624998001 # Simulated instructions
   uops: 750411553 # Retired micro-ops
   bbls: 83819394 # Basic blocks
   approxInstrs: 6871011 # Instrs with approx uop decoding
   mispredBranches: 1800302 # Mispredicted branches
   condBranches: 64862082 # conditional branches
  westmere-2: # Core stats
   cycles: 401710003 # Simulated unhalted cycles
   cCycles: 28271 # Cycles due to contention stalls
   instrs: 625001616 # Simulated instructions
   uops: 750416110 # Retired micro-ops
   bbls: 83819852 # Basic blocks
   approxInstrs: 6871130 # Instrs with approx uop decoding
   mispredBranches: 1800336 # Mispredicted branches
   condBranches: 64862345 # conditional branches
  westmere-3: # Core stats
   cycles: 401710001 # Simulated unhalted cycles
   cCycles: 27082 # Cycles due to contention stalls
   instrs: 625003555 # Simulated instructions
   uops: 750418500 # Retired micro-ops
   bbls: 83820130 # Basic blocks
   approxInstrs: 6871206 # Instrs with approx uop decoding
   mispredBranches: 1800353 # Mispredicted branches
   condBranches: 64862499 # conditional branches
  westmere-4: # Core stats
   cycles: 401710013 # Simulated unhalted cycles
   cCycles: 28963 # Cycles due to contention stalls
   instrs: 625001816 # Simulated instructions
   uops: 750416349 # Retired micro-ops
   bbls: 83819886 # Basic blocks
   approxInstrs: 6871140 # Instrs with approx uop decoding
   mispredBranches: 1800340 # Mispredicted branches
   condBranches: 64862363 # conditional branches
  westmere-5: # Core stats
   cycles: 401710001 # Simulated unhalted cycles
   cCycles: 26305 # Cycles due to contention stalls
   instrs: 625003193 # Simulated instructions
   uops: 750418046 # Retired micro-ops
   bbls: 83820078 # Basic blocks
   approxInstrs: 6871190 # Instrs with approx uop decoding
   mispredBranches: 1800351 # Mispredicted branches
   condBranches: 64862472 # conditional branches
  westmere-6: # Core stats
   cycles: 401710011 # Simulated unhalted cycles
   cCycles: 26288 # Cycles due to contention stalls
   instrs: 625001377 # Simulated instructions
   uops: 750415830 # Retired micro-ops
   bbls: 83819821 # Basic blocks
   approxInstrs: 6871123 # Instrs with approx uop decoding
   mispredBranches: 1800332 # Mispredicted branches
   condBranches: 64862323 # conditional branches
  westmere-7: # Core stats
   cycles: 401710003 # Simulated unhalted cycles
   cCycles: 26213 # Cycles due to contention stalls
   instrs: 624991889 # Simulated instructions
   uops: 750403975 # Retired micro-ops
   bbls: 83818568 # Basic blocks
   approxInstrs: 6870799 # Instrs with approx uop decoding
   mispredBranches: 1800241 # Mispredicted branches
   condBranches: 64861604 # conditional branches
 l1i: # Cache stats
  l1i-0: # Filter cache stats
   fhGETS: 112021162 # Filtered GETS hits
   fhGETX: 0 # Filtered GETX hits
   hGETS: 1226586 # GETS hits
   hGETX: 0 # GETX hits
   mGETS: 45522 # GETS misses
   mGETXIM: 0 # GETX I->M misses
   mGETXSM: 0 # GETX S->M misses (upgrade misses)
   PUTS: 0 # Clean evictions (from lower level)
   PUTX: 0 # Dirty evictions (from lower level)
   INV: 0 # Invalidates (from upper level)
   INVX: 0 # Downgrades (from upper level)
   FWD: 0 # Forwards (from upper level)
   latGETnl: 489084 # GET request latency on next level
   latGETnet: 0 # GET request latency on network to next level
  l1i-1: # Filter cache stats
   fhGETS: 112019933 # Filtered GETS hits
   fhGETX: 0 # Filtered GETX hits
   hGETS: 1226458 # GETS hits
   hGETX: 0 # GETX hits
   mGETS: 45450 # GETS misses
   mGETXIM: 0 # GETX I->M misses
   mGETXSM: 0 # GETX S->M misses (upgrade misses)
   PUTS: 0 # Clean evictions (from lower level)
   PUTX: 0 # Dirty evictions (from lower level)
   INV: 0 # Invalidates (from upper level)
   INVX: 0 # Downgrades (from upper level)
   FWD: 0 # Forwards (from upper level)
   latGETnl: 475890 # GET request latency on next level
   latGETnet: 0 # GET request latency on network to next level
  l1i-2: # Filter cache stats
   fhGETS: 112020680 # Filtered GETS hits
   fhGETX: 0 # Filtered GETX hits
   hGETS: 1226463 # GETS hits
   hGETX: 0 # GETX hits
   mGETS: 45451 # GETS misses
   mGETXIM: 0 # GETX I->M misses
   mGETXSM: 0 # GETX S->M misses (upgrade misses)
   PUTS: 0 # Clean evictions (from lower level)
   PUTX: 0 # Dirty evictions (from lower level)
   INV: 0 # Invalidates (from upper level)
   INVX: 0 # Downgrades (from upper level)
   FWD: 0 # Forwards (from upper level)
   latGETnl: 477562 # GET request latency on next level
   latGETnet: 0 # GET request latency on network to next level
  l1i-3: # Filter cache stats
   fhGETS: 112021176 # Filtered GETS hits
   fhGETX: 0 # Filtered GETX hits
   hGETS: 1226465 # GETS hits
   hGETX: 0 # GETX hits
   mGETS: 45450 # GETS misses
   mGETXIM: 0 # GETX I->M misses
   mGETXSM: 0 # GETX S->M misses (upgrade misses)
   PUTS: 0 # Clean evictions (from lower level)
   PUTX: 0 # Dirty evictions (from lower level)
   INV: 0 # Invalidates (from upper level)
   INVX: 0 # Downgrades (from upper level)
   FWD: 0 # Forwards (from upper level)
   latGETnl: 473820 # GET request latency on next level
   latGETnet: 0 # GET request latency on network to next level
  l1i-4: # Filter cache stats
   fhGETS: 112020755 # Filtered GETS hits
   fhGETX: 0 # Filtered GETX hits
   hGETS: 1226462 # GETS hits
   hGETX: 0 # GETX hits
   mGETS: 45453 # GETS misses
   mGETXIM: 0 # GETX I->M misses
   mGETXSM: 0 # GETX S->M misses (upgrade misses)
   PUTS: 0 # Clean evictions (from lower level)
   PUTX: 0 # Dirty evictions (from lower level)
   INV: 0 # Invalidates (from upper level)
   INVX: 0 # Downgrades (from upper level)
   FWD: 0 # Forwards (from upper level)
   latGETnl: 477270 # GET request latency on next level
   latGETnet: 0 # GET request latency on network to next level
  l1i-5: # Filter cache stats
   fhGETS: 112021055 # Filtered GETS hits
   fhGETX: 0 # Filtered GETX hits
   hGETS: 1226462 # GETS hits
   hGETX: 0 # GETX hits
   mGETS: 45453 # GETS misses
   mGETXIM: 0 # GETX I->M misses
   mGETXSM: 0 # GETX S->M misses (upgrade misses)
   PUTS: 0 # Clean evictions (from lower level)
   PUTX: 0 # Dirty evictions (from lower level)
   INV: 0 # Invalidates (from upper level)
   INVX: 0 # Downgrades (from upper level)
   FWD: 0 # Forwards (from upper level)
   latGETnl: 473580 # GET request latency on next level
   latGETnet: 0 # GET request latency on network to next level
  l1i-6: # Filter cache stats
   fhGETS: 112020621 # Filtered GETS hits
   fhGETX: 0 # Filtered GETX hits
   hGETS: 1226463 # GETS hits
   hGETX: 0 # GETX hits
   mGETS: 45453 # GETS misses
   mGETXIM: 0 # GETX I->M misses
   mGETXSM: 0 # GETX S->M misses (upgrade misses)
   PUTS: 0 # Clean evictions (from lower level)
   PUTX: 0 # Dirty evictions (from lower level)
   INV: 0 # Invalidates (from upper level)
   INVX: 0 # Downgrades (from upper level)
   FWD: 0 # Forwards (from upper level)
   latGETnl: 475920 # GET request latency on next level
   latGETnet: 0 # GET request latency on network to next level
  l1i-7: # Filter cache stats
   fhGETS: 112018562 # Filtered GETS hits
   fhGETX: 0 # Filtered GETX hits
   hGETS: 1226455 # GETS hits
   hGETX: 0 # GETX hits
   mGETS: 45448 # GETS misses
   mGETXIM: 0 # GETX I->M misses
   mGETXSM: 0 # GETX S->M misses (upgrade misses)
   PUTS: 0 # Clean evictions (from lower level)
   PUTX: 0 # Dirty evictions (from lower level)
   INV: 0 # Invalidates (from upper level)
   INVX: 0 # Downgrades (from upper level)
   FWD: 0 # Forwards (from upper level)
   latGETnl: 473638 # GET request latency on next level
   latGETnet: 0 # GET request latency on network to next level
 l1d: # Cache stats
  l1d-0: # Filter cache stats
   fhGETS: 160719190 # Filtered GETS hits
   fhGETX: 38020283 # Filtered GETX hits
   hGETS: 11350150 # GETS hits
   hGETX: 11671877 # GETX hits
   mGETS: 1336097 # GETS misses
   mGETXIM: 1113039 # GETX I->M misses
   mGETXSM: 5 # GETX S->M misses (upgrade misses)
   PUTS: 0 # Clean evictions (from lower level)
   PUTX: 0 # Dirty evictions (from lower level)
   INV: 33 # Invalidates (from upper level)
   INVX: 58 # Downgrades (from upper level)
   FWD: 0 # Forwards (from upper level)
   latGETnl: 24664966 # GET request latency on next level
   latGETnet: 0 # GET request latency on network to next level
  l1d-1: # Filter cache stats
   fhGETS: 160964601 # Filtered GETS hits
   fhGETX: 38006299 # Filtered GETX hits
   hGETS: 11103723 # GETS hits
   hGETX: 11692227 # GETX hits
   mGETS: 1335861 # GETS misses
   mGETXIM: 1105340 # GETX I->M misses
   mGETXSM: 5 # GETX S->M misses (upgrade misses)
   PUTS: 0 # Clean evictions (from lower level)
   PUTX: 0 # Dirty evictions (from lower level)
   INV: 9 # Invalidates (from upper level)
   INVX: 64 # Downgrades (from upper level)
   FWD: 0 # Forwards (from upper level)
   latGETnl: 24571015 # GET request latency on next level
   latGETnet: 0 # GET request latency on network to next level
  l1d-2: # Filter cache stats
   fhGETS: 160942490 # Filtered GETS hits
   fhGETX: 38008592 # Filtered GETX hits
   hGETS: 11127123 # GETS hits
   hGETX: 11690536 # GETX hits
   mGETS: 1335762 # GETS misses
   mGETXIM: 1104948 # GETX I->M misses
   mGETXSM: 6 # GETX S->M misses (upgrade misses)
   PUTS: 0 # Clean evictions (from lower level)
   PUTX: 0 # Dirty evictions (from lower level)
   INV: 8 # Invalidates (from upper level)
   INVX: 13 # Downgrades (from upper level)
   FWD: 0 # Forwards (from upper level)
   latGETnl: 24560920 # GET request latency on next level
   latGETnet: 0 # GET request latency on network to next level
  l1d-3: # Filter cache stats
   fhGETS: 158523961 # Filtered GETS hits
   fhGETX: 38012033 # Filtered GETX hits
   hGETS: 13543798 # GETS hits
   hGETX: 11684647 # GETX hits
   mGETS: 1338194 # GETS misses
   mGETXIM: 1107506 # GETX I->M misses
   mGETXSM: 4 # GETX S->M misses (upgrade misses)
   PUTS: 0 # Clean evictions (from lower level)
   PUTX: 0 # Dirty evictions (from lower level)
   INV: 8 # Invalidates (from upper level)
   INVX: 37 # Downgrades (from upper level)
   FWD: 0 # Forwards (from upper level)
   latGETnl: 24613101 # GET request latency on next level
   latGETnet: 0 # GET request latency on network to next level
  l1d-4: # Filter cache stats
   fhGETS: 157167818 # Filtered GETS hits
   fhGETX: 37699597 # Filtered GETX hits
   hGETS: 14899619 # GETS hits
   hGETX: 12005874 # GETX hits
   mGETS: 1337987 # GETS misses
   mGETXIM: 1098616 # GETX I->M misses
   mGETXSM: 5 # GETX S->M misses (upgrade misses)
   PUTS: 0 # Clean evictions (from lower level)
   PUTX: 0 # Dirty evictions (from lower level)
   INV: 7 # Invalidates (from upper level)
   INVX: 30 # Downgrades (from upper level)
   FWD: 0 # Forwards (from upper level)
   latGETnl: 24520834 # GET request latency on next level
   latGETnet: 0 # GET request latency on network to next level
  l1d-5: # Filter cache stats
   fhGETS: 156224405 # Filtered GETS hits
   fhGETX: 37728196 # Filtered GETX hits
   hGETS: 15842128 # GETS hits
   hGETX: 11975166 # GETX hits
   mGETS: 1339309 # GETS misses
   mGETXIM: 1100799 # GETX I->M misses
   mGETXSM: 5 # GETX S->M misses (upgrade misses)
   PUTS: 0 # Clean evictions (from lower level)
   PUTX: 0 # Dirty evictions (from lower level)
   INV: 6 # Invalidates (from upper level)
   INVX: 88 # Downgrades (from upper level)
   FWD: 0 # Forwards (from upper level)
   latGETnl: 24561260 # GET request latency on next level
   latGETnet: 0 # GET request latency on network to next level
  l1d-6: # Filter cache stats
   fhGETS: 160823089 # Filtered GETS hits
   fhGETX: 38008116 # Filtered GETX hits
   hGETS: 11244928 # GETS hits
   hGETX: 11691788 # GETX hits
   mGETS: 1337307 # GETS misses
   mGETXIM: 1104157 # GETX I->M misses
   mGETXSM: 5 # GETX S->M misses (upgrade misses)
   PUTS: 0 # Clean evictions (from lower level)
   PUTX: 0 # Dirty evictions (from lower level)
   INV: 8 # Invalidates (from upper level)
   INVX: 67 # Downgrades (from upper level)
   FWD: 0 # Forwards (from upper level)
   latGETnl: 24572997 # GET request latency on next level
   latGETnet: 0 # GET request latency on network to next level
  l1d-7: # Filter cache stats
   fhGETS: 161001694 # Filtered GETS hits
   fhGETX: 38008914 # Filtered GETX hits
   hGETS: 11062937 # GETS hits
   hGETX: 11693417 # GETX hits
   mGETS: 1337681 # GETS misses
   mGETXIM: 1101194 # GETX I->M misses
   mGETXSM: 5 # GETX S->M misses (upgrade misses)
   PUTS: 0 # Clean evictions (from lower level)
   PUTX: 0 # Dirty evictions (from lower level)
   INV: 8 # Invalidates (from upper level)
   INVX: 82 # Downgrades (from upper level)
   FWD: 0 # Forwards (from upper level)
   latGETnl: 24548887 # GET request latency on next level
   latGETnet: 0 # GET request latency on network to next level
 l2: # Cache stats
  l2-0: # Cache stats
   hGETS: 1380367 # GETS hits
   hGETX: 1111818 # GETX hits
   mGETS: 1252 # GETS misses
   mGETXIM: 1221 # GETX I->M misses
   mGETXSM: 5 # GETX S->M misses (upgrade misses)
   PUTS: 1190151 # Clean evictions (from lower level)
   PUTX: 1303470 # Dirty evictions (from lower level)
   INV: 37 # Invalidates (from upper level)
   INVX: 61 # Downgrades (from upper level)
   FWD: 0 # Forwards (from upper level)
   latGETnl: 207420 # GET request latency on next level
   latGETnet: 0 # GET request latency on network to next level
  l2-1: # Cache stats
   hGETS: 1380143 # GETS hits
   hGETX: 1104245 # GETX hits
   mGETS: 1168 # GETS misses
   mGETXIM: 1095 # GETX I->M misses
   mGETXSM: 5 # GETX S->M misses (upgrade misses)
   PUTS: 1190342 # Clean evictions (from lower level)
   PUTX: 1295306 # Dirty evictions (from lower level)
   INV: 9 # Invalidates (from upper level)
   INVX: 64 # Downgrades (from upper level)
   FWD: 0 # Forwards (from upper level)
   latGETnl: 180345 # GET request latency on next level
   latGETnet: 0 # GET request latency on network to next level
  l2-2: # Cache stats
   hGETS: 1380048 # GETS hits
   hGETX: 1103853 # GETX hits
   mGETS: 1165 # GETS misses
   mGETXIM: 1095 # GETX I->M misses
   mGETXSM: 6 # GETX S->M misses (upgrade misses)
   PUTS: 1190006 # Clean evictions (from lower level)
   PUTX: 1295154 # Dirty evictions (from lower level)
   INV: 8 # Invalidates (from upper level)
   INVX: 13 # Downgrades (from upper level)
   FWD: 0 # Forwards (from upper level)
   latGETnl: 176812 # GET request latency on next level
   latGETnet: 0 # GET request latency on network to next level
  l2-3: # Cache stats
   hGETS: 1382477 # GETS hits
   hGETX: 1106411 # GETX hits
   mGETS: 1167 # GETS misses
   mGETXIM: 1095 # GETX I->M misses
   mGETXSM: 4 # GETX S->M misses (upgrade misses)
   PUTS: 1191918 # Clean evictions (from lower level)
   PUTX: 1298230 # Dirty evictions (from lower level)
   INV: 8 # Invalidates (from upper level)
   INVX: 37 # Downgrades (from upper level)
   FWD: 0 # Forwards (from upper level)
   latGETnl: 175381 # GET request latency on next level
   latGETnet: 0 # GET request latency on network to next level
  l2-4: # Cache stats
   hGETS: 1382274 # GETS hits
   hGETX: 1097521 # GETX hits
   mGETS: 1166 # GETS misses
   mGETXIM: 1095 # GETX I->M misses
   mGETXSM: 5 # GETX S->M misses (upgrade misses)
   PUTS: 1192767 # Clean evictions (from lower level)
   PUTX: 1288288 # Dirty evictions (from lower level)
   INV: 7 # Invalidates (from upper level)
   INVX: 30 # Downgrades (from upper level)
   FWD: 0 # Forwards (from upper level)
   latGETnl: 177494 # GET request latency on next level
   latGETnet: 0 # GET request latency on network to next level
  l2-5: # Cache stats
   hGETS: 1383597 # GETS hits
   hGETX: 1099704 # GETX hits
   mGETS: 1165 # GETS misses
   mGETXIM: 1095 # GETX I->M misses
   mGETXSM: 5 # GETX S->M misses (upgrade misses)
   PUTS: 1191406 # Clean evictions (from lower level)
   PUTX: 1293155 # Dirty evictions (from lower level)
   INV: 6 # Invalidates (from upper level)
   INVX: 88 # Downgrades (from upper level)
   FWD: 0 # Forwards (from upper level)
   latGETnl: 179180 # GET request latency on next level
   latGETnet: 0 # GET request latency on network to next level
  l2-6: # Cache stats
   hGETS: 1381593 # GETS hits
   hGETX: 1103062 # GETX hits
   mGETS: 1167 # GETS misses
   mGETXIM: 1095 # GETX I->M misses
   mGETXSM: 5 # GETX S->M misses (upgrade misses)
   PUTS: 1191091 # Clean evictions (from lower level)
   PUTX: 1294824 # Dirty evictions (from lower level)
   INV: 8 # Invalidates (from upper level)
   INVX: 67 # Downgrades (from upper level)
   FWD: 0 # Forwards (from upper level)
   latGETnl: 179697 # GET request latency on next level
   latGETnet: 0 # GET request latency on network to next level
  l2-7: # Cache stats
   hGETS: 1381966 # GETS hits
   hGETX: 1100098 # GETX hits
   mGETS: 1163 # GETS misses
   mGETXIM: 1096 # GETX I->M misses
   mGETXSM: 5 # GETX S->M misses (upgrade misses)
   PUTS: 1192947 # Clean evictions (from lower level)
   PUTX: 1290375 # Dirty evictions (from lower level)
   INV: 8 # Invalidates (from upper level)
   INVX: 82 # Downgrades (from upper level)
   FWD: 0 # Forwards (from upper level)
   latGETnl: 179245 # GET request latency on next level
   latGETnet: 0 # GET request latency on network to next level
 l3: # Cache stats
  l3-0b0: # Cache stats
   hGETS: 867 # GETS hits
   hGETX: 3 # GETX hits
   mGETS: 297 # GETS misses
   mGETXIM: 1090 # GETX I->M misses
   mGETXSM: 0 # GETX S->M misses (upgrade misses)
   PUTS: 0 # Clean evictions (from lower level)
   PUTX: 0 # Dirty evictions (from lower level)
   INV: 0 # Invalidates (from upper level)
   INVX: 0 # Downgrades (from upper level)
   FWD: 0 # Forwards (from upper level)
   latGETnl: 124830 # GET request latency on next level
   latGETnet: 0 # GET request latency on network to next level
  l3-0b1: # Cache stats
   hGETS: 896 # GETS hits
   hGETX: 11 # GETX hits
   mGETS: 306 # GETS misses
   mGETXIM: 1089 # GETX I->M misses
   mGETXSM: 0 # GETX S->M misses (upgrade misses)
   PUTS: 1 # Clean evictions (from lower level)
   PUTX: 0 # Dirty evictions (from lower level)
   INV: 0 # Invalidates (from upper level)
   INVX: 0 # Downgrades (from upper level)
   FWD: 0 # Forwards (from upper level)
   latGETnl: 125550 # GET request latency on next level
   latGETnet: 0 # GET request latency on network to next level
  l3-0b2: # Cache stats
   hGETS: 906 # GETS hits
   hGETX: 5 # GETX hits
   mGETS: 284 # GETS misses
   mGETXIM: 1129 # GETX I->M misses
   mGETXSM: 0 # GETX S->M misses (upgrade misses)
   PUTS: 0 # Clean evictions (from lower level)
   PUTX: 0 # Dirty evictions (from lower level)
   INV: 0 # Invalidates (from upper level)
   INVX: 0 # Downgrades (from upper level)
   FWD: 0 # Forwards (from upper level)
   latGETnl: 127170 # GET request latency on next level
   latGETnet: 0 # GET request latency on network to next level
  l3-0b3: # Cache stats
   hGETS: 870 # GETS hits
   hGETX: 5 # GETX hits
   mGETS: 298 # GETS misses
   mGETXIM: 1107 # GETX I->M misses
   mGETXSM: 0 # GETX S->M misses (upgrade misses)
   PUTS: 0 # Clean evictions (from lower level)
   PUTX: 0 # Dirty evictions (from lower level)
   INV: 0 # Invalidates (from upper level)
   INVX: 0 # Downgrades (from upper level)
   FWD: 0 # Forwards (from upper level)
   latGETnl: 126450 # GET request latency on next level
   latGETnet: 0 # GET request latency on network to next level
  l3-0b4: # Cache stats
   hGETS: 844 # GETS hits
   hGETX: 4 # GETX hits
   mGETS: 280 # GETS misses
   mGETXIM: 1111 # GETX I->M misses
   mGETXSM: 0 # GETX S->M misses (upgrade misses)
   PUTS: 0 # Clean evictions (from lower level)
   PUTX: 0 # Dirty evictions (from lower level)
   INV: 0 # Invalidates (from upper level)
   INVX: 0 # Downgrades (from upper level)
   FWD: 0 # Forwards (from upper level)
   latGETnl: 125190 # GET request latency on next level
   latGETnet: 0 # GET request latency on network to next level
  l3-0b5: # Cache stats
   hGETS: 895 # GETS hits
   hGETX: 14 # GETX hits
   mGETS: 304 # GETS misses
   mGETXIM: 1104 # GETX I->M misses
   mGETXSM: 0 # GETX S->M misses (upgrade misses)
   PUTS: 0 # Clean evictions (from lower level)
   PUTX: 0 # Dirty evictions (from lower level)
   INV: 0 # Invalidates (from upper level)
   INVX: 0 # Downgrades (from upper level)
   FWD: 0 # Forwards (from upper level)
   latGETnl: 126720 # GET request latency on next level
   latGETnet: 0 # GET request latency on network to next level
  l3-0b6: # Cache stats
   hGETS: 877 # GETS hits
   hGETX: 13 # GETX hits
   mGETS: 298 # GETS misses
   mGETXIM: 1107 # GETX I->M misses
   mGETXSM: 0 # GETX S->M misses (upgrade misses)
   PUTS: 0 # Clean evictions (from lower level)
   PUTX: 0 # Dirty evictions (from lower level)
   INV: 0 # Invalidates (from upper level)
   INVX: 0 # Downgrades (from upper level)
   FWD: 0 # Forwards (from upper level)
   latGETnl: 126450 # GET request latency on next level
   latGETnet: 0 # GET request latency on network to next level
  l3-0b7: # Cache stats
   hGETS: 896 # GETS hits
   hGETX: 14 # GETX hits
   mGETS: 295 # GETS misses
   mGETXIM: 1121 # GETX I->M misses
   mGETXSM: 0 # GETX S->M misses (upgrade misses)
   PUTS: 1 # Clean evictions (from lower level)
   PUTX: 0 # Dirty evictions (from lower level)
   INV: 0 # Invalidates (from upper level)
   INVX: 0 # Downgrades (from upper level)
   FWD: 0 # Forwards (from upper level)
   latGETnl: 127440 # GET request latency on next level
   latGETnet: 0 # GET request latency on network to next level
 mem: # Memory controller stats
  mem-0: # Memory controller stats
   rd: 2847 # Read requests
   wr: 0 # Write requests
   rdlat: 644302 # Total latency experienced by read requests
   wrlat: 0 # Total latency experienced by write requests
   rdhits: 277 # Read row hits
   wrhits: 0 # Write row hits
   mlh: # latency histogram for memory requests
    0: 0
    1: 0
    2: 0
    3: 0
    4: 0
    5: 0
    6: 0
    7: 0
    8: 0
    9: 0
    10: 0
    11: 7
    12: 23
    13: 1770
    14: 234
    15: 92
    16: 67
    17: 39
    18: 37
    19: 27
    20: 19
    21: 20
    22: 24
    23: 16
    24: 17
    25: 13
    26: 6
    27: 11
    28: 8
    29: 2
    30: 6
    31: 3
    32: 2
    33: 4
    34: 3
    35: 3
    36: 6
    37: 3
    38: 2
    39: 3
    40: 3
    41: 2
    42: 5
    43: 4
    44: 3
    45: 0
    46: 4
    47: 4
    48: 2
    49: 0
    50: 1
    51: 2
    52: 6
    53: 3
    54: 3
    55: 2
    56: 4
    57: 6
    58: 4
    59: 5
    60: 6
    61: 6
    62: 7
    63: 7
    64: 6
    65: 8
    66: 11
    67: 1
    68: 3
    69: 3
    70: 6
    71: 12
    72: 8
    73: 15
    74: 8
    75: 14
    76: 14
    77: 16
    78: 13
    79: 7
    80: 10
    81: 9
    82: 7
    83: 8
    84: 12
    85: 8
    86: 10
    87: 7
    88: 8
    89: 7
    90: 4
    91: 3
    92: 7
    93: 6
    94: 6
    95: 4
    96: 6
    97: 5
    98: 1
    99: 18
  mem-1: # Memory controller stats
   rd: 2790 # Read requests
   wr: 0 # Write requests
   rdlat: 548129 # Total latency experienced by read requests
   wrlat: 0 # Total latency experienced by write requests
   rdhits: 286 # Read row hits
   wrhits: 0 # Write row hits
   mlh: # latency histogram for memory requests
    0: 0
    1: 0
    2: 0
    3: 0
    4: 0
    5: 0
    6: 0
    7: 0
    8: 0
    9: 0
    10: 0
    11: 8
    12: 28
    13: 1772
    14: 217
    15: 99
    16: 64
    17: 41
    18: 22
    19: 27
    20: 24
    21: 16
    22: 20
    23: 18
    24: 34
    25: 23
    26: 22
    27: 14
    28: 6
    29: 9
    30: 7
    31: 10
    32: 5
    33: 4
    34: 2
    35: 4
    36: 5
    37: 5
    38: 8
    39: 7
    40: 8
    41: 8
    42: 9
    43: 6
    44: 1
    45: 3
    46: 4
    47: 4
    48: 6
    49: 5
    50: 5
    51: 2
    52: 1
    53: 4
    54: 5
    55: 4
    56: 2
    57: 5
    58: 5
    59: 4
    60: 9
    61: 5
    62: 6
    63: 9
    64: 8
    65: 2
    66: 5
    67: 11
    68: 16
    69: 11
    70: 8
    71: 8
    72: 13
    73: 9
    74: 9
    75: 7
    76: 10
    77: 6
    78: 4
    79: 1
    80: 4
    81: 4
    82: 1
    83: 2
    84: 2
    85: 3
    86: 1
    87: 0
    88: 0
    89: 0
    90: 2
    91: 0
    92: 0
    93: 0
    94: 1
    95: 0
    96: 1
    97: 0
    98: 0
    99: 0
  mem-2: # Memory controller stats
   rd: 2788 # Read requests
   wr: 0 # Write requests
   rdlat: 587979 # Total latency experienced by read requests
   wrlat: 0 # Total latency experienced by write requests
   rdhits: 286 # Read row hits
   wrhits: 0 # Write row hits
   mlh: # latency histogram for memory requests
    0: 0
    1: 0
    2: 0
    3: 0
    4: 0
    5: 0
    6: 0
    7: 0
    8: 0
    9: 0
    10: 0
    11: 8
    12: 25
    13: 1726
    14: 219
    15: 98
    16: 86
    17: 28
    18: 21
    19: 22
    20: 29
    21: 27
    22: 19
    23: 10
    24: 14
    25: 16
    26: 11
    27: 16
    28: 10
    29: 7
    30: 5
    31: 4
    32: 4
    33: 4
    34: 4
    35: 7
    36: 7
    37: 4
    38: 6
    39: 4
    40: 4
    41: 6
    42: 7
    43: 4
    44: 4
    45: 3
    46: 5
    47: 7
    48: 5
    49: 8
    50: 5
    51: 9
    52: 7
    53: 10
    54: 5
    55: 3
    56: 7
    57: 6
    58: 5
    59: 11
    60: 5
    61: 7
    62: 9
    63: 3
    64: 5
    65: 12
    66: 10
    67: 11
    68: 15
    69: 12
    70: 5
    71: 6
    72: 7
    73: 7
    74: 12
    75: 13
    76: 8
    77: 14
    78: 13
    79: 4
    80: 6
    81: 10
    82: 6
    83: 4
    84: 4
    85: 3
    86: 3
    87: 5
    88: 0
    89: 1
    90: 3
    91: 1
    92: 1
    93: 0
    94: 0
    95: 0
    96: 1
    97: 0
    98: 0
    99: 0
  mem-3: # Memory controller stats
   rd: 2795 # Read requests
   wr: 0 # Write requests
   rdlat: 531164 # Total latency experienced by read requests
   wrlat: 0 # Total latency experienced by write requests
   rdhits: 266 # Read row hits
   wrhits: 0 # Write row hits
   mlh: # latency histogram for memory requests
    0: 0
    1: 0
    2: 0
    3: 0
    4: 0
    5: 0
    6: 0
    7: 0
    8: 0
    9: 0
    10: 0
    11: 3
    12: 25
    13: 1748
    14: 242
    15: 97
    16: 80
    17: 27
    18: 31
    19: 34
    20: 26
    21: 34
    22: 20
    23: 25
    24: 25
    25: 21
    26: 18
    27: 10
    28: 7
    29: 11
    30: 6
    31: 8
    32: 7
    33: 0
    34: 10
    35: 6
    36: 9
    37: 6
    38: 10
    39: 8
    40: 5
    41: 4
    42: 4
    43: 4
    44: 5
    45: 2
    46: 5
    47: 4
    48: 2
    49: 7
    50: 6
    51: 8
    52: 9
    53: 7
    54: 6
    55: 5
    56: 6
    57: 7
    58: 8
    59: 5
    60: 9
    61: 8
    62: 5
    63: 13
    64: 10
    65: 10
    66: 10
    67: 8
    68: 10
    69: 9
    70: 8
    71: 3
    72: 2
    73: 8
    74: 4
    75: 1
    76: 4
    77: 3
    78: 1
    79: 1
    80: 0
    81: 2
    82: 0
    83: 1
    84: 0
    85: 0
    86: 1
    87: 0
    88: 0
    89: 0
    90: 0
    91: 0
    92: 0
    93: 0
    94: 0
    95: 0
    96: 0
    97: 0
    98: 0
    99: 1
 sched: # Scheduler stats
  thCr: 9 # Threads created
  thFn: 0 # Threads finished
  schedEvs: 9 # Schedule events
  waitEvs: 1 # Wait events
  handoffEvs: 0 # Handoff events
  sleepEvs: 0 # Sleep events
  idlePhases: 0 # Phases with no thread active
  idlePeriods: 0 # Periods with no thread active
  occHist: # Occupancy histogram
   0: 0
   1: 2
   2: 0
   3: 0
   4: 0
   5: 0
   6: 0
   7: 0
   8: 40171
  rqSzHist: # Run queue size histogram
   0: 40173
   1: 0
   2: 0
   3: 0
   4: 0
   5: 0
   6: 0
   7: 0
   8: 0
   9: 0
   10: 0
   11: 0
   12: 0
   13: 0
   14: 0
   15: 0
   16: 0
 procCycles: # Per-process unhalted core cycles
  0: 3213700034
  1: 0
  2: 0
  3: 0
  4: 0
  5: 0
  6: 0
  7: 0
  8: 0
  9: 0
  10: 0
  11: 0
  12: 0
  13: 0
  14: 0
  15: 0
  16: 0
  17: 0
  18: 0
  19: 0
  20: 0
  21: 0
  22: 0
  23: 0
  24: 0
  25: 0
  26: 0
  27: 0
  28: 0
  29: 0
  30: 0
  31: 0
  32: 0
  33: 0
  34: 0
  35: 0
  36: 0
  37: 0
  38: 0
  39: 0
  40: 0
  41: 0
  42: 0
  43: 0
  44: 0
  45: 0
  46: 0
  47: 0
  48: 0
  49: 0
  50: 0
  51: 0
  52: 0
  53: 0
  54: 0
  55: 0
  56: 0
  57: 0
  58: 0
  59: 0
  60: 0
  61: 0
  62: 0
  63: 0
 procInstrs: # Per-process instructions
  0: 5000005784
  1: 0
  2: 0
  3: 0
  4: 0
  5: 0
  6: 0
  7: 0
  8: 0
  9: 0
  10: 0
  11: 0
  12: 0
  13: 0
  14: 0
  15: 0
  16: 0
  17: 0
  18: 0
  19: 0
  20: 0
  21: 0
  22: 0
  23: 0
  24: 0
  25: 0
  26: 0
  27: 0
  28: 0
  29: 0
  30: 0
  31: 0
  32: 0
  33: 0
  34: 0
  35: 0
  36: 0
  37: 0
  38: 0
  39: 0
  40: 0
  41: 0
  42: 0
  43: 0
  44: 0
  45: 0
  46: 0
  47: 0
  48: 0
  49: 0
  50: 0
  51: 0
  52: 0
  53: 0
  54: 0
  55: 0
  56: 0
  57: 0
  58: 0
  59: 0
  60: 0
  61: 0
  62: 0
  63: 0
 heartbeats: # Per-process heartbeats
  0: 0
  1: 0
  2: 0
  3: 0
  4: 0
  5: 0
  6: 0
  7: 0
  8: 0
  9: 0
  10: 0
  11: 0
  12: 0
  13: 0
  14: 0
  15: 0
  16: 0
  17: 0
  18: 0
  19: 0
  20: 0
  21: 0
  22: 0
  23: 0
  24: 0
  25: 0
  26: 0
  27: 0
  28: 0
  29: 0
  30: 0
  31: 0
  32: 0
  33: 0
  34: 0
  35: 0
  36: 0
  37: 0
  38: 0
  39: 0
  40: 0
  41: 0
  42: 0
  43: 0
  44: 0
  45: 0
  46: 0
  47: 0
  48: 0
  49: 0
  50: 0
  51: 0
  52: 0
  53: 0
  54: 0
  55: 0
  56: 0
  57: 0
  58: 0
  59: 0
  60: 0
  61: 0
  62: 0
  63: 0
===
