# zsim stats
===
root: # Stats
 contention: # Contention simulation stats
  domain-0: # Domain stats
   time: 462258977 # Weave simulation time
 time: # Simulator time breakdown
  init: 2335998063848
  bound: 29715424323
  weave: 16725300149
  ff: 0
 trigger: 20000 # Reason for this stats dump
 phase: 11928 # Simulated phases
 westmere: # Core stats
  westmere-0: # Core stats
   cycles: 119280031 # Simulated unhalted cycles
   cCycles: 6998463 # Cycles due to contention stalls
   instrs: 100007239 # Simulated instructions
   uops: 119787652 # Retired micro-ops
   bbls: 21918044 # Basic blocks
   approxInstrs: 220015 # Instrs with approx uop decoding
   mispredBranches: 1066327 # Mispredicted branches
   condBranches: 17192578 # conditional branches
 l1i: # Cache stats
  l1i-0: # Filter cache stats
   fhGETS: 24317838 # Filtered GETS hits
   fhGETX: 0 # Filtered GETX hits
   hGETS: 1894210 # GETS hits
   hGETX: 0 # GETX hits
   mGETS: 677767 # GETS misses
   mGETXIM: 0 # GETX I->M misses
   mGETXSM: 0 # GETX S->M misses (upgrade misses)
   PUTS: 0 # Clean evictions (from lower level)
   PUTX: 0 # Dirty evictions (from lower level)
   INV: 9 # Invalidates (from upper level)
   INVX: 0 # Downgrades (from upper level)
   FWD: 0 # Forwards (from upper level)
   latGETnl: 8503864 # GET request latency on next level
   latGETnet: 0 # GET request latency on network to next level
 l1d: # Cache stats
  l1d-0: # Filter cache stats
   fhGETS: 22689882 # Filtered GETS hits
   fhGETX: 16070730 # Filtered GETX hits
   hGETS: 1711858 # GETS hits
   hGETX: 930366 # GETX hits
   mGETS: 1514355 # GETS misses
   mGETXIM: 2010872 # GETX I->M misses
   mGETXSM: 0 # GETX S->M misses (upgrade misses)
   PUTS: 0 # Clean evictions (from lower level)
   PUTX: 0 # Dirty evictions (from lower level)
   INV: 4 # Invalidates (from upper level)
   INVX: 0 # Downgrades (from upper level)
   FWD: 0 # Forwards (from upper level)
   latGETnl: 99498332 # GET request latency on next level
   latGETnet: 0 # GET request latency on network to next level
 l2: # Cache stats
  l2-0: # Cache stats
   hGETS: 1136792 # GETS hits
   hGETX: 1245078 # GETX hits
   mGETS: 1055330 # GETS misses
   mGETXIM: 765794 # GETX I->M misses
   mGETXSM: 0 # GETX S->M misses (upgrade misses)
   PUTS: 1825916 # Clean evictions (from lower level)
   PUTX: 2376041 # Dirty evictions (from lower level)
   INV: 5 # Invalidates (from upper level)
   INVX: 0 # Downgrades (from upper level)
   FWD: 0 # Forwards (from upper level)
   latGETnl: 65972256 # GET request latency on next level
   latGETnet: 0 # GET request latency on network to next level
 l3: # Cache stats
  l3-0: # Cache stats
   hGETS: 862351 # GETS hits
   hGETX: 711381 # GETX hits
   mGETS: 192979 # GETS misses
   mGETXIM: 54413 # GETX I->M misses
   mGETXSM: 0 # GETX S->M misses (upgrade misses)
   PUTS: 876663 # Clean evictions (from lower level)
   PUTX: 940360 # Dirty evictions (from lower level)
   INV: 0 # Invalidates (from upper level)
   INVX: 0 # Downgrades (from upper level)
   FWD: 0 # Forwards (from upper level)
   latGETnl: 22265280 # GET request latency on next level
   latGETnet: 0 # GET request latency on network to next level
 mem: # Memory controller stats
  mem-0: # Memory controller stats
   rd: 64464 # Read requests
   wr: 16132 # Write requests
   rdlat: 8656081 # Total latency experienced by read requests
   wrlat: 2380783 # Total latency experienced by write requests
   rdhits: 21 # Read row hits
   wrhits: 23 # Write row hits
   mlh: # latency histogram for memory requests
    0: 0
    1: 0
    2: 0
    3: 0
    4: 0
    5: 0
    6: 0
    7: 0
    8: 0
    9: 0
    10: 0
    11: 0
    12: 0
    13: 62273
    14: 558
    15: 469
    16: 178
    17: 42
    18: 33
    19: 57
    20: 41
    21: 39
    22: 34
    23: 34
    24: 37
    25: 32
    26: 25
    27: 23
    28: 33
    29: 36
    30: 36
    31: 36
    32: 41
    33: 38
    34: 35
    35: 38
    36: 48
    37: 38
    38: 42
    39: 36
    40: 26
    41: 47
    42: 37
    43: 12
    44: 0
    45: 3
    46: 5
    47: 1
    48: 1
    49: 0
    50: 0
    51: 0
    52: 0
    53: 0
    54: 0
    55: 0
    56: 0
    57: 0
    58: 0
    59: 0
    60: 0
    61: 0
    62: 0
    63: 0
    64: 0
    65: 0
    66: 0
    67: 0
    68: 0
    69: 0
    70: 0
    71: 0
    72: 0
    73: 0
    74: 0
    75: 0
    76: 0
    77: 0
    78: 0
    79: 0
    80: 0
    81: 0
    82: 0
    83: 0
    84: 0
    85: 0
    86: 0
    87: 0
    88: 0
    89: 0
    90: 0
    91: 0
    92: 0
    93: 0
    94: 0
    95: 0
    96: 0
    97: 0
    98: 0
    99: 0
  mem-1: # Memory controller stats
   rd: 58969 # Read requests
   wr: 15506 # Write requests
   rdlat: 7913796 # Total latency experienced by read requests
   wrlat: 2278789 # Total latency experienced by write requests
   rdhits: 30 # Read row hits
   wrhits: 25 # Write row hits
   mlh: # latency histogram for memory requests
    0: 0
    1: 0
    2: 0
    3: 0
    4: 0
    5: 0
    6: 0
    7: 0
    8: 0
    9: 0
    10: 0
    11: 1
    12: 10
    13: 56964
    14: 465
    15: 461
    16: 190
    17: 40
    18: 34
    19: 44
    20: 42
    21: 33
    22: 33
    23: 43
    24: 35
    25: 32
    26: 22
    27: 19
    28: 16
    29: 23
    30: 38
    31: 26
    32: 44
    33: 29
    34: 37
    35: 43
    36: 27
    37: 35
    38: 25
    39: 37
    40: 26
    41: 35
    42: 30
    43: 16
    44: 3
    45: 3
    46: 1
    47: 5
    48: 1
    49: 0
    50: 0
    51: 0
    52: 1
    53: 0
    54: 0
    55: 0
    56: 0
    57: 0
    58: 0
    59: 0
    60: 0
    61: 0
    62: 0
    63: 0
    64: 0
    65: 0
    66: 0
    67: 0
    68: 0
    69: 0
    70: 0
    71: 0
    72: 0
    73: 0
    74: 0
    75: 0
    76: 0
    77: 0
    78: 0
    79: 0
    80: 0
    81: 0
    82: 0
    83: 0
    84: 0
    85: 0
    86: 0
    87: 0
    88: 0
    89: 0
    90: 0
    91: 0
    92: 0
    93: 0
    94: 0
    95: 0
    96: 0
    97: 0
    98: 0
    99: 0
  mem-2: # Memory controller stats
   rd: 64840 # Read requests
   wr: 16126 # Write requests
   rdlat: 8699592 # Total latency experienced by read requests
   wrlat: 2381000 # Total latency experienced by write requests
   rdhits: 27 # Read row hits
   wrhits: 22 # Write row hits
   mlh: # latency histogram for memory requests
    0: 0
    1: 0
    2: 0
    3: 0
    4: 0
    5: 0
    6: 0
    7: 0
    8: 0
    9: 0
    10: 0
    11: 1
    12: 17
    13: 62666
    14: 512
    15: 524
    16: 193
    17: 33
    18: 32
    19: 41
    20: 35
    21: 32
    22: 38
    23: 30
    24: 36
    25: 34
    26: 27
    27: 24
    28: 32
    29: 24
    30: 30
    31: 31
    32: 47
    33: 44
    34: 33
    35: 34
    36: 37
    37: 48
    38: 35
    39: 34
    40: 43
    41: 39
    42: 30
    43: 11
    44: 8
    45: 3
    46: 1
    47: 1
    48: 0
    49: 0
    50: 0
    51: 0
    52: 0
    53: 0
    54: 0
    55: 0
    56: 0
    57: 0
    58: 0
    59: 0
    60: 0
    61: 0
    62: 0
    63: 0
    64: 0
    65: 0
    66: 0
    67: 0
    68: 0
    69: 0
    70: 0
    71: 0
    72: 0
    73: 0
    74: 0
    75: 0
    76: 0
    77: 0
    78: 0
    79: 0
    80: 0
    81: 0
    82: 0
    83: 0
    84: 0
    85: 0
    86: 0
    87: 0
    88: 0
    89: 0
    90: 0
    91: 0
    92: 0
    93: 0
    94: 0
    95: 0
    96: 0
    97: 0
    98: 0
    99: 0
  mem-3: # Memory controller stats
   rd: 59119 # Read requests
   wr: 15490 # Write requests
   rdlat: 7933855 # Total latency experienced by read requests
   wrlat: 2278018 # Total latency experienced by write requests
   rdhits: 14 # Read row hits
   wrhits: 20 # Write row hits
   mlh: # latency histogram for memory requests
    0: 0
    1: 0
    2: 0
    3: 0
    4: 0
    5: 0
    6: 0
    7: 0
    8: 0
    9: 0
    10: 0
    11: 2
    12: 2
    13: 57080
    14: 478
    15: 464
    16: 219
    17: 39
    18: 41
    19: 43
    20: 46
    21: 29
    22: 28
    23: 21
    24: 26
    25: 27
    26: 24
    27: 33
    28: 33
    29: 31
    30: 26
    31: 38
    32: 44
    33: 32
    34: 25
    35: 35
    36: 39
    37: 35
    38: 36
    39: 32
    40: 34
    41: 28
    42: 27
    43: 12
    44: 6
    45: 0
    46: 3
    47: 0
    48: 0
    49: 0
    50: 1
    51: 0
    52: 0
    53: 0
    54: 0
    55: 0
    56: 0
    57: 0
    58: 0
    59: 0
    60: 0
    61: 0
    62: 0
    63: 0
    64: 0
    65: 0
    66: 0
    67: 0
    68: 0
    69: 0
    70: 0
    71: 0
    72: 0
    73: 0
    74: 0
    75: 0
    76: 0
    77: 0
    78: 0
    79: 0
    80: 0
    81: 0
    82: 0
    83: 0
    84: 0
    85: 0
    86: 0
    87: 0
    88: 0
    89: 0
    90: 0
    91: 0
    92: 0
    93: 0
    94: 0
    95: 0
    96: 0
    97: 0
    98: 0
    99: 0
 sched: # Scheduler stats
  thCr: 1 # Threads created
  thFn: 1 # Threads finished
  schedEvs: 1 # Schedule events
  waitEvs: 0 # Wait events
  handoffEvs: 0 # Handoff events
  sleepEvs: 0 # Sleep events
  idlePhases: 0 # Phases with no thread active
  idlePeriods: 0 # Periods with no thread active
  occHist: # Occupancy histogram
   0: 0
   1: 11928
  rqSzHist: # Run queue size histogram
   0: 11928
   1: 0
   2: 0
   3: 0
   4: 0
   5: 0
   6: 0
   7: 0
   8: 0
   9: 0
   10: 0
   11: 0
   12: 0
   13: 0
   14: 0
   15: 0
   16: 0
 procCycles: # Per-process unhalted core cycles
  0: 119280031
  1: 0
  2: 0
  3: 0
  4: 0
  5: 0
  6: 0
  7: 0
  8: 0
  9: 0
  10: 0
  11: 0
  12: 0
  13: 0
  14: 0
  15: 0
  16: 0
  17: 0
  18: 0
  19: 0
  20: 0
  21: 0
  22: 0
  23: 0
  24: 0
  25: 0
  26: 0
  27: 0
  28: 0
  29: 0
  30: 0
  31: 0
  32: 0
  33: 0
  34: 0
  35: 0
  36: 0
  37: 0
  38: 0
  39: 0
  40: 0
  41: 0
  42: 0
  43: 0
  44: 0
  45: 0
  46: 0
  47: 0
  48: 0
  49: 0
  50: 0
  51: 0
  52: 0
  53: 0
  54: 0
  55: 0
  56: 0
  57: 0
  58: 0
  59: 0
  60: 0
  61: 0
  62: 0
  63: 0
 procInstrs: # Per-process instructions
  0: 100007239
  1: 0
  2: 0
  3: 0
  4: 0
  5: 0
  6: 0
  7: 0
  8: 0
  9: 0
  10: 0
  11: 0
  12: 0
  13: 0
  14: 0
  15: 0
  16: 0
  17: 0
  18: 0
  19: 0
  20: 0
  21: 0
  22: 0
  23: 0
  24: 0
  25: 0
  26: 0
  27: 0
  28: 0
  29: 0
  30: 0
  31: 0
  32: 0
  33: 0
  34: 0
  35: 0
  36: 0
  37: 0
  38: 0
  39: 0
  40: 0
  41: 0
  42: 0
  43: 0
  44: 0
  45: 0
  46: 0
  47: 0
  48: 0
  49: 0
  50: 0
  51: 0
  52: 0
  53: 0
  54: 0
  55: 0
  56: 0
  57: 0
  58: 0
  59: 0
  60: 0
  61: 0
  62: 0
  63: 0
 heartbeats: # Per-process heartbeats
  0: 0
  1: 0
  2: 0
  3: 0
  4: 0
  5: 0
  6: 0
  7: 0
  8: 0
  9: 0
  10: 0
  11: 0
  12: 0
  13: 0
  14: 0
  15: 0
  16: 0
  17: 0
  18: 0
  19: 0
  20: 0
  21: 0
  22: 0
  23: 0
  24: 0
  25: 0
  26: 0
  27: 0
  28: 0
  29: 0
  30: 0
  31: 0
  32: 0
  33: 0
  34: 0
  35: 0
  36: 0
  37: 0
  38: 0
  39: 0
  40: 0
  41: 0
  42: 0
  43: 0
  44: 0
  45: 0
  46: 0
  47: 0
  48: 0
  49: 0
  50: 0
  51: 0
  52: 0
  53: 0
  54: 0
  55: 0
  56: 0
  57: 0
  58: 0
  59: 0
  60: 0
  61: 0
  62: 0
  63: 0
===
